2024-01-06 06:31:29,021 [background-preinit] INFO  org.hibernate.validator.internal.util.Version(<clinit>:21) - HV000001: Hibernate Validator 8.0.0.Final
2024-01-06 06:31:29,038 [main] INFO  com.mjuAppSW.joA.JProjectApplication(logStarting:51) - Starting JProjectApplication using Java 17.0.5 with PID 9882 (/Users/mimi/Desktop/JProject/build/classes/java/main started by mimi in /Users/mimi/Desktop/JProject)
2024-01-06 06:31:29,677 [main] INFO  com.mjuAppSW.joA.JProjectApplication(logStartupProfileInfo:640) - The following 1 profile is active: "prod"
2024-01-06 06:31:30,136 [main] INFO  org.springframework.data.repository.config.RepositoryConfigurationDelegate(registerRepositoriesIn:138) - Bootstrapping Spring Data JPA repositories in DEFAULT mode.
2024-01-06 06:31:30,172 [main] INFO  org.springframework.data.repository.config.RepositoryConfigurationDelegate(registerRepositoriesIn:208) - Finished Spring Data repository scanning in 31 ms. Found 11 JPA repository interfaces.
2024-01-06 06:31:30,173 [main] INFO  org.springframework.data.repository.config.RepositoryConfigurationDelegate(registerRepositoriesIn:138) - Bootstrapping Spring Data JPA repositories in DEFAULT mode.
2024-01-06 06:31:30,179 [main] INFO  org.springframework.data.repository.config.RepositoryConfigurationDelegate(registerRepositoriesIn:208) - Finished Spring Data repository scanning in 5 ms. Found 3 JPA repository interfaces.
2024-01-06 06:31:30,450 [main] INFO  com.ulisesbocchio.jasyptspringboot.configuration.EnableEncryptablePropertiesBeanFactoryPostProcessor(postProcessBeanFactory:44) - Post-processing PropertySource instances
2024-01-06 06:31:30,453 [main] INFO  com.ulisesbocchio.jasyptspringboot.EncryptablePropertySourceConverter(makeEncryptable:105) - Skipping PropertySource configurationProperties [class org.springframework.boot.context.properties.source.ConfigurationPropertySourcesPropertySource
2024-01-06 06:31:30,453 [main] INFO  com.ulisesbocchio.jasyptspringboot.EncryptablePropertySourceConverter(makeEncryptable:105) - Skipping PropertySource servletConfigInitParams [class org.springframework.core.env.PropertySource$StubPropertySource
2024-01-06 06:31:30,453 [main] INFO  com.ulisesbocchio.jasyptspringboot.EncryptablePropertySourceConverter(makeEncryptable:105) - Skipping PropertySource servletContextInitParams [class org.springframework.core.env.PropertySource$StubPropertySource
2024-01-06 06:31:30,454 [main] INFO  com.ulisesbocchio.jasyptspringboot.EncryptablePropertySourceConverter(makeEncryptable:110) - Converting PropertySource systemProperties [org.springframework.core.env.PropertiesPropertySource] to EncryptableMapPropertySourceWrapper
2024-01-06 06:31:30,454 [main] INFO  com.ulisesbocchio.jasyptspringboot.EncryptablePropertySourceConverter(makeEncryptable:110) - Converting PropertySource systemEnvironment [org.springframework.boot.env.SystemEnvironmentPropertySourceEnvironmentPostProcessor$OriginAwareSystemEnvironmentPropertySource] to EncryptableSystemEnvironmentPropertySourceWrapper
2024-01-06 06:31:30,454 [main] INFO  com.ulisesbocchio.jasyptspringboot.EncryptablePropertySourceConverter(makeEncryptable:110) - Converting PropertySource random [org.springframework.boot.env.RandomValuePropertySource] to EncryptablePropertySourceWrapper
2024-01-06 06:31:30,454 [main] INFO  com.ulisesbocchio.jasyptspringboot.EncryptablePropertySourceConverter(makeEncryptable:110) - Converting PropertySource Config resource 'class path resource [application-prod.yml]' via location 'optional:classpath:/' [org.springframework.boot.env.OriginTrackedMapPropertySource] to EncryptableMapPropertySourceWrapper
2024-01-06 06:31:30,454 [main] INFO  com.ulisesbocchio.jasyptspringboot.EncryptablePropertySourceConverter(makeEncryptable:110) - Converting PropertySource Config resource 'class path resource [application.yml]' via location 'optional:classpath:/' [org.springframework.boot.env.OriginTrackedMapPropertySource] to EncryptableMapPropertySourceWrapper
2024-01-06 06:31:30,633 [main] INFO  org.springframework.boot.web.embedded.tomcat.TomcatWebServer(initialize:108) - Tomcat initialized with port(s): 8080 (http)
2024-01-06 06:31:30,640 [main] INFO  org.apache.coyote.http11.Http11NioProtocol(log:173) - Initializing ProtocolHandler ["http-nio-8080"]
2024-01-06 06:31:30,641 [main] INFO  org.apache.catalina.core.StandardService(log:173) - Starting service [Tomcat]
2024-01-06 06:31:30,641 [main] INFO  org.apache.catalina.core.StandardEngine(log:173) - Starting Servlet engine: [Apache Tomcat/10.1.10]
2024-01-06 06:31:30,685 [main] INFO  org.apache.catalina.core.ContainerBase.[Tomcat].[localhost].[/](log:173) - Initializing Spring embedded WebApplicationContext
2024-01-06 06:31:30,686 [main] INFO  org.springframework.boot.web.servlet.context.ServletWebServerApplicationContext(prepareWebApplicationContext:291) - Root WebApplicationContext: initialization completed in 820 ms
2024-01-06 06:31:30,720 [main] INFO  com.ulisesbocchio.jasyptspringboot.filter.DefaultLazyPropertyFilter(lambda$new$2:45) - Property Filter custom Bean not found with name 'encryptablePropertyFilter'. Initializing Default Property Filter
2024-01-06 06:31:30,724 [main] INFO  com.ulisesbocchio.jasyptspringboot.resolver.DefaultLazyPropertyResolver(lambda$new$2:46) - Property Resolver custom Bean not found with name 'encryptablePropertyResolver'. Initializing Default Property Resolver
2024-01-06 06:31:30,725 [main] INFO  com.ulisesbocchio.jasyptspringboot.detector.DefaultLazyPropertyDetector(lambda$new$2:44) - Property Detector custom Bean not found with name 'encryptablePropertyDetector'. Initializing Default Property Detector
2024-01-06 06:31:30,760 [main] INFO  org.hibernate.jpa.internal.util.LogHelper(logPersistenceUnitInformation:31) - HHH000204: Processing PersistenceUnitInfo [name: default]
2024-01-06 06:31:30,791 [main] INFO  org.hibernate.Version(logVersion:44) - HHH000412: Hibernate ORM core version 6.2.5.Final
2024-01-06 06:31:30,792 [main] INFO  org.hibernate.cfg.Environment(<clinit>:191) - HHH000406: Using bytecode reflection optimizer
2024-01-06 06:31:30,796 [main] INFO  org.hibernate.spatial.integration.SpatialService(<init>:42) - HHH80000001: hibernate-spatial integration enabled : true
2024-01-06 06:31:30,864 [main] INFO  com.zaxxer.hikari.HikariDataSource(getConnection:110) - HikariPool-1 - Starting...
2024-01-06 06:31:31,024 [main] INFO  com.zaxxer.hikari.pool.HikariPool(checkFailFast:565) - HikariPool-1 - Added connection com.mysql.cj.jdbc.ConnectionImpl@6ceb11f9
2024-01-06 06:31:31,025 [main] INFO  com.zaxxer.hikari.HikariDataSource(getConnection:123) - HikariPool-1 - Start completed.
2024-01-06 06:31:31,096 [main] INFO  org.hibernate.spatial(contributeJdbcTypes:28) - HHH80000003: hibernate-spatial adding type contributions from : org.hibernate.spatial.dialect.mysql.MySQLDialectContributor
2024-01-06 06:31:31,149 [main] INFO  org.hibernate.bytecode.internal.BytecodeProviderInitiator(buildBytecodeProvider:53) - HHH000021: Bytecode provider name : bytebuddy
2024-01-06 06:31:31,217 [main] INFO  org.springframework.orm.jpa.persistenceunit.SpringPersistenceUnitInfo(addTransformer:87) - No LoadTimeWeaver setup: ignoring JPA class transformer
2024-01-06 06:31:31,226 [main] INFO  org.hibernate.spatial(contributeJdbcTypes:28) - HHH80000003: hibernate-spatial adding type contributions from : org.hibernate.spatial.dialect.mysql.MySQLDialectContributor
2024-01-06 06:31:31,347 [main] INFO  org.hibernate.bytecode.internal.BytecodeProviderInitiator(buildBytecodeProvider:53) - HHH000021: Bytecode provider name : bytebuddy
2024-01-06 06:31:31,402 [main] INFO  org.hibernate.spatial(contributeFunctions:34) - HHH80000004: hibernate-spatial adding function contributions from : org.hibernate.spatial.dialect.mysql.MySQLDialectContributor
2024-01-06 06:31:31,773 [main] INFO  org.hibernate.engine.transaction.jta.platform.internal.JtaPlatformInitiator(initiateService:51) - HHH000490: Using JtaPlatform implementation: [org.hibernate.engine.transaction.jta.platform.internal.NoJtaPlatform]
2024-01-06 06:31:31,878 [main] INFO  org.springframework.orm.jpa.LocalContainerEntityManagerFactoryBean(buildNativeEntityManagerFactory:437) - Initialized JPA EntityManagerFactory for persistence unit 'default'
2024-01-06 06:31:31,886 [main] INFO  org.hibernate.jpa.internal.util.LogHelper(logPersistenceUnitInformation:31) - HHH000204: Processing PersistenceUnitInfo [name: default]
2024-01-06 06:31:31,889 [main] INFO  org.hibernate.spatial.integration.SpatialService(<init>:42) - HHH80000001: hibernate-spatial integration enabled : true
2024-01-06 06:31:31,892 [main] INFO  com.zaxxer.hikari.HikariDataSource(getConnection:110) - HikariPool-2 - Starting...
2024-01-06 06:31:32,188 [main] INFO  com.zaxxer.hikari.pool.HikariPool(checkFailFast:565) - HikariPool-2 - Added connection org.postgresql.jdbc.PgConnection@1bff4b1f
2024-01-06 06:31:32,188 [main] INFO  com.zaxxer.hikari.HikariDataSource(getConnection:123) - HikariPool-2 - Start completed.
2024-01-06 06:31:32,232 [main] INFO  org.hibernate.spatial(contributeJdbcTypes:28) - HHH80000003: hibernate-spatial adding type contributions from : org.hibernate.spatial.dialect.postgis.PostgisDialectContributor
2024-01-06 06:31:32,253 [main] INFO  org.hibernate.bytecode.internal.BytecodeProviderInitiator(buildBytecodeProvider:53) - HHH000021: Bytecode provider name : bytebuddy
2024-01-06 06:31:32,254 [main] INFO  org.springframework.orm.jpa.persistenceunit.SpringPersistenceUnitInfo(addTransformer:87) - No LoadTimeWeaver setup: ignoring JPA class transformer
2024-01-06 06:31:32,257 [main] INFO  org.hibernate.spatial(contributeJdbcTypes:28) - HHH80000003: hibernate-spatial adding type contributions from : org.hibernate.spatial.dialect.postgis.PostgisDialectContributor
2024-01-06 06:31:32,263 [main] INFO  org.hibernate.bytecode.internal.BytecodeProviderInitiator(buildBytecodeProvider:53) - HHH000021: Bytecode provider name : bytebuddy
2024-01-06 06:31:32,269 [main] INFO  org.hibernate.spatial(contributeFunctions:41) - HHH80000004: hibernate-spatial adding function contributions from : org.hibernate.spatial.dialect.postgis.PostgisDialectContributor
2024-01-06 06:31:32,291 [main] INFO  org.hibernate.engine.transaction.jta.platform.internal.JtaPlatformInitiator(initiateService:51) - HHH000490: Using JtaPlatform implementation: [org.hibernate.engine.transaction.jta.platform.internal.NoJtaPlatform]
2024-01-06 06:31:32,369 [main] INFO  org.springframework.orm.jpa.LocalContainerEntityManagerFactoryBean(buildNativeEntityManagerFactory:437) - Initialized JPA EntityManagerFactory for persistence unit 'default'
2024-01-06 06:31:32,497 [main] INFO  org.springframework.data.jpa.repository.query.QueryEnhancerFactory(<clinit>:47) - Hibernate is in classpath; If applicable, HQL parser will be used.
2024-01-06 06:31:33,374 [main] WARN  org.springframework.boot.autoconfigure.orm.jpa.JpaBaseConfiguration$JpaWebConfiguration(openEntityManagerInViewInterceptor:231) - spring.jpa.open-in-view is enabled by default. Therefore, database queries may be performed during view rendering. Explicitly configure spring.jpa.open-in-view to disable this warning
2024-01-06 06:31:33,733 [main] INFO  org.apache.coyote.http11.Http11NioProtocol(log:173) - Starting ProtocolHandler ["http-nio-8080"]
2024-01-06 06:31:33,745 [main] INFO  org.springframework.boot.web.embedded.tomcat.TomcatWebServer(start:220) - Tomcat started on port(s): 8080 (http) with context path ''
2024-01-06 06:31:33,745 [main] INFO  com.ulisesbocchio.jasyptspringboot.caching.RefreshScopeRefreshedEventListener(onApplicationEvent:70) - Refreshing cached encryptable property sources on ServletWebServerInitializedEvent
2024-01-06 06:31:33,746 [main] INFO  com.ulisesbocchio.jasyptspringboot.caching.CachingDelegateEncryptablePropertySource(refresh:92) - Property Source systemProperties refreshed
2024-01-06 06:31:33,746 [main] INFO  com.ulisesbocchio.jasyptspringboot.caching.CachingDelegateEncryptablePropertySource(refresh:92) - Property Source systemEnvironment refreshed
2024-01-06 06:31:33,746 [main] INFO  com.ulisesbocchio.jasyptspringboot.caching.CachingDelegateEncryptablePropertySource(refresh:92) - Property Source random refreshed
2024-01-06 06:31:33,746 [main] INFO  com.ulisesbocchio.jasyptspringboot.caching.CachingDelegateEncryptablePropertySource(refresh:92) - Property Source Config resource 'class path resource [application-prod.yml]' via location 'optional:classpath:/' refreshed
2024-01-06 06:31:33,746 [main] INFO  com.ulisesbocchio.jasyptspringboot.caching.CachingDelegateEncryptablePropertySource(refresh:92) - Property Source Config resource 'class path resource [application.yml]' via location 'optional:classpath:/' refreshed
2024-01-06 06:31:33,746 [main] INFO  com.ulisesbocchio.jasyptspringboot.EncryptablePropertySourceConverter(makeEncryptable:105) - Skipping PropertySource configurationProperties [class org.springframework.boot.context.properties.source.ConfigurationPropertySourcesPropertySource
2024-01-06 06:31:33,746 [main] INFO  com.ulisesbocchio.jasyptspringboot.EncryptablePropertySourceConverter(makeEncryptable:105) - Skipping PropertySource servletConfigInitParams [class org.springframework.core.env.PropertySource$StubPropertySource
2024-01-06 06:31:33,746 [main] INFO  com.ulisesbocchio.jasyptspringboot.EncryptablePropertySourceConverter(makeEncryptable:110) - Converting PropertySource servletContextInitParams [org.springframework.web.context.support.ServletContextPropertySource] to EncryptableEnumerablePropertySourceWrapper
2024-01-06 06:31:33,754 [main] INFO  com.mjuAppSW.joA.JProjectApplication(logStarted:57) - Started JProjectApplication in 4.889 seconds (process running for 5.28)
2024-01-06 06:31:45,341 [SpringApplicationShutdownHook] INFO  org.springframework.orm.jpa.LocalContainerEntityManagerFactoryBean(destroy:650) - Closing JPA EntityManagerFactory for persistence unit 'default'
2024-01-06 06:31:45,342 [SpringApplicationShutdownHook] INFO  com.zaxxer.hikari.HikariDataSource(close:350) - HikariPool-2 - Shutdown initiated...
2024-01-06 06:31:45,344 [SpringApplicationShutdownHook] INFO  com.zaxxer.hikari.HikariDataSource(close:352) - HikariPool-2 - Shutdown completed.
2024-01-06 06:31:45,344 [SpringApplicationShutdownHook] INFO  org.springframework.orm.jpa.LocalContainerEntityManagerFactoryBean(destroy:650) - Closing JPA EntityManagerFactory for persistence unit 'default'
2024-01-06 06:31:45,345 [SpringApplicationShutdownHook] INFO  com.zaxxer.hikari.HikariDataSource(close:350) - HikariPool-1 - Shutdown initiated...
2024-01-06 06:31:45,477 [SpringApplicationShutdownHook] INFO  com.zaxxer.hikari.HikariDataSource(close:352) - HikariPool-1 - Shutdown completed.
2024-01-06 07:03:26,924 [background-preinit] INFO  org.hibernate.validator.internal.util.Version(<clinit>:21) - HV000001: Hibernate Validator 8.0.0.Final
2024-01-06 07:03:26,943 [main] INFO  com.mjuAppSW.joA.JProjectApplication(logStarting:51) - Starting JProjectApplication using Java 17.0.5 with PID 10277 (/Users/mimi/Desktop/JProject/build/classes/java/main started by mimi in /Users/mimi/Desktop/JProject)
2024-01-06 07:03:27,531 [main] INFO  com.mjuAppSW.joA.JProjectApplication(logStartupProfileInfo:640) - The following 1 profile is active: "prod"
2024-01-06 07:03:27,979 [main] INFO  org.springframework.data.repository.config.RepositoryConfigurationDelegate(registerRepositoriesIn:138) - Bootstrapping Spring Data JPA repositories in DEFAULT mode.
2024-01-06 07:03:28,013 [main] INFO  org.springframework.data.repository.config.RepositoryConfigurationDelegate(registerRepositoriesIn:208) - Finished Spring Data repository scanning in 29 ms. Found 11 JPA repository interfaces.
2024-01-06 07:03:28,014 [main] INFO  org.springframework.data.repository.config.RepositoryConfigurationDelegate(registerRepositoriesIn:138) - Bootstrapping Spring Data JPA repositories in DEFAULT mode.
2024-01-06 07:03:28,020 [main] INFO  org.springframework.data.repository.config.RepositoryConfigurationDelegate(registerRepositoriesIn:208) - Finished Spring Data repository scanning in 5 ms. Found 3 JPA repository interfaces.
2024-01-06 07:03:28,286 [main] INFO  com.ulisesbocchio.jasyptspringboot.configuration.EnableEncryptablePropertiesBeanFactoryPostProcessor(postProcessBeanFactory:44) - Post-processing PropertySource instances
2024-01-06 07:03:28,288 [main] INFO  com.ulisesbocchio.jasyptspringboot.EncryptablePropertySourceConverter(makeEncryptable:105) - Skipping PropertySource configurationProperties [class org.springframework.boot.context.properties.source.ConfigurationPropertySourcesPropertySource
2024-01-06 07:03:28,288 [main] INFO  com.ulisesbocchio.jasyptspringboot.EncryptablePropertySourceConverter(makeEncryptable:105) - Skipping PropertySource servletConfigInitParams [class org.springframework.core.env.PropertySource$StubPropertySource
2024-01-06 07:03:28,288 [main] INFO  com.ulisesbocchio.jasyptspringboot.EncryptablePropertySourceConverter(makeEncryptable:105) - Skipping PropertySource servletContextInitParams [class org.springframework.core.env.PropertySource$StubPropertySource
2024-01-06 07:03:28,289 [main] INFO  com.ulisesbocchio.jasyptspringboot.EncryptablePropertySourceConverter(makeEncryptable:110) - Converting PropertySource systemProperties [org.springframework.core.env.PropertiesPropertySource] to EncryptableMapPropertySourceWrapper
2024-01-06 07:03:28,289 [main] INFO  com.ulisesbocchio.jasyptspringboot.EncryptablePropertySourceConverter(makeEncryptable:110) - Converting PropertySource systemEnvironment [org.springframework.boot.env.SystemEnvironmentPropertySourceEnvironmentPostProcessor$OriginAwareSystemEnvironmentPropertySource] to EncryptableSystemEnvironmentPropertySourceWrapper
2024-01-06 07:03:28,289 [main] INFO  com.ulisesbocchio.jasyptspringboot.EncryptablePropertySourceConverter(makeEncryptable:110) - Converting PropertySource random [org.springframework.boot.env.RandomValuePropertySource] to EncryptablePropertySourceWrapper
2024-01-06 07:03:28,289 [main] INFO  com.ulisesbocchio.jasyptspringboot.EncryptablePropertySourceConverter(makeEncryptable:110) - Converting PropertySource Config resource 'class path resource [application-prod.yml]' via location 'optional:classpath:/' [org.springframework.boot.env.OriginTrackedMapPropertySource] to EncryptableMapPropertySourceWrapper
2024-01-06 07:03:28,289 [main] INFO  com.ulisesbocchio.jasyptspringboot.EncryptablePropertySourceConverter(makeEncryptable:110) - Converting PropertySource Config resource 'class path resource [application.yml]' via location 'optional:classpath:/' [org.springframework.boot.env.OriginTrackedMapPropertySource] to EncryptableMapPropertySourceWrapper
2024-01-06 07:03:28,457 [main] INFO  org.springframework.boot.web.embedded.tomcat.TomcatWebServer(initialize:108) - Tomcat initialized with port(s): 8080 (http)
2024-01-06 07:03:28,463 [main] INFO  org.apache.coyote.http11.Http11NioProtocol(log:173) - Initializing ProtocolHandler ["http-nio-8080"]
2024-01-06 07:03:28,463 [main] INFO  org.apache.catalina.core.StandardService(log:173) - Starting service [Tomcat]
2024-01-06 07:03:28,464 [main] INFO  org.apache.catalina.core.StandardEngine(log:173) - Starting Servlet engine: [Apache Tomcat/10.1.10]
2024-01-06 07:03:28,503 [main] INFO  org.apache.catalina.core.ContainerBase.[Tomcat].[localhost].[/](log:173) - Initializing Spring embedded WebApplicationContext
2024-01-06 07:03:28,504 [main] INFO  org.springframework.boot.web.servlet.context.ServletWebServerApplicationContext(prepareWebApplicationContext:291) - Root WebApplicationContext: initialization completed in 795 ms
2024-01-06 07:03:28,535 [main] INFO  com.ulisesbocchio.jasyptspringboot.filter.DefaultLazyPropertyFilter(lambda$new$2:45) - Property Filter custom Bean not found with name 'encryptablePropertyFilter'. Initializing Default Property Filter
2024-01-06 07:03:28,539 [main] INFO  com.ulisesbocchio.jasyptspringboot.resolver.DefaultLazyPropertyResolver(lambda$new$2:46) - Property Resolver custom Bean not found with name 'encryptablePropertyResolver'. Initializing Default Property Resolver
2024-01-06 07:03:28,540 [main] INFO  com.ulisesbocchio.jasyptspringboot.detector.DefaultLazyPropertyDetector(lambda$new$2:44) - Property Detector custom Bean not found with name 'encryptablePropertyDetector'. Initializing Default Property Detector
2024-01-06 07:03:28,575 [main] INFO  org.hibernate.jpa.internal.util.LogHelper(logPersistenceUnitInformation:31) - HHH000204: Processing PersistenceUnitInfo [name: default]
2024-01-06 07:03:28,601 [main] INFO  org.hibernate.Version(logVersion:44) - HHH000412: Hibernate ORM core version 6.2.5.Final
2024-01-06 07:03:28,603 [main] INFO  org.hibernate.cfg.Environment(<clinit>:191) - HHH000406: Using bytecode reflection optimizer
2024-01-06 07:03:28,606 [main] INFO  org.hibernate.spatial.integration.SpatialService(<init>:42) - HHH80000001: hibernate-spatial integration enabled : true
2024-01-06 07:03:28,667 [main] INFO  com.zaxxer.hikari.HikariDataSource(getConnection:110) - HikariPool-1 - Starting...
2024-01-06 07:03:28,847 [main] INFO  com.zaxxer.hikari.pool.HikariPool(checkFailFast:565) - HikariPool-1 - Added connection com.mysql.cj.jdbc.ConnectionImpl@4d664323
2024-01-06 07:03:28,849 [main] INFO  com.zaxxer.hikari.HikariDataSource(getConnection:123) - HikariPool-1 - Start completed.
2024-01-06 07:03:28,923 [main] INFO  org.hibernate.spatial(contributeJdbcTypes:28) - HHH80000003: hibernate-spatial adding type contributions from : org.hibernate.spatial.dialect.mysql.MySQLDialectContributor
2024-01-06 07:03:28,978 [main] INFO  org.hibernate.bytecode.internal.BytecodeProviderInitiator(buildBytecodeProvider:53) - HHH000021: Bytecode provider name : bytebuddy
2024-01-06 07:03:29,044 [main] INFO  org.springframework.orm.jpa.persistenceunit.SpringPersistenceUnitInfo(addTransformer:87) - No LoadTimeWeaver setup: ignoring JPA class transformer
2024-01-06 07:03:29,052 [main] INFO  org.hibernate.spatial(contributeJdbcTypes:28) - HHH80000003: hibernate-spatial adding type contributions from : org.hibernate.spatial.dialect.mysql.MySQLDialectContributor
2024-01-06 07:03:29,169 [main] INFO  org.hibernate.bytecode.internal.BytecodeProviderInitiator(buildBytecodeProvider:53) - HHH000021: Bytecode provider name : bytebuddy
2024-01-06 07:03:29,227 [main] INFO  org.hibernate.spatial(contributeFunctions:34) - HHH80000004: hibernate-spatial adding function contributions from : org.hibernate.spatial.dialect.mysql.MySQLDialectContributor
2024-01-06 07:03:29,586 [main] INFO  org.hibernate.engine.transaction.jta.platform.internal.JtaPlatformInitiator(initiateService:51) - HHH000490: Using JtaPlatform implementation: [org.hibernate.engine.transaction.jta.platform.internal.NoJtaPlatform]
2024-01-06 07:03:29,659 [main] INFO  org.springframework.orm.jpa.LocalContainerEntityManagerFactoryBean(buildNativeEntityManagerFactory:437) - Initialized JPA EntityManagerFactory for persistence unit 'default'
2024-01-06 07:03:29,667 [main] INFO  org.hibernate.jpa.internal.util.LogHelper(logPersistenceUnitInformation:31) - HHH000204: Processing PersistenceUnitInfo [name: default]
2024-01-06 07:03:29,669 [main] INFO  org.hibernate.spatial.integration.SpatialService(<init>:42) - HHH80000001: hibernate-spatial integration enabled : true
2024-01-06 07:03:29,672 [main] INFO  com.zaxxer.hikari.HikariDataSource(getConnection:110) - HikariPool-2 - Starting...
2024-01-06 07:03:29,986 [main] INFO  com.zaxxer.hikari.pool.HikariPool(checkFailFast:565) - HikariPool-2 - Added connection org.postgresql.jdbc.PgConnection@75051d05
2024-01-06 07:03:29,987 [main] INFO  com.zaxxer.hikari.HikariDataSource(getConnection:123) - HikariPool-2 - Start completed.
2024-01-06 07:03:30,031 [main] INFO  org.hibernate.spatial(contributeJdbcTypes:28) - HHH80000003: hibernate-spatial adding type contributions from : org.hibernate.spatial.dialect.postgis.PostgisDialectContributor
2024-01-06 07:03:30,049 [main] INFO  org.hibernate.bytecode.internal.BytecodeProviderInitiator(buildBytecodeProvider:53) - HHH000021: Bytecode provider name : bytebuddy
2024-01-06 07:03:30,049 [main] INFO  org.springframework.orm.jpa.persistenceunit.SpringPersistenceUnitInfo(addTransformer:87) - No LoadTimeWeaver setup: ignoring JPA class transformer
2024-01-06 07:03:30,052 [main] INFO  org.hibernate.spatial(contributeJdbcTypes:28) - HHH80000003: hibernate-spatial adding type contributions from : org.hibernate.spatial.dialect.postgis.PostgisDialectContributor
2024-01-06 07:03:30,057 [main] INFO  org.hibernate.bytecode.internal.BytecodeProviderInitiator(buildBytecodeProvider:53) - HHH000021: Bytecode provider name : bytebuddy
2024-01-06 07:03:30,063 [main] INFO  org.hibernate.spatial(contributeFunctions:41) - HHH80000004: hibernate-spatial adding function contributions from : org.hibernate.spatial.dialect.postgis.PostgisDialectContributor
2024-01-06 07:03:30,083 [main] INFO  org.hibernate.engine.transaction.jta.platform.internal.JtaPlatformInitiator(initiateService:51) - HHH000490: Using JtaPlatform implementation: [org.hibernate.engine.transaction.jta.platform.internal.NoJtaPlatform]
2024-01-06 07:03:30,175 [main] INFO  org.springframework.orm.jpa.LocalContainerEntityManagerFactoryBean(buildNativeEntityManagerFactory:437) - Initialized JPA EntityManagerFactory for persistence unit 'default'
2024-01-06 07:03:30,293 [main] INFO  org.springframework.data.jpa.repository.query.QueryEnhancerFactory(<clinit>:47) - Hibernate is in classpath; If applicable, HQL parser will be used.
2024-01-06 07:03:31,165 [main] WARN  org.springframework.boot.autoconfigure.orm.jpa.JpaBaseConfiguration$JpaWebConfiguration(openEntityManagerInViewInterceptor:231) - spring.jpa.open-in-view is enabled by default. Therefore, database queries may be performed during view rendering. Explicitly configure spring.jpa.open-in-view to disable this warning
2024-01-06 07:03:31,525 [main] INFO  org.apache.coyote.http11.Http11NioProtocol(log:173) - Starting ProtocolHandler ["http-nio-8080"]
2024-01-06 07:03:31,537 [main] INFO  org.springframework.boot.web.embedded.tomcat.TomcatWebServer(start:220) - Tomcat started on port(s): 8080 (http) with context path ''
2024-01-06 07:03:31,538 [main] INFO  com.ulisesbocchio.jasyptspringboot.caching.RefreshScopeRefreshedEventListener(onApplicationEvent:70) - Refreshing cached encryptable property sources on ServletWebServerInitializedEvent
2024-01-06 07:03:31,538 [main] INFO  com.ulisesbocchio.jasyptspringboot.caching.CachingDelegateEncryptablePropertySource(refresh:92) - Property Source systemProperties refreshed
2024-01-06 07:03:31,538 [main] INFO  com.ulisesbocchio.jasyptspringboot.caching.CachingDelegateEncryptablePropertySource(refresh:92) - Property Source systemEnvironment refreshed
2024-01-06 07:03:31,538 [main] INFO  com.ulisesbocchio.jasyptspringboot.caching.CachingDelegateEncryptablePropertySource(refresh:92) - Property Source random refreshed
2024-01-06 07:03:31,538 [main] INFO  com.ulisesbocchio.jasyptspringboot.caching.CachingDelegateEncryptablePropertySource(refresh:92) - Property Source Config resource 'class path resource [application-prod.yml]' via location 'optional:classpath:/' refreshed
2024-01-06 07:03:31,538 [main] INFO  com.ulisesbocchio.jasyptspringboot.caching.CachingDelegateEncryptablePropertySource(refresh:92) - Property Source Config resource 'class path resource [application.yml]' via location 'optional:classpath:/' refreshed
2024-01-06 07:03:31,538 [main] INFO  com.ulisesbocchio.jasyptspringboot.EncryptablePropertySourceConverter(makeEncryptable:105) - Skipping PropertySource configurationProperties [class org.springframework.boot.context.properties.source.ConfigurationPropertySourcesPropertySource
2024-01-06 07:03:31,538 [main] INFO  com.ulisesbocchio.jasyptspringboot.EncryptablePropertySourceConverter(makeEncryptable:105) - Skipping PropertySource servletConfigInitParams [class org.springframework.core.env.PropertySource$StubPropertySource
2024-01-06 07:03:31,538 [main] INFO  com.ulisesbocchio.jasyptspringboot.EncryptablePropertySourceConverter(makeEncryptable:110) - Converting PropertySource servletContextInitParams [org.springframework.web.context.support.ServletContextPropertySource] to EncryptableEnumerablePropertySourceWrapper
2024-01-06 07:03:31,546 [main] INFO  com.mjuAppSW.joA.JProjectApplication(logStarted:57) - Started JProjectApplication in 4.784 seconds (process running for 5.185)
2024-01-06 07:03:34,159 [SpringApplicationShutdownHook] INFO  org.springframework.orm.jpa.LocalContainerEntityManagerFactoryBean(destroy:650) - Closing JPA EntityManagerFactory for persistence unit 'default'
2024-01-06 07:03:34,160 [SpringApplicationShutdownHook] INFO  com.zaxxer.hikari.HikariDataSource(close:350) - HikariPool-2 - Shutdown initiated...
2024-01-06 07:03:34,162 [SpringApplicationShutdownHook] INFO  com.zaxxer.hikari.HikariDataSource(close:352) - HikariPool-2 - Shutdown completed.
2024-01-06 07:03:34,163 [SpringApplicationShutdownHook] INFO  org.springframework.orm.jpa.LocalContainerEntityManagerFactoryBean(destroy:650) - Closing JPA EntityManagerFactory for persistence unit 'default'
2024-01-06 07:03:34,163 [SpringApplicationShutdownHook] INFO  com.zaxxer.hikari.HikariDataSource(close:350) - HikariPool-1 - Shutdown initiated...
2024-01-06 07:03:34,295 [SpringApplicationShutdownHook] INFO  com.zaxxer.hikari.HikariDataSource(close:352) - HikariPool-1 - Shutdown completed.
2024-01-06 07:03:48,280 [Test worker] INFO  org.springframework.test.context.support.AnnotationConfigContextLoaderUtils(detectDefaultConfigurationClasses:83) - Could not detect default configuration classes for test class [com.mjuAppSW.joA.JProjectApplicationTests]: JProjectApplicationTests does not declare any static, non-private, non-final, nested classes annotated with @Configuration.
2024-01-06 07:03:48,332 [Test worker] INFO  org.springframework.boot.test.context.SpringBootTestContextBootstrapper(getOrFindConfigurationClasses:248) - Found @SpringBootConfiguration com.mjuAppSW.joA.JProjectApplication for test class com.mjuAppSW.joA.JProjectApplicationTests
2024-01-06 07:03:48,506 [background-preinit] INFO  org.hibernate.validator.internal.util.Version(<clinit>:21) - HV000001: Hibernate Validator 8.0.0.Final
2024-01-06 07:03:48,517 [Test worker] INFO  com.mjuAppSW.joA.JProjectApplicationTests(logStarting:51) - Starting JProjectApplicationTests using Java 17.0.5 with PID 10311 (started by mimi in /Users/mimi/Desktop/JProject)
2024-01-06 07:03:49,016 [Test worker] INFO  com.mjuAppSW.joA.JProjectApplicationTests(logStartupProfileInfo:640) - The following 1 profile is active: "prod"
2024-01-06 07:03:49,419 [Test worker] INFO  org.springframework.data.repository.config.RepositoryConfigurationDelegate(registerRepositoriesIn:138) - Bootstrapping Spring Data JPA repositories in DEFAULT mode.
2024-01-06 07:03:49,454 [Test worker] INFO  org.springframework.data.repository.config.RepositoryConfigurationDelegate(registerRepositoriesIn:208) - Finished Spring Data repository scanning in 30 ms. Found 11 JPA repository interfaces.
2024-01-06 07:03:49,455 [Test worker] INFO  org.springframework.data.repository.config.RepositoryConfigurationDelegate(registerRepositoriesIn:138) - Bootstrapping Spring Data JPA repositories in DEFAULT mode.
2024-01-06 07:03:49,461 [Test worker] INFO  org.springframework.data.repository.config.RepositoryConfigurationDelegate(registerRepositoriesIn:208) - Finished Spring Data repository scanning in 5 ms. Found 3 JPA repository interfaces.
2024-01-06 07:03:49,713 [Test worker] INFO  com.ulisesbocchio.jasyptspringboot.configuration.EnableEncryptablePropertiesBeanFactoryPostProcessor(postProcessBeanFactory:44) - Post-processing PropertySource instances
2024-01-06 07:03:49,716 [Test worker] INFO  com.ulisesbocchio.jasyptspringboot.EncryptablePropertySourceConverter(makeEncryptable:105) - Skipping PropertySource configurationProperties [class org.springframework.boot.context.properties.source.ConfigurationPropertySourcesPropertySource
2024-01-06 07:03:49,717 [Test worker] INFO  com.ulisesbocchio.jasyptspringboot.EncryptablePropertySourceConverter(makeEncryptable:110) - Converting PropertySource test [org.springframework.core.env.MapPropertySource] to EncryptableMapPropertySourceWrapper
2024-01-06 07:03:49,717 [Test worker] INFO  com.ulisesbocchio.jasyptspringboot.EncryptablePropertySourceConverter(makeEncryptable:110) - Converting PropertySource Inlined Test Properties [org.springframework.core.env.MapPropertySource] to EncryptableMapPropertySourceWrapper
2024-01-06 07:03:49,717 [Test worker] INFO  com.ulisesbocchio.jasyptspringboot.EncryptablePropertySourceConverter(makeEncryptable:105) - Skipping PropertySource servletConfigInitParams [class org.springframework.core.env.PropertySource$StubPropertySource
2024-01-06 07:03:49,717 [Test worker] INFO  com.ulisesbocchio.jasyptspringboot.EncryptablePropertySourceConverter(makeEncryptable:110) - Converting PropertySource servletContextInitParams [org.springframework.web.context.support.ServletContextPropertySource] to EncryptableEnumerablePropertySourceWrapper
2024-01-06 07:03:49,717 [Test worker] INFO  com.ulisesbocchio.jasyptspringboot.EncryptablePropertySourceConverter(makeEncryptable:110) - Converting PropertySource systemProperties [org.springframework.core.env.PropertiesPropertySource] to EncryptableMapPropertySourceWrapper
2024-01-06 07:03:49,718 [Test worker] INFO  com.ulisesbocchio.jasyptspringboot.EncryptablePropertySourceConverter(makeEncryptable:110) - Converting PropertySource systemEnvironment [org.springframework.boot.env.SystemEnvironmentPropertySourceEnvironmentPostProcessor$OriginAwareSystemEnvironmentPropertySource] to EncryptableSystemEnvironmentPropertySourceWrapper
2024-01-06 07:03:49,718 [Test worker] INFO  com.ulisesbocchio.jasyptspringboot.EncryptablePropertySourceConverter(makeEncryptable:110) - Converting PropertySource random [org.springframework.boot.env.RandomValuePropertySource] to EncryptablePropertySourceWrapper
2024-01-06 07:03:49,718 [Test worker] INFO  com.ulisesbocchio.jasyptspringboot.EncryptablePropertySourceConverter(makeEncryptable:110) - Converting PropertySource Config resource 'class path resource [application-prod.yml]' via location 'optional:classpath:/' [org.springframework.boot.env.OriginTrackedMapPropertySource] to EncryptableMapPropertySourceWrapper
2024-01-06 07:03:49,718 [Test worker] INFO  com.ulisesbocchio.jasyptspringboot.EncryptablePropertySourceConverter(makeEncryptable:110) - Converting PropertySource Config resource 'class path resource [application.yml]' via location 'optional:classpath:/' [org.springframework.boot.env.OriginTrackedMapPropertySource] to EncryptableMapPropertySourceWrapper
2024-01-06 07:03:49,783 [Test worker] INFO  com.ulisesbocchio.jasyptspringboot.filter.DefaultLazyPropertyFilter(lambda$new$2:45) - Property Filter custom Bean not found with name 'encryptablePropertyFilter'. Initializing Default Property Filter
2024-01-06 07:03:49,789 [Test worker] INFO  com.ulisesbocchio.jasyptspringboot.resolver.DefaultLazyPropertyResolver(lambda$new$2:46) - Property Resolver custom Bean not found with name 'encryptablePropertyResolver'. Initializing Default Property Resolver
2024-01-06 07:03:49,790 [Test worker] INFO  com.ulisesbocchio.jasyptspringboot.detector.DefaultLazyPropertyDetector(lambda$new$2:44) - Property Detector custom Bean not found with name 'encryptablePropertyDetector'. Initializing Default Property Detector
2024-01-06 07:03:49,830 [Test worker] INFO  org.hibernate.jpa.internal.util.LogHelper(logPersistenceUnitInformation:31) - HHH000204: Processing PersistenceUnitInfo [name: default]
2024-01-06 07:03:49,852 [Test worker] INFO  org.hibernate.Version(logVersion:44) - HHH000412: Hibernate ORM core version 6.2.5.Final
2024-01-06 07:03:49,853 [Test worker] INFO  org.hibernate.cfg.Environment(<clinit>:191) - HHH000406: Using bytecode reflection optimizer
2024-01-06 07:03:49,856 [Test worker] INFO  org.hibernate.spatial.integration.SpatialService(<init>:42) - HHH80000001: hibernate-spatial integration enabled : true
2024-01-06 07:03:49,914 [Test worker] INFO  com.zaxxer.hikari.HikariDataSource(getConnection:110) - HikariPool-1 - Starting...
2024-01-06 07:03:50,095 [Test worker] INFO  com.zaxxer.hikari.pool.HikariPool(checkFailFast:565) - HikariPool-1 - Added connection com.mysql.cj.jdbc.ConnectionImpl@2e6b379c
2024-01-06 07:03:50,097 [Test worker] INFO  com.zaxxer.hikari.HikariDataSource(getConnection:123) - HikariPool-1 - Start completed.
2024-01-06 07:03:50,160 [Test worker] INFO  org.hibernate.spatial(contributeJdbcTypes:28) - HHH80000003: hibernate-spatial adding type contributions from : org.hibernate.spatial.dialect.mysql.MySQLDialectContributor
2024-01-06 07:03:50,180 [Test worker] INFO  org.hibernate.bytecode.internal.BytecodeProviderInitiator(buildBytecodeProvider:53) - HHH000021: Bytecode provider name : bytebuddy
2024-01-06 07:03:50,236 [Test worker] INFO  org.springframework.orm.jpa.persistenceunit.SpringPersistenceUnitInfo(addTransformer:87) - No LoadTimeWeaver setup: ignoring JPA class transformer
2024-01-06 07:03:50,247 [Test worker] INFO  org.hibernate.spatial(contributeJdbcTypes:28) - HHH80000003: hibernate-spatial adding type contributions from : org.hibernate.spatial.dialect.mysql.MySQLDialectContributor
2024-01-06 07:03:50,358 [Test worker] INFO  org.hibernate.bytecode.internal.BytecodeProviderInitiator(buildBytecodeProvider:53) - HHH000021: Bytecode provider name : bytebuddy
2024-01-06 07:03:50,414 [Test worker] INFO  org.hibernate.spatial(contributeFunctions:34) - HHH80000004: hibernate-spatial adding function contributions from : org.hibernate.spatial.dialect.mysql.MySQLDialectContributor
2024-01-06 07:03:50,767 [Test worker] INFO  org.hibernate.engine.transaction.jta.platform.internal.JtaPlatformInitiator(initiateService:51) - HHH000490: Using JtaPlatform implementation: [org.hibernate.engine.transaction.jta.platform.internal.NoJtaPlatform]
2024-01-06 07:03:50,832 [Test worker] INFO  org.springframework.orm.jpa.LocalContainerEntityManagerFactoryBean(buildNativeEntityManagerFactory:437) - Initialized JPA EntityManagerFactory for persistence unit 'default'
2024-01-06 07:03:50,841 [Test worker] INFO  org.hibernate.jpa.internal.util.LogHelper(logPersistenceUnitInformation:31) - HHH000204: Processing PersistenceUnitInfo [name: default]
2024-01-06 07:03:50,843 [Test worker] INFO  org.hibernate.spatial.integration.SpatialService(<init>:42) - HHH80000001: hibernate-spatial integration enabled : true
2024-01-06 07:03:50,844 [Test worker] INFO  com.zaxxer.hikari.HikariDataSource(getConnection:110) - HikariPool-2 - Starting...
2024-01-06 07:03:51,177 [Test worker] INFO  com.zaxxer.hikari.pool.HikariPool(checkFailFast:565) - HikariPool-2 - Added connection org.postgresql.jdbc.PgConnection@59bf79f3
2024-01-06 07:03:51,178 [Test worker] INFO  com.zaxxer.hikari.HikariDataSource(getConnection:123) - HikariPool-2 - Start completed.
2024-01-06 07:03:51,223 [Test worker] INFO  org.hibernate.spatial(contributeJdbcTypes:28) - HHH80000003: hibernate-spatial adding type contributions from : org.hibernate.spatial.dialect.postgis.PostgisDialectContributor
2024-01-06 07:03:51,225 [Test worker] INFO  org.hibernate.bytecode.internal.BytecodeProviderInitiator(buildBytecodeProvider:53) - HHH000021: Bytecode provider name : bytebuddy
2024-01-06 07:03:51,225 [Test worker] INFO  org.springframework.orm.jpa.persistenceunit.SpringPersistenceUnitInfo(addTransformer:87) - No LoadTimeWeaver setup: ignoring JPA class transformer
2024-01-06 07:03:51,227 [Test worker] INFO  org.hibernate.spatial(contributeJdbcTypes:28) - HHH80000003: hibernate-spatial adding type contributions from : org.hibernate.spatial.dialect.postgis.PostgisDialectContributor
2024-01-06 07:03:51,233 [Test worker] INFO  org.hibernate.bytecode.internal.BytecodeProviderInitiator(buildBytecodeProvider:53) - HHH000021: Bytecode provider name : bytebuddy
2024-01-06 07:03:51,238 [Test worker] INFO  org.hibernate.spatial(contributeFunctions:41) - HHH80000004: hibernate-spatial adding function contributions from : org.hibernate.spatial.dialect.postgis.PostgisDialectContributor
2024-01-06 07:03:51,258 [Test worker] INFO  org.hibernate.engine.transaction.jta.platform.internal.JtaPlatformInitiator(initiateService:51) - HHH000490: Using JtaPlatform implementation: [org.hibernate.engine.transaction.jta.platform.internal.NoJtaPlatform]
2024-01-06 07:03:51,340 [Test worker] INFO  org.springframework.orm.jpa.LocalContainerEntityManagerFactoryBean(buildNativeEntityManagerFactory:437) - Initialized JPA EntityManagerFactory for persistence unit 'default'
2024-01-06 07:03:51,459 [Test worker] INFO  org.springframework.data.jpa.repository.query.QueryEnhancerFactory(<clinit>:47) - Hibernate is in classpath; If applicable, HQL parser will be used.
2024-01-06 07:03:52,517 [Test worker] WARN  org.springframework.boot.autoconfigure.orm.jpa.JpaBaseConfiguration$JpaWebConfiguration(openEntityManagerInViewInterceptor:231) - spring.jpa.open-in-view is enabled by default. Therefore, database queries may be performed during view rendering. Explicitly configure spring.jpa.open-in-view to disable this warning
2024-01-06 07:03:53,183 [Test worker] INFO  com.mjuAppSW.joA.JProjectApplicationTests(logStarted:57) - Started JProjectApplicationTests in 4.793 seconds (process running for 5.407)
2024-01-06 07:03:53,661 [SpringApplicationShutdownHook] INFO  org.springframework.orm.jpa.LocalContainerEntityManagerFactoryBean(destroy:650) - Closing JPA EntityManagerFactory for persistence unit 'default'
2024-01-06 07:03:53,661 [SpringApplicationShutdownHook] INFO  com.zaxxer.hikari.HikariDataSource(close:350) - HikariPool-2 - Shutdown initiated...
2024-01-06 07:03:53,664 [SpringApplicationShutdownHook] INFO  com.zaxxer.hikari.HikariDataSource(close:352) - HikariPool-2 - Shutdown completed.
2024-01-06 07:03:53,665 [SpringApplicationShutdownHook] INFO  org.springframework.orm.jpa.LocalContainerEntityManagerFactoryBean(destroy:650) - Closing JPA EntityManagerFactory for persistence unit 'default'
2024-01-06 07:03:53,665 [SpringApplicationShutdownHook] INFO  com.zaxxer.hikari.HikariDataSource(close:350) - HikariPool-1 - Shutdown initiated...
2024-01-06 07:03:53,816 [SpringApplicationShutdownHook] INFO  com.zaxxer.hikari.HikariDataSource(close:352) - HikariPool-1 - Shutdown completed.
