2023-11-08 16:53:10,131 [Test worker] INFO  org.springframework.test.context.support.AnnotationConfigContextLoaderUtils(detectDefaultConfigurationClasses:83) - Could not detect default configuration classes for test class [com.mjuAppSW.joA.JProjectApplicationTests]: JProjectApplicationTests does not declare any static, non-private, non-final, nested classes annotated with @Configuration.
2023-11-08 16:53:10,180 [Test worker] INFO  org.springframework.boot.test.context.SpringBootTestContextBootstrapper(getOrFindConfigurationClasses:248) - Found @SpringBootConfiguration com.mjuAppSW.joA.JProjectApplication for test class com.mjuAppSW.joA.JProjectApplicationTests
2023-11-08 16:53:10,349 [background-preinit] INFO  org.hibernate.validator.internal.util.Version(<clinit>:21) - HV000001: Hibernate Validator 8.0.0.Final
2023-11-08 16:53:10,357 [Test worker] INFO  com.mjuAppSW.joA.JProjectApplicationTests(logStarting:51) - Starting JProjectApplicationTests using Java 17.0.5 with PID 2550 (started by mimi in /Users/mimi/Desktop/JProject)
2023-11-08 16:53:11,617 [Test worker] INFO  com.mjuAppSW.joA.JProjectApplicationTests(logStartupProfileInfo:640) - The following 1 profile is active: "prod"
2023-11-08 16:53:12,362 [Test worker] INFO  org.springframework.data.repository.config.RepositoryConfigurationDelegate(registerRepositoriesIn:138) - Bootstrapping Spring Data JPA repositories in DEFAULT mode.
2023-11-08 16:53:12,396 [Test worker] INFO  org.springframework.data.repository.config.RepositoryConfigurationDelegate(registerRepositoriesIn:208) - Finished Spring Data repository scanning in 31 ms. Found 11 JPA repository interfaces.
2023-11-08 16:53:12,397 [Test worker] INFO  org.springframework.data.repository.config.RepositoryConfigurationDelegate(registerRepositoriesIn:138) - Bootstrapping Spring Data JPA repositories in DEFAULT mode.
2023-11-08 16:53:12,403 [Test worker] INFO  org.springframework.data.repository.config.RepositoryConfigurationDelegate(registerRepositoriesIn:208) - Finished Spring Data repository scanning in 5 ms. Found 2 JPA repository interfaces.
2023-11-08 16:53:12,617 [Test worker] INFO  com.ulisesbocchio.jasyptspringboot.configuration.EnableEncryptablePropertiesBeanFactoryPostProcessor(postProcessBeanFactory:44) - Post-processing PropertySource instances
2023-11-08 16:53:12,619 [Test worker] INFO  com.ulisesbocchio.jasyptspringboot.EncryptablePropertySourceConverter(makeEncryptable:105) - Skipping PropertySource configurationProperties [class org.springframework.boot.context.properties.source.ConfigurationPropertySourcesPropertySource
2023-11-08 16:53:12,620 [Test worker] INFO  com.ulisesbocchio.jasyptspringboot.EncryptablePropertySourceConverter(makeEncryptable:110) - Converting PropertySource test [org.springframework.core.env.MapPropertySource] to EncryptableMapPropertySourceWrapper
2023-11-08 16:53:12,620 [Test worker] INFO  com.ulisesbocchio.jasyptspringboot.EncryptablePropertySourceConverter(makeEncryptable:110) - Converting PropertySource Inlined Test Properties [org.springframework.core.env.MapPropertySource] to EncryptableMapPropertySourceWrapper
2023-11-08 16:53:12,620 [Test worker] INFO  com.ulisesbocchio.jasyptspringboot.EncryptablePropertySourceConverter(makeEncryptable:105) - Skipping PropertySource servletConfigInitParams [class org.springframework.core.env.PropertySource$StubPropertySource
2023-11-08 16:53:12,621 [Test worker] INFO  com.ulisesbocchio.jasyptspringboot.EncryptablePropertySourceConverter(makeEncryptable:110) - Converting PropertySource servletContextInitParams [org.springframework.web.context.support.ServletContextPropertySource] to EncryptableEnumerablePropertySourceWrapper
2023-11-08 16:53:12,621 [Test worker] INFO  com.ulisesbocchio.jasyptspringboot.EncryptablePropertySourceConverter(makeEncryptable:110) - Converting PropertySource systemProperties [org.springframework.core.env.PropertiesPropertySource] to EncryptableMapPropertySourceWrapper
2023-11-08 16:53:12,621 [Test worker] INFO  com.ulisesbocchio.jasyptspringboot.EncryptablePropertySourceConverter(makeEncryptable:110) - Converting PropertySource systemEnvironment [org.springframework.boot.env.SystemEnvironmentPropertySourceEnvironmentPostProcessor$OriginAwareSystemEnvironmentPropertySource] to EncryptableSystemEnvironmentPropertySourceWrapper
2023-11-08 16:53:12,621 [Test worker] INFO  com.ulisesbocchio.jasyptspringboot.EncryptablePropertySourceConverter(makeEncryptable:110) - Converting PropertySource random [org.springframework.boot.env.RandomValuePropertySource] to EncryptablePropertySourceWrapper
2023-11-08 16:53:12,621 [Test worker] INFO  com.ulisesbocchio.jasyptspringboot.EncryptablePropertySourceConverter(makeEncryptable:110) - Converting PropertySource Config resource 'class path resource [application-prod.yml]' via location 'optional:classpath:/' [org.springframework.boot.env.OriginTrackedMapPropertySource] to EncryptableMapPropertySourceWrapper
2023-11-08 16:53:12,621 [Test worker] INFO  com.ulisesbocchio.jasyptspringboot.EncryptablePropertySourceConverter(makeEncryptable:110) - Converting PropertySource Config resource 'class path resource [application.yml]' via location 'optional:classpath:/' [org.springframework.boot.env.OriginTrackedMapPropertySource] to EncryptableMapPropertySourceWrapper
2023-11-08 16:53:12,669 [Test worker] INFO  com.ulisesbocchio.jasyptspringboot.filter.DefaultLazyPropertyFilter(lambda$new$2:45) - Property Filter custom Bean not found with name 'encryptablePropertyFilter'. Initializing Default Property Filter
2023-11-08 16:53:12,676 [Test worker] INFO  com.ulisesbocchio.jasyptspringboot.resolver.DefaultLazyPropertyResolver(lambda$new$2:46) - Property Resolver custom Bean not found with name 'encryptablePropertyResolver'. Initializing Default Property Resolver
2023-11-08 16:53:12,677 [Test worker] INFO  com.ulisesbocchio.jasyptspringboot.detector.DefaultLazyPropertyDetector(lambda$new$2:44) - Property Detector custom Bean not found with name 'encryptablePropertyDetector'. Initializing Default Property Detector
2023-11-08 16:53:12,717 [Test worker] INFO  org.hibernate.jpa.internal.util.LogHelper(logPersistenceUnitInformation:31) - HHH000204: Processing PersistenceUnitInfo [name: default]
2023-11-08 16:53:12,740 [Test worker] INFO  org.hibernate.Version(logVersion:44) - HHH000412: Hibernate ORM core version 6.2.5.Final
2023-11-08 16:53:12,741 [Test worker] INFO  org.hibernate.cfg.Environment(<clinit>:191) - HHH000406: Using bytecode reflection optimizer
2023-11-08 16:53:12,744 [Test worker] INFO  org.hibernate.spatial.integration.SpatialService(<init>:42) - HHH80000001: hibernate-spatial integration enabled : true
2023-11-08 16:53:12,802 [Test worker] INFO  com.zaxxer.hikari.HikariDataSource(getConnection:110) - HikariPool-1 - Starting...
2023-11-08 16:53:13,290 [Test worker] INFO  com.zaxxer.hikari.pool.HikariPool(checkFailFast:565) - HikariPool-1 - Added connection com.mysql.cj.jdbc.ConnectionImpl@38848217
2023-11-08 16:53:13,293 [Test worker] INFO  com.zaxxer.hikari.HikariDataSource(getConnection:123) - HikariPool-1 - Start completed.
2023-11-08 16:53:13,393 [Test worker] INFO  org.hibernate.spatial(contributeJdbcTypes:28) - HHH80000003: hibernate-spatial adding type contributions from : org.hibernate.spatial.dialect.mysql.MySQLDialectContributor
2023-11-08 16:53:13,414 [Test worker] INFO  org.hibernate.bytecode.internal.BytecodeProviderInitiator(buildBytecodeProvider:53) - HHH000021: Bytecode provider name : bytebuddy
2023-11-08 16:53:13,465 [Test worker] INFO  org.springframework.orm.jpa.persistenceunit.SpringPersistenceUnitInfo(addTransformer:87) - No LoadTimeWeaver setup: ignoring JPA class transformer
2023-11-08 16:53:13,474 [Test worker] INFO  org.hibernate.spatial(contributeJdbcTypes:28) - HHH80000003: hibernate-spatial adding type contributions from : org.hibernate.spatial.dialect.mysql.MySQLDialectContributor
2023-11-08 16:53:13,582 [Test worker] INFO  org.hibernate.bytecode.internal.BytecodeProviderInitiator(buildBytecodeProvider:53) - HHH000021: Bytecode provider name : bytebuddy
2023-11-08 16:53:13,636 [Test worker] INFO  org.hibernate.spatial(contributeFunctions:34) - HHH80000004: hibernate-spatial adding function contributions from : org.hibernate.spatial.dialect.mysql.MySQLDialectContributor
2023-11-08 16:53:13,970 [Test worker] INFO  org.hibernate.engine.transaction.jta.platform.internal.JtaPlatformInitiator(initiateService:51) - HHH000490: Using JtaPlatform implementation: [org.hibernate.engine.transaction.jta.platform.internal.NoJtaPlatform]
2023-11-08 16:53:14,176 [Test worker] INFO  org.springframework.orm.jpa.LocalContainerEntityManagerFactoryBean(buildNativeEntityManagerFactory:437) - Initialized JPA EntityManagerFactory for persistence unit 'default'
2023-11-08 16:53:14,186 [Test worker] INFO  org.hibernate.jpa.internal.util.LogHelper(logPersistenceUnitInformation:31) - HHH000204: Processing PersistenceUnitInfo [name: default]
2023-11-08 16:53:14,188 [Test worker] INFO  org.hibernate.spatial.integration.SpatialService(<init>:42) - HHH80000001: hibernate-spatial integration enabled : true
2023-11-08 16:53:14,191 [Test worker] INFO  com.zaxxer.hikari.HikariDataSource(getConnection:110) - HikariPool-2 - Starting...
2023-11-08 16:53:14,864 [Test worker] INFO  com.zaxxer.hikari.pool.HikariPool(checkFailFast:565) - HikariPool-2 - Added connection org.postgresql.jdbc.PgConnection@14d9ae22
2023-11-08 16:53:14,865 [Test worker] INFO  com.zaxxer.hikari.HikariDataSource(getConnection:123) - HikariPool-2 - Start completed.
2023-11-08 16:53:15,093 [Test worker] INFO  org.hibernate.spatial(contributeJdbcTypes:28) - HHH80000003: hibernate-spatial adding type contributions from : org.hibernate.spatial.dialect.postgis.PostgisDialectContributor
2023-11-08 16:53:15,097 [Test worker] INFO  org.hibernate.bytecode.internal.BytecodeProviderInitiator(buildBytecodeProvider:53) - HHH000021: Bytecode provider name : bytebuddy
2023-11-08 16:53:15,098 [Test worker] INFO  org.springframework.orm.jpa.persistenceunit.SpringPersistenceUnitInfo(addTransformer:87) - No LoadTimeWeaver setup: ignoring JPA class transformer
2023-11-08 16:53:15,101 [Test worker] INFO  org.hibernate.spatial(contributeJdbcTypes:28) - HHH80000003: hibernate-spatial adding type contributions from : org.hibernate.spatial.dialect.postgis.PostgisDialectContributor
2023-11-08 16:53:15,107 [Test worker] INFO  org.hibernate.bytecode.internal.BytecodeProviderInitiator(buildBytecodeProvider:53) - HHH000021: Bytecode provider name : bytebuddy
2023-11-08 16:53:15,112 [Test worker] INFO  org.hibernate.spatial(contributeFunctions:41) - HHH80000004: hibernate-spatial adding function contributions from : org.hibernate.spatial.dialect.postgis.PostgisDialectContributor
2023-11-08 16:53:15,135 [Test worker] INFO  org.hibernate.engine.transaction.jta.platform.internal.JtaPlatformInitiator(initiateService:51) - HHH000490: Using JtaPlatform implementation: [org.hibernate.engine.transaction.jta.platform.internal.NoJtaPlatform]
2023-11-08 16:53:15,416 [Test worker] INFO  org.springframework.orm.jpa.LocalContainerEntityManagerFactoryBean(buildNativeEntityManagerFactory:437) - Initialized JPA EntityManagerFactory for persistence unit 'default'
2023-11-08 16:53:15,541 [Test worker] INFO  org.springframework.data.jpa.repository.query.QueryEnhancerFactory(<clinit>:47) - Hibernate is in classpath; If applicable, HQL parser will be used.
2023-11-08 16:53:16,489 [Test worker] WARN  org.springframework.boot.autoconfigure.orm.jpa.JpaBaseConfiguration$JpaWebConfiguration(openEntityManagerInViewInterceptor:231) - spring.jpa.open-in-view is enabled by default. Therefore, database queries may be performed during view rendering. Explicitly configure spring.jpa.open-in-view to disable this warning
2023-11-08 16:53:16,671 [Test worker] INFO  com.mjuAppSW.joA.JProjectApplicationTests(logStarted:57) - Started JProjectApplicationTests in 6.433 seconds (process running for 7.171)
2023-11-08 16:53:17,425 [SpringApplicationShutdownHook] INFO  org.springframework.orm.jpa.LocalContainerEntityManagerFactoryBean(destroy:650) - Closing JPA EntityManagerFactory for persistence unit 'default'
2023-11-08 16:53:17,426 [SpringApplicationShutdownHook] INFO  com.zaxxer.hikari.HikariDataSource(close:350) - HikariPool-2 - Shutdown initiated...
2023-11-08 16:53:17,555 [SpringApplicationShutdownHook] INFO  com.zaxxer.hikari.HikariDataSource(close:352) - HikariPool-2 - Shutdown completed.
2023-11-08 16:53:17,555 [SpringApplicationShutdownHook] INFO  org.springframework.orm.jpa.LocalContainerEntityManagerFactoryBean(destroy:650) - Closing JPA EntityManagerFactory for persistence unit 'default'
2023-11-08 16:53:17,556 [SpringApplicationShutdownHook] INFO  com.zaxxer.hikari.HikariDataSource(close:350) - HikariPool-1 - Shutdown initiated...
2023-11-08 16:53:18,038 [SpringApplicationShutdownHook] INFO  com.zaxxer.hikari.HikariDataSource(close:352) - HikariPool-1 - Shutdown completed.
2023-11-08 18:09:35,008 [Test worker] INFO  org.springframework.test.context.support.AnnotationConfigContextLoaderUtils(detectDefaultConfigurationClasses:83) - Could not detect default configuration classes for test class [com.mjuAppSW.joA.JProjectApplicationTests]: JProjectApplicationTests does not declare any static, non-private, non-final, nested classes annotated with @Configuration.
2023-11-08 18:09:35,056 [Test worker] INFO  org.springframework.boot.test.context.SpringBootTestContextBootstrapper(getOrFindConfigurationClasses:248) - Found @SpringBootConfiguration com.mjuAppSW.joA.JProjectApplication for test class com.mjuAppSW.joA.JProjectApplicationTests
2023-11-08 18:09:35,219 [background-preinit] INFO  org.hibernate.validator.internal.util.Version(<clinit>:21) - HV000001: Hibernate Validator 8.0.0.Final
2023-11-08 18:09:35,229 [Test worker] INFO  com.mjuAppSW.joA.JProjectApplicationTests(logStarting:51) - Starting JProjectApplicationTests using Java 17.0.5 with PID 3701 (started by mimi in /Users/mimi/Desktop/JProject)
2023-11-08 18:09:35,815 [Test worker] INFO  com.mjuAppSW.joA.JProjectApplicationTests(logStartupProfileInfo:640) - The following 1 profile is active: "prod"
2023-11-08 18:09:36,257 [Test worker] INFO  org.springframework.data.repository.config.RepositoryConfigurationDelegate(registerRepositoriesIn:138) - Bootstrapping Spring Data JPA repositories in DEFAULT mode.
2023-11-08 18:09:36,290 [Test worker] INFO  org.springframework.data.repository.config.RepositoryConfigurationDelegate(registerRepositoriesIn:208) - Finished Spring Data repository scanning in 30 ms. Found 11 JPA repository interfaces.
2023-11-08 18:09:36,293 [Test worker] INFO  org.springframework.data.repository.config.RepositoryConfigurationDelegate(registerRepositoriesIn:138) - Bootstrapping Spring Data JPA repositories in DEFAULT mode.
2023-11-08 18:09:36,298 [Test worker] INFO  org.springframework.data.repository.config.RepositoryConfigurationDelegate(registerRepositoriesIn:208) - Finished Spring Data repository scanning in 4 ms. Found 2 JPA repository interfaces.
2023-11-08 18:09:36,499 [Test worker] INFO  com.ulisesbocchio.jasyptspringboot.configuration.EnableEncryptablePropertiesBeanFactoryPostProcessor(postProcessBeanFactory:44) - Post-processing PropertySource instances
2023-11-08 18:09:36,501 [Test worker] INFO  com.ulisesbocchio.jasyptspringboot.EncryptablePropertySourceConverter(makeEncryptable:105) - Skipping PropertySource configurationProperties [class org.springframework.boot.context.properties.source.ConfigurationPropertySourcesPropertySource
2023-11-08 18:09:36,502 [Test worker] INFO  com.ulisesbocchio.jasyptspringboot.EncryptablePropertySourceConverter(makeEncryptable:110) - Converting PropertySource test [org.springframework.core.env.MapPropertySource] to EncryptableMapPropertySourceWrapper
2023-11-08 18:09:36,502 [Test worker] INFO  com.ulisesbocchio.jasyptspringboot.EncryptablePropertySourceConverter(makeEncryptable:110) - Converting PropertySource Inlined Test Properties [org.springframework.core.env.MapPropertySource] to EncryptableMapPropertySourceWrapper
2023-11-08 18:09:36,502 [Test worker] INFO  com.ulisesbocchio.jasyptspringboot.EncryptablePropertySourceConverter(makeEncryptable:105) - Skipping PropertySource servletConfigInitParams [class org.springframework.core.env.PropertySource$StubPropertySource
2023-11-08 18:09:36,502 [Test worker] INFO  com.ulisesbocchio.jasyptspringboot.EncryptablePropertySourceConverter(makeEncryptable:110) - Converting PropertySource servletContextInitParams [org.springframework.web.context.support.ServletContextPropertySource] to EncryptableEnumerablePropertySourceWrapper
2023-11-08 18:09:36,503 [Test worker] INFO  com.ulisesbocchio.jasyptspringboot.EncryptablePropertySourceConverter(makeEncryptable:110) - Converting PropertySource systemProperties [org.springframework.core.env.PropertiesPropertySource] to EncryptableMapPropertySourceWrapper
2023-11-08 18:09:36,503 [Test worker] INFO  com.ulisesbocchio.jasyptspringboot.EncryptablePropertySourceConverter(makeEncryptable:110) - Converting PropertySource systemEnvironment [org.springframework.boot.env.SystemEnvironmentPropertySourceEnvironmentPostProcessor$OriginAwareSystemEnvironmentPropertySource] to EncryptableSystemEnvironmentPropertySourceWrapper
2023-11-08 18:09:36,503 [Test worker] INFO  com.ulisesbocchio.jasyptspringboot.EncryptablePropertySourceConverter(makeEncryptable:110) - Converting PropertySource random [org.springframework.boot.env.RandomValuePropertySource] to EncryptablePropertySourceWrapper
2023-11-08 18:09:36,503 [Test worker] INFO  com.ulisesbocchio.jasyptspringboot.EncryptablePropertySourceConverter(makeEncryptable:110) - Converting PropertySource Config resource 'class path resource [application-prod.yml]' via location 'optional:classpath:/' [org.springframework.boot.env.OriginTrackedMapPropertySource] to EncryptableMapPropertySourceWrapper
2023-11-08 18:09:36,503 [Test worker] INFO  com.ulisesbocchio.jasyptspringboot.EncryptablePropertySourceConverter(makeEncryptable:110) - Converting PropertySource Config resource 'class path resource [application.yml]' via location 'optional:classpath:/' [org.springframework.boot.env.OriginTrackedMapPropertySource] to EncryptableMapPropertySourceWrapper
2023-11-08 18:09:36,547 [Test worker] INFO  com.ulisesbocchio.jasyptspringboot.filter.DefaultLazyPropertyFilter(lambda$new$2:45) - Property Filter custom Bean not found with name 'encryptablePropertyFilter'. Initializing Default Property Filter
2023-11-08 18:09:36,555 [Test worker] INFO  com.ulisesbocchio.jasyptspringboot.resolver.DefaultLazyPropertyResolver(lambda$new$2:46) - Property Resolver custom Bean not found with name 'encryptablePropertyResolver'. Initializing Default Property Resolver
2023-11-08 18:09:36,556 [Test worker] INFO  com.ulisesbocchio.jasyptspringboot.detector.DefaultLazyPropertyDetector(lambda$new$2:44) - Property Detector custom Bean not found with name 'encryptablePropertyDetector'. Initializing Default Property Detector
2023-11-08 18:09:36,594 [Test worker] INFO  org.hibernate.jpa.internal.util.LogHelper(logPersistenceUnitInformation:31) - HHH000204: Processing PersistenceUnitInfo [name: default]
2023-11-08 18:09:36,615 [Test worker] INFO  org.hibernate.Version(logVersion:44) - HHH000412: Hibernate ORM core version 6.2.5.Final
2023-11-08 18:09:36,616 [Test worker] INFO  org.hibernate.cfg.Environment(<clinit>:191) - HHH000406: Using bytecode reflection optimizer
2023-11-08 18:09:36,619 [Test worker] INFO  org.hibernate.spatial.integration.SpatialService(<init>:42) - HHH80000001: hibernate-spatial integration enabled : true
2023-11-08 18:09:36,671 [Test worker] INFO  com.zaxxer.hikari.HikariDataSource(getConnection:110) - HikariPool-1 - Starting...
2023-11-08 18:09:36,840 [Test worker] INFO  com.zaxxer.hikari.pool.HikariPool(checkFailFast:565) - HikariPool-1 - Added connection com.mysql.cj.jdbc.ConnectionImpl@1607d391
2023-11-08 18:09:36,842 [Test worker] INFO  com.zaxxer.hikari.HikariDataSource(getConnection:123) - HikariPool-1 - Start completed.
2023-11-08 18:09:36,919 [Test worker] INFO  org.hibernate.spatial(contributeJdbcTypes:28) - HHH80000003: hibernate-spatial adding type contributions from : org.hibernate.spatial.dialect.mysql.MySQLDialectContributor
2023-11-08 18:09:36,939 [Test worker] INFO  org.hibernate.bytecode.internal.BytecodeProviderInitiator(buildBytecodeProvider:53) - HHH000021: Bytecode provider name : bytebuddy
2023-11-08 18:09:36,993 [Test worker] INFO  org.springframework.orm.jpa.persistenceunit.SpringPersistenceUnitInfo(addTransformer:87) - No LoadTimeWeaver setup: ignoring JPA class transformer
2023-11-08 18:09:37,001 [Test worker] INFO  org.hibernate.spatial(contributeJdbcTypes:28) - HHH80000003: hibernate-spatial adding type contributions from : org.hibernate.spatial.dialect.mysql.MySQLDialectContributor
2023-11-08 18:09:37,103 [Test worker] INFO  org.hibernate.bytecode.internal.BytecodeProviderInitiator(buildBytecodeProvider:53) - HHH000021: Bytecode provider name : bytebuddy
2023-11-08 18:09:37,158 [Test worker] INFO  org.hibernate.spatial(contributeFunctions:34) - HHH80000004: hibernate-spatial adding function contributions from : org.hibernate.spatial.dialect.mysql.MySQLDialectContributor
2023-11-08 18:09:37,485 [Test worker] INFO  org.hibernate.engine.transaction.jta.platform.internal.JtaPlatformInitiator(initiateService:51) - HHH000490: Using JtaPlatform implementation: [org.hibernate.engine.transaction.jta.platform.internal.NoJtaPlatform]
2023-11-08 18:09:37,779 [Test worker] INFO  org.springframework.orm.jpa.LocalContainerEntityManagerFactoryBean(buildNativeEntityManagerFactory:437) - Initialized JPA EntityManagerFactory for persistence unit 'default'
2023-11-08 18:09:37,794 [Test worker] INFO  org.hibernate.jpa.internal.util.LogHelper(logPersistenceUnitInformation:31) - HHH000204: Processing PersistenceUnitInfo [name: default]
2023-11-08 18:09:37,796 [Test worker] INFO  org.hibernate.spatial.integration.SpatialService(<init>:42) - HHH80000001: hibernate-spatial integration enabled : true
2023-11-08 18:09:37,799 [Test worker] INFO  com.zaxxer.hikari.HikariDataSource(getConnection:110) - HikariPool-2 - Starting...
2023-11-08 18:09:38,121 [Test worker] INFO  com.zaxxer.hikari.pool.HikariPool(checkFailFast:565) - HikariPool-2 - Added connection org.postgresql.jdbc.PgConnection@6023b54f
2023-11-08 18:09:38,121 [Test worker] INFO  com.zaxxer.hikari.HikariDataSource(getConnection:123) - HikariPool-2 - Start completed.
2023-11-08 18:09:38,165 [Test worker] INFO  org.hibernate.spatial(contributeJdbcTypes:28) - HHH80000003: hibernate-spatial adding type contributions from : org.hibernate.spatial.dialect.postgis.PostgisDialectContributor
2023-11-08 18:09:38,168 [Test worker] INFO  org.hibernate.bytecode.internal.BytecodeProviderInitiator(buildBytecodeProvider:53) - HHH000021: Bytecode provider name : bytebuddy
2023-11-08 18:09:38,168 [Test worker] INFO  org.springframework.orm.jpa.persistenceunit.SpringPersistenceUnitInfo(addTransformer:87) - No LoadTimeWeaver setup: ignoring JPA class transformer
2023-11-08 18:09:38,171 [Test worker] INFO  org.hibernate.spatial(contributeJdbcTypes:28) - HHH80000003: hibernate-spatial adding type contributions from : org.hibernate.spatial.dialect.postgis.PostgisDialectContributor
2023-11-08 18:09:38,176 [Test worker] INFO  org.hibernate.bytecode.internal.BytecodeProviderInitiator(buildBytecodeProvider:53) - HHH000021: Bytecode provider name : bytebuddy
2023-11-08 18:09:38,181 [Test worker] INFO  org.hibernate.spatial(contributeFunctions:41) - HHH80000004: hibernate-spatial adding function contributions from : org.hibernate.spatial.dialect.postgis.PostgisDialectContributor
2023-11-08 18:09:38,197 [Test worker] INFO  org.hibernate.engine.transaction.jta.platform.internal.JtaPlatformInitiator(initiateService:51) - HHH000490: Using JtaPlatform implementation: [org.hibernate.engine.transaction.jta.platform.internal.NoJtaPlatform]
2023-11-08 18:09:38,349 [Test worker] INFO  org.springframework.orm.jpa.LocalContainerEntityManagerFactoryBean(buildNativeEntityManagerFactory:437) - Initialized JPA EntityManagerFactory for persistence unit 'default'
2023-11-08 18:09:38,478 [Test worker] INFO  org.springframework.data.jpa.repository.query.QueryEnhancerFactory(<clinit>:47) - Hibernate is in classpath; If applicable, HQL parser will be used.
2023-11-08 18:09:39,461 [Test worker] WARN  org.springframework.boot.autoconfigure.orm.jpa.JpaBaseConfiguration$JpaWebConfiguration(openEntityManagerInViewInterceptor:231) - spring.jpa.open-in-view is enabled by default. Therefore, database queries may be performed during view rendering. Explicitly configure spring.jpa.open-in-view to disable this warning
2023-11-08 18:09:39,638 [Test worker] INFO  com.mjuAppSW.joA.JProjectApplicationTests(logStarted:57) - Started JProjectApplicationTests in 4.529 seconds (process running for 5.261)
2023-11-08 18:09:40,175 [SpringApplicationShutdownHook] INFO  org.springframework.orm.jpa.LocalContainerEntityManagerFactoryBean(destroy:650) - Closing JPA EntityManagerFactory for persistence unit 'default'
2023-11-08 18:09:40,176 [SpringApplicationShutdownHook] INFO  com.zaxxer.hikari.HikariDataSource(close:350) - HikariPool-2 - Shutdown initiated...
2023-11-08 18:09:40,179 [SpringApplicationShutdownHook] INFO  com.zaxxer.hikari.HikariDataSource(close:352) - HikariPool-2 - Shutdown completed.
2023-11-08 18:09:40,179 [SpringApplicationShutdownHook] INFO  org.springframework.orm.jpa.LocalContainerEntityManagerFactoryBean(destroy:650) - Closing JPA EntityManagerFactory for persistence unit 'default'
2023-11-08 18:09:40,180 [SpringApplicationShutdownHook] INFO  com.zaxxer.hikari.HikariDataSource(close:350) - HikariPool-1 - Shutdown initiated...
2023-11-08 18:09:40,278 [SpringApplicationShutdownHook] INFO  com.zaxxer.hikari.HikariDataSource(close:352) - HikariPool-1 - Shutdown completed.
2023-11-08 18:17:59,615 [Test worker] INFO  org.springframework.test.context.support.AnnotationConfigContextLoaderUtils(detectDefaultConfigurationClasses:83) - Could not detect default configuration classes for test class [com.mjuAppSW.joA.JProjectApplicationTests]: JProjectApplicationTests does not declare any static, non-private, non-final, nested classes annotated with @Configuration.
2023-11-08 18:17:59,664 [Test worker] INFO  org.springframework.boot.test.context.SpringBootTestContextBootstrapper(getOrFindConfigurationClasses:248) - Found @SpringBootConfiguration com.mjuAppSW.joA.JProjectApplication for test class com.mjuAppSW.joA.JProjectApplicationTests
2023-11-08 18:17:59,817 [background-preinit] INFO  org.hibernate.validator.internal.util.Version(<clinit>:21) - HV000001: Hibernate Validator 8.0.0.Final
2023-11-08 18:17:59,827 [Test worker] INFO  com.mjuAppSW.joA.JProjectApplicationTests(logStarting:51) - Starting JProjectApplicationTests using Java 17.0.5 with PID 3830 (started by mimi in /Users/mimi/Desktop/JProject)
2023-11-08 18:18:00,809 [Test worker] INFO  com.mjuAppSW.joA.JProjectApplicationTests(logStartupProfileInfo:640) - The following 1 profile is active: "prod"
2023-11-08 18:18:01,238 [Test worker] INFO  org.springframework.data.repository.config.RepositoryConfigurationDelegate(registerRepositoriesIn:138) - Bootstrapping Spring Data JPA repositories in DEFAULT mode.
2023-11-08 18:18:01,273 [Test worker] INFO  org.springframework.data.repository.config.RepositoryConfigurationDelegate(registerRepositoriesIn:208) - Finished Spring Data repository scanning in 31 ms. Found 11 JPA repository interfaces.
2023-11-08 18:18:01,274 [Test worker] INFO  org.springframework.data.repository.config.RepositoryConfigurationDelegate(registerRepositoriesIn:138) - Bootstrapping Spring Data JPA repositories in DEFAULT mode.
2023-11-08 18:18:01,278 [Test worker] INFO  org.springframework.data.repository.config.RepositoryConfigurationDelegate(registerRepositoriesIn:208) - Finished Spring Data repository scanning in 4 ms. Found 2 JPA repository interfaces.
2023-11-08 18:18:01,480 [Test worker] INFO  com.ulisesbocchio.jasyptspringboot.configuration.EnableEncryptablePropertiesBeanFactoryPostProcessor(postProcessBeanFactory:44) - Post-processing PropertySource instances
2023-11-08 18:18:01,483 [Test worker] INFO  com.ulisesbocchio.jasyptspringboot.EncryptablePropertySourceConverter(makeEncryptable:105) - Skipping PropertySource configurationProperties [class org.springframework.boot.context.properties.source.ConfigurationPropertySourcesPropertySource
2023-11-08 18:18:01,484 [Test worker] INFO  com.ulisesbocchio.jasyptspringboot.EncryptablePropertySourceConverter(makeEncryptable:110) - Converting PropertySource test [org.springframework.core.env.MapPropertySource] to EncryptableMapPropertySourceWrapper
2023-11-08 18:18:01,484 [Test worker] INFO  com.ulisesbocchio.jasyptspringboot.EncryptablePropertySourceConverter(makeEncryptable:110) - Converting PropertySource Inlined Test Properties [org.springframework.core.env.MapPropertySource] to EncryptableMapPropertySourceWrapper
2023-11-08 18:18:01,484 [Test worker] INFO  com.ulisesbocchio.jasyptspringboot.EncryptablePropertySourceConverter(makeEncryptable:105) - Skipping PropertySource servletConfigInitParams [class org.springframework.core.env.PropertySource$StubPropertySource
2023-11-08 18:18:01,484 [Test worker] INFO  com.ulisesbocchio.jasyptspringboot.EncryptablePropertySourceConverter(makeEncryptable:110) - Converting PropertySource servletContextInitParams [org.springframework.web.context.support.ServletContextPropertySource] to EncryptableEnumerablePropertySourceWrapper
2023-11-08 18:18:01,484 [Test worker] INFO  com.ulisesbocchio.jasyptspringboot.EncryptablePropertySourceConverter(makeEncryptable:110) - Converting PropertySource systemProperties [org.springframework.core.env.PropertiesPropertySource] to EncryptableMapPropertySourceWrapper
2023-11-08 18:18:01,485 [Test worker] INFO  com.ulisesbocchio.jasyptspringboot.EncryptablePropertySourceConverter(makeEncryptable:110) - Converting PropertySource systemEnvironment [org.springframework.boot.env.SystemEnvironmentPropertySourceEnvironmentPostProcessor$OriginAwareSystemEnvironmentPropertySource] to EncryptableSystemEnvironmentPropertySourceWrapper
2023-11-08 18:18:01,485 [Test worker] INFO  com.ulisesbocchio.jasyptspringboot.EncryptablePropertySourceConverter(makeEncryptable:110) - Converting PropertySource random [org.springframework.boot.env.RandomValuePropertySource] to EncryptablePropertySourceWrapper
2023-11-08 18:18:01,485 [Test worker] INFO  com.ulisesbocchio.jasyptspringboot.EncryptablePropertySourceConverter(makeEncryptable:110) - Converting PropertySource Config resource 'class path resource [application-prod.yml]' via location 'optional:classpath:/' [org.springframework.boot.env.OriginTrackedMapPropertySource] to EncryptableMapPropertySourceWrapper
2023-11-08 18:18:01,485 [Test worker] INFO  com.ulisesbocchio.jasyptspringboot.EncryptablePropertySourceConverter(makeEncryptable:110) - Converting PropertySource Config resource 'class path resource [application.yml]' via location 'optional:classpath:/' [org.springframework.boot.env.OriginTrackedMapPropertySource] to EncryptableMapPropertySourceWrapper
2023-11-08 18:18:01,531 [Test worker] INFO  com.ulisesbocchio.jasyptspringboot.filter.DefaultLazyPropertyFilter(lambda$new$2:45) - Property Filter custom Bean not found with name 'encryptablePropertyFilter'. Initializing Default Property Filter
2023-11-08 18:18:01,538 [Test worker] INFO  com.ulisesbocchio.jasyptspringboot.resolver.DefaultLazyPropertyResolver(lambda$new$2:46) - Property Resolver custom Bean not found with name 'encryptablePropertyResolver'. Initializing Default Property Resolver
2023-11-08 18:18:01,539 [Test worker] INFO  com.ulisesbocchio.jasyptspringboot.detector.DefaultLazyPropertyDetector(lambda$new$2:44) - Property Detector custom Bean not found with name 'encryptablePropertyDetector'. Initializing Default Property Detector
2023-11-08 18:18:01,574 [Test worker] INFO  org.hibernate.jpa.internal.util.LogHelper(logPersistenceUnitInformation:31) - HHH000204: Processing PersistenceUnitInfo [name: default]
2023-11-08 18:18:01,595 [Test worker] INFO  org.hibernate.Version(logVersion:44) - HHH000412: Hibernate ORM core version 6.2.5.Final
2023-11-08 18:18:01,596 [Test worker] INFO  org.hibernate.cfg.Environment(<clinit>:191) - HHH000406: Using bytecode reflection optimizer
2023-11-08 18:18:01,599 [Test worker] INFO  org.hibernate.spatial.integration.SpatialService(<init>:42) - HHH80000001: hibernate-spatial integration enabled : true
2023-11-08 18:18:01,649 [Test worker] INFO  com.zaxxer.hikari.HikariDataSource(getConnection:110) - HikariPool-1 - Starting...
2023-11-08 18:18:01,824 [Test worker] INFO  com.zaxxer.hikari.pool.HikariPool(checkFailFast:565) - HikariPool-1 - Added connection com.mysql.cj.jdbc.ConnectionImpl@1607d391
2023-11-08 18:18:01,825 [Test worker] INFO  com.zaxxer.hikari.HikariDataSource(getConnection:123) - HikariPool-1 - Start completed.
2023-11-08 18:18:01,884 [Test worker] INFO  org.hibernate.spatial(contributeJdbcTypes:28) - HHH80000003: hibernate-spatial adding type contributions from : org.hibernate.spatial.dialect.mysql.MySQLDialectContributor
2023-11-08 18:18:01,902 [Test worker] INFO  org.hibernate.bytecode.internal.BytecodeProviderInitiator(buildBytecodeProvider:53) - HHH000021: Bytecode provider name : bytebuddy
2023-11-08 18:18:01,951 [Test worker] INFO  org.springframework.orm.jpa.persistenceunit.SpringPersistenceUnitInfo(addTransformer:87) - No LoadTimeWeaver setup: ignoring JPA class transformer
2023-11-08 18:18:01,958 [Test worker] INFO  org.hibernate.spatial(contributeJdbcTypes:28) - HHH80000003: hibernate-spatial adding type contributions from : org.hibernate.spatial.dialect.mysql.MySQLDialectContributor
2023-11-08 18:18:02,059 [Test worker] INFO  org.hibernate.bytecode.internal.BytecodeProviderInitiator(buildBytecodeProvider:53) - HHH000021: Bytecode provider name : bytebuddy
2023-11-08 18:18:02,112 [Test worker] INFO  org.hibernate.spatial(contributeFunctions:34) - HHH80000004: hibernate-spatial adding function contributions from : org.hibernate.spatial.dialect.mysql.MySQLDialectContributor
2023-11-08 18:18:02,435 [Test worker] INFO  org.hibernate.engine.transaction.jta.platform.internal.JtaPlatformInitiator(initiateService:51) - HHH000490: Using JtaPlatform implementation: [org.hibernate.engine.transaction.jta.platform.internal.NoJtaPlatform]
2023-11-08 18:18:02,596 [Test worker] INFO  org.springframework.orm.jpa.LocalContainerEntityManagerFactoryBean(buildNativeEntityManagerFactory:437) - Initialized JPA EntityManagerFactory for persistence unit 'default'
2023-11-08 18:18:02,605 [Test worker] INFO  org.hibernate.jpa.internal.util.LogHelper(logPersistenceUnitInformation:31) - HHH000204: Processing PersistenceUnitInfo [name: default]
2023-11-08 18:18:02,607 [Test worker] INFO  org.hibernate.spatial.integration.SpatialService(<init>:42) - HHH80000001: hibernate-spatial integration enabled : true
2023-11-08 18:18:02,610 [Test worker] INFO  com.zaxxer.hikari.HikariDataSource(getConnection:110) - HikariPool-2 - Starting...
2023-11-08 18:18:02,864 [Test worker] INFO  com.zaxxer.hikari.pool.HikariPool(checkFailFast:565) - HikariPool-2 - Added connection org.postgresql.jdbc.PgConnection@15e881c0
2023-11-08 18:18:02,864 [Test worker] INFO  com.zaxxer.hikari.HikariDataSource(getConnection:123) - HikariPool-2 - Start completed.
2023-11-08 18:18:02,904 [Test worker] INFO  org.hibernate.spatial(contributeJdbcTypes:28) - HHH80000003: hibernate-spatial adding type contributions from : org.hibernate.spatial.dialect.postgis.PostgisDialectContributor
2023-11-08 18:18:02,906 [Test worker] INFO  org.hibernate.bytecode.internal.BytecodeProviderInitiator(buildBytecodeProvider:53) - HHH000021: Bytecode provider name : bytebuddy
2023-11-08 18:18:02,906 [Test worker] INFO  org.springframework.orm.jpa.persistenceunit.SpringPersistenceUnitInfo(addTransformer:87) - No LoadTimeWeaver setup: ignoring JPA class transformer
2023-11-08 18:18:02,909 [Test worker] INFO  org.hibernate.spatial(contributeJdbcTypes:28) - HHH80000003: hibernate-spatial adding type contributions from : org.hibernate.spatial.dialect.postgis.PostgisDialectContributor
2023-11-08 18:18:02,915 [Test worker] INFO  org.hibernate.bytecode.internal.BytecodeProviderInitiator(buildBytecodeProvider:53) - HHH000021: Bytecode provider name : bytebuddy
2023-11-08 18:18:02,919 [Test worker] INFO  org.hibernate.spatial(contributeFunctions:41) - HHH80000004: hibernate-spatial adding function contributions from : org.hibernate.spatial.dialect.postgis.PostgisDialectContributor
2023-11-08 18:18:02,936 [Test worker] INFO  org.hibernate.engine.transaction.jta.platform.internal.JtaPlatformInitiator(initiateService:51) - HHH000490: Using JtaPlatform implementation: [org.hibernate.engine.transaction.jta.platform.internal.NoJtaPlatform]
2023-11-08 18:18:03,084 [Test worker] INFO  org.springframework.orm.jpa.LocalContainerEntityManagerFactoryBean(buildNativeEntityManagerFactory:437) - Initialized JPA EntityManagerFactory for persistence unit 'default'
2023-11-08 18:18:03,214 [Test worker] INFO  org.springframework.data.jpa.repository.query.QueryEnhancerFactory(<clinit>:47) - Hibernate is in classpath; If applicable, HQL parser will be used.
2023-11-08 18:18:04,124 [Test worker] WARN  org.springframework.boot.autoconfigure.orm.jpa.JpaBaseConfiguration$JpaWebConfiguration(openEntityManagerInViewInterceptor:231) - spring.jpa.open-in-view is enabled by default. Therefore, database queries may be performed during view rendering. Explicitly configure spring.jpa.open-in-view to disable this warning
2023-11-08 18:18:04,290 [Test worker] INFO  com.mjuAppSW.joA.JProjectApplicationTests(logStarted:57) - Started JProjectApplicationTests in 4.578 seconds (process running for 5.291)
2023-11-08 18:18:04,739 [SpringApplicationShutdownHook] INFO  org.springframework.orm.jpa.LocalContainerEntityManagerFactoryBean(destroy:650) - Closing JPA EntityManagerFactory for persistence unit 'default'
2023-11-08 18:18:04,740 [SpringApplicationShutdownHook] INFO  com.zaxxer.hikari.HikariDataSource(close:350) - HikariPool-2 - Shutdown initiated...
2023-11-08 18:18:04,743 [SpringApplicationShutdownHook] INFO  com.zaxxer.hikari.HikariDataSource(close:352) - HikariPool-2 - Shutdown completed.
2023-11-08 18:18:04,743 [SpringApplicationShutdownHook] INFO  org.springframework.orm.jpa.LocalContainerEntityManagerFactoryBean(destroy:650) - Closing JPA EntityManagerFactory for persistence unit 'default'
2023-11-08 18:18:04,744 [SpringApplicationShutdownHook] INFO  com.zaxxer.hikari.HikariDataSource(close:350) - HikariPool-1 - Shutdown initiated...
2023-11-08 18:18:04,910 [SpringApplicationShutdownHook] INFO  com.zaxxer.hikari.HikariDataSource(close:352) - HikariPool-1 - Shutdown completed.
2023-11-08 20:07:46,065 [Test worker] INFO  org.springframework.test.context.support.AnnotationConfigContextLoaderUtils(detectDefaultConfigurationClasses:83) - Could not detect default configuration classes for test class [com.mjuAppSW.joA.JProjectApplicationTests]: JProjectApplicationTests does not declare any static, non-private, non-final, nested classes annotated with @Configuration.
2023-11-08 20:07:46,111 [Test worker] INFO  org.springframework.boot.test.context.SpringBootTestContextBootstrapper(getOrFindConfigurationClasses:248) - Found @SpringBootConfiguration com.mjuAppSW.joA.JProjectApplication for test class com.mjuAppSW.joA.JProjectApplicationTests
2023-11-08 20:07:46,271 [background-preinit] INFO  org.hibernate.validator.internal.util.Version(<clinit>:21) - HV000001: Hibernate Validator 8.0.0.Final
2023-11-08 20:07:46,281 [Test worker] INFO  com.mjuAppSW.joA.JProjectApplicationTests(logStarting:51) - Starting JProjectApplicationTests using Java 17.0.5 with PID 4741 (started by mimi in /Users/mimi/Desktop/JProject)
2023-11-08 20:07:46,786 [Test worker] INFO  com.mjuAppSW.joA.JProjectApplicationTests(logStartupProfileInfo:640) - The following 1 profile is active: "prod"
2023-11-08 20:07:47,135 [Test worker] INFO  org.springframework.data.repository.config.RepositoryConfigurationDelegate(registerRepositoriesIn:138) - Bootstrapping Spring Data JPA repositories in DEFAULT mode.
2023-11-08 20:07:47,169 [Test worker] INFO  org.springframework.data.repository.config.RepositoryConfigurationDelegate(registerRepositoriesIn:208) - Finished Spring Data repository scanning in 30 ms. Found 11 JPA repository interfaces.
2023-11-08 20:07:47,170 [Test worker] INFO  org.springframework.data.repository.config.RepositoryConfigurationDelegate(registerRepositoriesIn:138) - Bootstrapping Spring Data JPA repositories in DEFAULT mode.
2023-11-08 20:07:47,174 [Test worker] INFO  org.springframework.data.repository.config.RepositoryConfigurationDelegate(registerRepositoriesIn:208) - Finished Spring Data repository scanning in 4 ms. Found 2 JPA repository interfaces.
2023-11-08 20:07:47,379 [Test worker] INFO  com.ulisesbocchio.jasyptspringboot.configuration.EnableEncryptablePropertiesBeanFactoryPostProcessor(postProcessBeanFactory:44) - Post-processing PropertySource instances
2023-11-08 20:07:47,381 [Test worker] INFO  com.ulisesbocchio.jasyptspringboot.EncryptablePropertySourceConverter(makeEncryptable:105) - Skipping PropertySource configurationProperties [class org.springframework.boot.context.properties.source.ConfigurationPropertySourcesPropertySource
2023-11-08 20:07:47,382 [Test worker] INFO  com.ulisesbocchio.jasyptspringboot.EncryptablePropertySourceConverter(makeEncryptable:110) - Converting PropertySource test [org.springframework.core.env.MapPropertySource] to EncryptableMapPropertySourceWrapper
2023-11-08 20:07:47,382 [Test worker] INFO  com.ulisesbocchio.jasyptspringboot.EncryptablePropertySourceConverter(makeEncryptable:110) - Converting PropertySource Inlined Test Properties [org.springframework.core.env.MapPropertySource] to EncryptableMapPropertySourceWrapper
2023-11-08 20:07:47,382 [Test worker] INFO  com.ulisesbocchio.jasyptspringboot.EncryptablePropertySourceConverter(makeEncryptable:105) - Skipping PropertySource servletConfigInitParams [class org.springframework.core.env.PropertySource$StubPropertySource
2023-11-08 20:07:47,382 [Test worker] INFO  com.ulisesbocchio.jasyptspringboot.EncryptablePropertySourceConverter(makeEncryptable:110) - Converting PropertySource servletContextInitParams [org.springframework.web.context.support.ServletContextPropertySource] to EncryptableEnumerablePropertySourceWrapper
2023-11-08 20:07:47,383 [Test worker] INFO  com.ulisesbocchio.jasyptspringboot.EncryptablePropertySourceConverter(makeEncryptable:110) - Converting PropertySource systemProperties [org.springframework.core.env.PropertiesPropertySource] to EncryptableMapPropertySourceWrapper
2023-11-08 20:07:47,383 [Test worker] INFO  com.ulisesbocchio.jasyptspringboot.EncryptablePropertySourceConverter(makeEncryptable:110) - Converting PropertySource systemEnvironment [org.springframework.boot.env.SystemEnvironmentPropertySourceEnvironmentPostProcessor$OriginAwareSystemEnvironmentPropertySource] to EncryptableSystemEnvironmentPropertySourceWrapper
2023-11-08 20:07:47,383 [Test worker] INFO  com.ulisesbocchio.jasyptspringboot.EncryptablePropertySourceConverter(makeEncryptable:110) - Converting PropertySource random [org.springframework.boot.env.RandomValuePropertySource] to EncryptablePropertySourceWrapper
2023-11-08 20:07:47,383 [Test worker] INFO  com.ulisesbocchio.jasyptspringboot.EncryptablePropertySourceConverter(makeEncryptable:110) - Converting PropertySource Config resource 'class path resource [application-prod.yml]' via location 'optional:classpath:/' [org.springframework.boot.env.OriginTrackedMapPropertySource] to EncryptableMapPropertySourceWrapper
2023-11-08 20:07:47,383 [Test worker] INFO  com.ulisesbocchio.jasyptspringboot.EncryptablePropertySourceConverter(makeEncryptable:110) - Converting PropertySource Config resource 'class path resource [application.yml]' via location 'optional:classpath:/' [org.springframework.boot.env.OriginTrackedMapPropertySource] to EncryptableMapPropertySourceWrapper
2023-11-08 20:07:47,431 [Test worker] INFO  com.ulisesbocchio.jasyptspringboot.filter.DefaultLazyPropertyFilter(lambda$new$2:45) - Property Filter custom Bean not found with name 'encryptablePropertyFilter'. Initializing Default Property Filter
2023-11-08 20:07:47,438 [Test worker] INFO  com.ulisesbocchio.jasyptspringboot.resolver.DefaultLazyPropertyResolver(lambda$new$2:46) - Property Resolver custom Bean not found with name 'encryptablePropertyResolver'. Initializing Default Property Resolver
2023-11-08 20:07:47,439 [Test worker] INFO  com.ulisesbocchio.jasyptspringboot.detector.DefaultLazyPropertyDetector(lambda$new$2:44) - Property Detector custom Bean not found with name 'encryptablePropertyDetector'. Initializing Default Property Detector
2023-11-08 20:07:47,474 [Test worker] INFO  org.hibernate.jpa.internal.util.LogHelper(logPersistenceUnitInformation:31) - HHH000204: Processing PersistenceUnitInfo [name: default]
2023-11-08 20:07:47,496 [Test worker] INFO  org.hibernate.Version(logVersion:44) - HHH000412: Hibernate ORM core version 6.2.5.Final
2023-11-08 20:07:47,497 [Test worker] INFO  org.hibernate.cfg.Environment(<clinit>:191) - HHH000406: Using bytecode reflection optimizer
2023-11-08 20:07:47,501 [Test worker] INFO  org.hibernate.spatial.integration.SpatialService(<init>:42) - HHH80000001: hibernate-spatial integration enabled : true
2023-11-08 20:07:47,559 [Test worker] INFO  com.zaxxer.hikari.HikariDataSource(getConnection:110) - HikariPool-1 - Starting...
2023-11-08 20:07:47,677 [Test worker] INFO  com.zaxxer.hikari.pool.HikariPool(checkFailFast:565) - HikariPool-1 - Added connection com.mysql.cj.jdbc.ConnectionImpl@29f8134
2023-11-08 20:07:47,678 [Test worker] INFO  com.zaxxer.hikari.HikariDataSource(getConnection:123) - HikariPool-1 - Start completed.
2023-11-08 20:07:47,729 [Test worker] INFO  org.hibernate.spatial(contributeJdbcTypes:28) - HHH80000003: hibernate-spatial adding type contributions from : org.hibernate.spatial.dialect.mysql.MySQLDialectContributor
2023-11-08 20:07:47,751 [Test worker] INFO  org.hibernate.bytecode.internal.BytecodeProviderInitiator(buildBytecodeProvider:53) - HHH000021: Bytecode provider name : bytebuddy
2023-11-08 20:07:47,803 [Test worker] INFO  org.springframework.orm.jpa.persistenceunit.SpringPersistenceUnitInfo(addTransformer:87) - No LoadTimeWeaver setup: ignoring JPA class transformer
2023-11-08 20:07:47,812 [Test worker] INFO  org.hibernate.spatial(contributeJdbcTypes:28) - HHH80000003: hibernate-spatial adding type contributions from : org.hibernate.spatial.dialect.mysql.MySQLDialectContributor
2023-11-08 20:07:47,913 [Test worker] INFO  org.hibernate.bytecode.internal.BytecodeProviderInitiator(buildBytecodeProvider:53) - HHH000021: Bytecode provider name : bytebuddy
2023-11-08 20:07:47,966 [Test worker] INFO  org.hibernate.spatial(contributeFunctions:34) - HHH80000004: hibernate-spatial adding function contributions from : org.hibernate.spatial.dialect.mysql.MySQLDialectContributor
2023-11-08 20:07:48,291 [Test worker] INFO  org.hibernate.engine.transaction.jta.platform.internal.JtaPlatformInitiator(initiateService:51) - HHH000490: Using JtaPlatform implementation: [org.hibernate.engine.transaction.jta.platform.internal.NoJtaPlatform]
2023-11-08 20:07:52,135 [Test worker] INFO  org.springframework.orm.jpa.LocalContainerEntityManagerFactoryBean(buildNativeEntityManagerFactory:437) - Initialized JPA EntityManagerFactory for persistence unit 'default'
2023-11-08 20:07:52,154 [Test worker] INFO  org.hibernate.jpa.internal.util.LogHelper(logPersistenceUnitInformation:31) - HHH000204: Processing PersistenceUnitInfo [name: default]
2023-11-08 20:07:52,157 [Test worker] INFO  org.hibernate.spatial.integration.SpatialService(<init>:42) - HHH80000001: hibernate-spatial integration enabled : true
2023-11-08 20:07:52,161 [Test worker] INFO  com.zaxxer.hikari.HikariDataSource(getConnection:110) - HikariPool-2 - Starting...
2023-11-08 20:07:52,390 [Test worker] INFO  com.zaxxer.hikari.pool.HikariPool(checkFailFast:565) - HikariPool-2 - Added connection org.postgresql.jdbc.PgConnection@73543048
2023-11-08 20:07:52,390 [Test worker] INFO  com.zaxxer.hikari.HikariDataSource(getConnection:123) - HikariPool-2 - Start completed.
2023-11-08 20:07:52,419 [Test worker] INFO  org.hibernate.spatial(contributeJdbcTypes:28) - HHH80000003: hibernate-spatial adding type contributions from : org.hibernate.spatial.dialect.postgis.PostgisDialectContributor
2023-11-08 20:07:52,421 [Test worker] INFO  org.hibernate.bytecode.internal.BytecodeProviderInitiator(buildBytecodeProvider:53) - HHH000021: Bytecode provider name : bytebuddy
2023-11-08 20:07:52,421 [Test worker] INFO  org.springframework.orm.jpa.persistenceunit.SpringPersistenceUnitInfo(addTransformer:87) - No LoadTimeWeaver setup: ignoring JPA class transformer
2023-11-08 20:07:52,424 [Test worker] INFO  org.hibernate.spatial(contributeJdbcTypes:28) - HHH80000003: hibernate-spatial adding type contributions from : org.hibernate.spatial.dialect.postgis.PostgisDialectContributor
2023-11-08 20:07:52,428 [Test worker] INFO  org.hibernate.bytecode.internal.BytecodeProviderInitiator(buildBytecodeProvider:53) - HHH000021: Bytecode provider name : bytebuddy
2023-11-08 20:07:52,432 [Test worker] INFO  org.hibernate.spatial(contributeFunctions:41) - HHH80000004: hibernate-spatial adding function contributions from : org.hibernate.spatial.dialect.postgis.PostgisDialectContributor
2023-11-08 20:07:52,448 [Test worker] INFO  org.hibernate.engine.transaction.jta.platform.internal.JtaPlatformInitiator(initiateService:51) - HHH000490: Using JtaPlatform implementation: [org.hibernate.engine.transaction.jta.platform.internal.NoJtaPlatform]
2023-11-08 20:07:52,627 [Test worker] INFO  org.springframework.orm.jpa.LocalContainerEntityManagerFactoryBean(buildNativeEntityManagerFactory:437) - Initialized JPA EntityManagerFactory for persistence unit 'default'
2023-11-08 20:07:52,739 [Test worker] INFO  org.springframework.data.jpa.repository.query.QueryEnhancerFactory(<clinit>:47) - Hibernate is in classpath; If applicable, HQL parser will be used.
2023-11-08 20:07:53,667 [Test worker] WARN  org.springframework.boot.autoconfigure.orm.jpa.JpaBaseConfiguration$JpaWebConfiguration(openEntityManagerInViewInterceptor:231) - spring.jpa.open-in-view is enabled by default. Therefore, database queries may be performed during view rendering. Explicitly configure spring.jpa.open-in-view to disable this warning
2023-11-08 20:07:53,822 [Test worker] INFO  com.mjuAppSW.joA.JProjectApplicationTests(logStarted:57) - Started JProjectApplicationTests in 7.661 seconds (process running for 8.402)
2023-11-08 20:07:54,523 [SpringApplicationShutdownHook] INFO  org.springframework.orm.jpa.LocalContainerEntityManagerFactoryBean(destroy:650) - Closing JPA EntityManagerFactory for persistence unit 'default'
2023-11-08 20:07:54,524 [SpringApplicationShutdownHook] INFO  com.zaxxer.hikari.HikariDataSource(close:350) - HikariPool-2 - Shutdown initiated...
2023-11-08 20:07:54,527 [SpringApplicationShutdownHook] INFO  com.zaxxer.hikari.HikariDataSource(close:352) - HikariPool-2 - Shutdown completed.
2023-11-08 20:07:54,527 [SpringApplicationShutdownHook] INFO  org.springframework.orm.jpa.LocalContainerEntityManagerFactoryBean(destroy:650) - Closing JPA EntityManagerFactory for persistence unit 'default'
2023-11-08 20:07:54,527 [SpringApplicationShutdownHook] INFO  com.zaxxer.hikari.HikariDataSource(close:350) - HikariPool-1 - Shutdown initiated...
2023-11-08 20:07:54,602 [SpringApplicationShutdownHook] INFO  com.zaxxer.hikari.HikariDataSource(close:352) - HikariPool-1 - Shutdown completed.
2023-11-08 20:10:22,291 [Test worker] INFO  org.springframework.test.context.support.AnnotationConfigContextLoaderUtils(detectDefaultConfigurationClasses:83) - Could not detect default configuration classes for test class [com.mjuAppSW.joA.JProjectApplicationTests]: JProjectApplicationTests does not declare any static, non-private, non-final, nested classes annotated with @Configuration.
2023-11-08 20:10:22,338 [Test worker] INFO  org.springframework.boot.test.context.SpringBootTestContextBootstrapper(getOrFindConfigurationClasses:248) - Found @SpringBootConfiguration com.mjuAppSW.joA.JProjectApplication for test class com.mjuAppSW.joA.JProjectApplicationTests
2023-11-08 20:10:22,501 [background-preinit] INFO  org.hibernate.validator.internal.util.Version(<clinit>:21) - HV000001: Hibernate Validator 8.0.0.Final
2023-11-08 20:10:22,511 [Test worker] INFO  com.mjuAppSW.joA.JProjectApplicationTests(logStarting:51) - Starting JProjectApplicationTests using Java 17.0.5 with PID 4812 (started by mimi in /Users/mimi/Desktop/JProject)
2023-11-08 20:10:22,901 [Test worker] INFO  com.mjuAppSW.joA.JProjectApplicationTests(logStartupProfileInfo:640) - The following 1 profile is active: "prod"
2023-11-08 20:10:23,203 [Test worker] INFO  org.springframework.data.repository.config.RepositoryConfigurationDelegate(registerRepositoriesIn:138) - Bootstrapping Spring Data JPA repositories in DEFAULT mode.
2023-11-08 20:10:23,234 [Test worker] INFO  org.springframework.data.repository.config.RepositoryConfigurationDelegate(registerRepositoriesIn:208) - Finished Spring Data repository scanning in 28 ms. Found 11 JPA repository interfaces.
2023-11-08 20:10:23,235 [Test worker] INFO  org.springframework.data.repository.config.RepositoryConfigurationDelegate(registerRepositoriesIn:138) - Bootstrapping Spring Data JPA repositories in DEFAULT mode.
2023-11-08 20:10:23,241 [Test worker] INFO  org.springframework.data.repository.config.RepositoryConfigurationDelegate(registerRepositoriesIn:208) - Finished Spring Data repository scanning in 5 ms. Found 2 JPA repository interfaces.
2023-11-08 20:10:23,440 [Test worker] INFO  com.ulisesbocchio.jasyptspringboot.configuration.EnableEncryptablePropertiesBeanFactoryPostProcessor(postProcessBeanFactory:44) - Post-processing PropertySource instances
2023-11-08 20:10:23,443 [Test worker] INFO  com.ulisesbocchio.jasyptspringboot.EncryptablePropertySourceConverter(makeEncryptable:105) - Skipping PropertySource configurationProperties [class org.springframework.boot.context.properties.source.ConfigurationPropertySourcesPropertySource
2023-11-08 20:10:23,443 [Test worker] INFO  com.ulisesbocchio.jasyptspringboot.EncryptablePropertySourceConverter(makeEncryptable:110) - Converting PropertySource test [org.springframework.core.env.MapPropertySource] to EncryptableMapPropertySourceWrapper
2023-11-08 20:10:23,443 [Test worker] INFO  com.ulisesbocchio.jasyptspringboot.EncryptablePropertySourceConverter(makeEncryptable:110) - Converting PropertySource Inlined Test Properties [org.springframework.core.env.MapPropertySource] to EncryptableMapPropertySourceWrapper
2023-11-08 20:10:23,444 [Test worker] INFO  com.ulisesbocchio.jasyptspringboot.EncryptablePropertySourceConverter(makeEncryptable:105) - Skipping PropertySource servletConfigInitParams [class org.springframework.core.env.PropertySource$StubPropertySource
2023-11-08 20:10:23,444 [Test worker] INFO  com.ulisesbocchio.jasyptspringboot.EncryptablePropertySourceConverter(makeEncryptable:110) - Converting PropertySource servletContextInitParams [org.springframework.web.context.support.ServletContextPropertySource] to EncryptableEnumerablePropertySourceWrapper
2023-11-08 20:10:23,444 [Test worker] INFO  com.ulisesbocchio.jasyptspringboot.EncryptablePropertySourceConverter(makeEncryptable:110) - Converting PropertySource systemProperties [org.springframework.core.env.PropertiesPropertySource] to EncryptableMapPropertySourceWrapper
2023-11-08 20:10:23,444 [Test worker] INFO  com.ulisesbocchio.jasyptspringboot.EncryptablePropertySourceConverter(makeEncryptable:110) - Converting PropertySource systemEnvironment [org.springframework.boot.env.SystemEnvironmentPropertySourceEnvironmentPostProcessor$OriginAwareSystemEnvironmentPropertySource] to EncryptableSystemEnvironmentPropertySourceWrapper
2023-11-08 20:10:23,444 [Test worker] INFO  com.ulisesbocchio.jasyptspringboot.EncryptablePropertySourceConverter(makeEncryptable:110) - Converting PropertySource random [org.springframework.boot.env.RandomValuePropertySource] to EncryptablePropertySourceWrapper
2023-11-08 20:10:23,444 [Test worker] INFO  com.ulisesbocchio.jasyptspringboot.EncryptablePropertySourceConverter(makeEncryptable:110) - Converting PropertySource Config resource 'class path resource [application-prod.yml]' via location 'optional:classpath:/' [org.springframework.boot.env.OriginTrackedMapPropertySource] to EncryptableMapPropertySourceWrapper
2023-11-08 20:10:23,444 [Test worker] INFO  com.ulisesbocchio.jasyptspringboot.EncryptablePropertySourceConverter(makeEncryptable:110) - Converting PropertySource Config resource 'class path resource [application.yml]' via location 'optional:classpath:/' [org.springframework.boot.env.OriginTrackedMapPropertySource] to EncryptableMapPropertySourceWrapper
2023-11-08 20:10:23,491 [Test worker] INFO  com.ulisesbocchio.jasyptspringboot.filter.DefaultLazyPropertyFilter(lambda$new$2:45) - Property Filter custom Bean not found with name 'encryptablePropertyFilter'. Initializing Default Property Filter
2023-11-08 20:10:23,498 [Test worker] INFO  com.ulisesbocchio.jasyptspringboot.resolver.DefaultLazyPropertyResolver(lambda$new$2:46) - Property Resolver custom Bean not found with name 'encryptablePropertyResolver'. Initializing Default Property Resolver
2023-11-08 20:10:23,499 [Test worker] INFO  com.ulisesbocchio.jasyptspringboot.detector.DefaultLazyPropertyDetector(lambda$new$2:44) - Property Detector custom Bean not found with name 'encryptablePropertyDetector'. Initializing Default Property Detector
2023-11-08 20:10:23,540 [Test worker] INFO  org.hibernate.jpa.internal.util.LogHelper(logPersistenceUnitInformation:31) - HHH000204: Processing PersistenceUnitInfo [name: default]
2023-11-08 20:10:23,561 [Test worker] INFO  org.hibernate.Version(logVersion:44) - HHH000412: Hibernate ORM core version 6.2.5.Final
2023-11-08 20:10:23,562 [Test worker] INFO  org.hibernate.cfg.Environment(<clinit>:191) - HHH000406: Using bytecode reflection optimizer
2023-11-08 20:10:23,565 [Test worker] INFO  org.hibernate.spatial.integration.SpatialService(<init>:42) - HHH80000001: hibernate-spatial integration enabled : true
2023-11-08 20:10:23,620 [Test worker] INFO  com.zaxxer.hikari.HikariDataSource(getConnection:110) - HikariPool-1 - Starting...
2023-11-08 20:10:23,734 [Test worker] INFO  com.zaxxer.hikari.pool.HikariPool(checkFailFast:565) - HikariPool-1 - Added connection com.mysql.cj.jdbc.ConnectionImpl@23bd2f6e
2023-11-08 20:10:23,735 [Test worker] INFO  com.zaxxer.hikari.HikariDataSource(getConnection:123) - HikariPool-1 - Start completed.
2023-11-08 20:10:23,788 [Test worker] INFO  org.hibernate.spatial(contributeJdbcTypes:28) - HHH80000003: hibernate-spatial adding type contributions from : org.hibernate.spatial.dialect.mysql.MySQLDialectContributor
2023-11-08 20:10:23,806 [Test worker] INFO  org.hibernate.bytecode.internal.BytecodeProviderInitiator(buildBytecodeProvider:53) - HHH000021: Bytecode provider name : bytebuddy
2023-11-08 20:10:23,854 [Test worker] INFO  org.springframework.orm.jpa.persistenceunit.SpringPersistenceUnitInfo(addTransformer:87) - No LoadTimeWeaver setup: ignoring JPA class transformer
2023-11-08 20:10:23,862 [Test worker] INFO  org.hibernate.spatial(contributeJdbcTypes:28) - HHH80000003: hibernate-spatial adding type contributions from : org.hibernate.spatial.dialect.mysql.MySQLDialectContributor
2023-11-08 20:10:23,970 [Test worker] INFO  org.hibernate.bytecode.internal.BytecodeProviderInitiator(buildBytecodeProvider:53) - HHH000021: Bytecode provider name : bytebuddy
2023-11-08 20:10:24,022 [Test worker] INFO  org.hibernate.spatial(contributeFunctions:34) - HHH80000004: hibernate-spatial adding function contributions from : org.hibernate.spatial.dialect.mysql.MySQLDialectContributor
2023-11-08 20:10:24,353 [Test worker] INFO  org.hibernate.engine.transaction.jta.platform.internal.JtaPlatformInitiator(initiateService:51) - HHH000490: Using JtaPlatform implementation: [org.hibernate.engine.transaction.jta.platform.internal.NoJtaPlatform]
2023-11-08 20:10:28,384 [Test worker] INFO  org.springframework.orm.jpa.LocalContainerEntityManagerFactoryBean(buildNativeEntityManagerFactory:437) - Initialized JPA EntityManagerFactory for persistence unit 'default'
2023-11-08 20:10:28,416 [Test worker] INFO  org.hibernate.jpa.internal.util.LogHelper(logPersistenceUnitInformation:31) - HHH000204: Processing PersistenceUnitInfo [name: default]
2023-11-08 20:10:28,419 [Test worker] INFO  org.hibernate.spatial.integration.SpatialService(<init>:42) - HHH80000001: hibernate-spatial integration enabled : true
2023-11-08 20:10:28,423 [Test worker] INFO  com.zaxxer.hikari.HikariDataSource(getConnection:110) - HikariPool-2 - Starting...
2023-11-08 20:10:28,582 [Test worker] INFO  com.zaxxer.hikari.pool.HikariPool(checkFailFast:565) - HikariPool-2 - Added connection org.postgresql.jdbc.PgConnection@14d9ae22
2023-11-08 20:10:28,583 [Test worker] INFO  com.zaxxer.hikari.HikariDataSource(getConnection:123) - HikariPool-2 - Start completed.
2023-11-08 20:10:28,610 [Test worker] INFO  org.hibernate.spatial(contributeJdbcTypes:28) - HHH80000003: hibernate-spatial adding type contributions from : org.hibernate.spatial.dialect.postgis.PostgisDialectContributor
2023-11-08 20:10:28,611 [Test worker] INFO  org.hibernate.bytecode.internal.BytecodeProviderInitiator(buildBytecodeProvider:53) - HHH000021: Bytecode provider name : bytebuddy
2023-11-08 20:10:28,611 [Test worker] INFO  org.springframework.orm.jpa.persistenceunit.SpringPersistenceUnitInfo(addTransformer:87) - No LoadTimeWeaver setup: ignoring JPA class transformer
2023-11-08 20:10:28,616 [Test worker] INFO  org.hibernate.spatial(contributeJdbcTypes:28) - HHH80000003: hibernate-spatial adding type contributions from : org.hibernate.spatial.dialect.postgis.PostgisDialectContributor
2023-11-08 20:10:28,620 [Test worker] INFO  org.hibernate.bytecode.internal.BytecodeProviderInitiator(buildBytecodeProvider:53) - HHH000021: Bytecode provider name : bytebuddy
2023-11-08 20:10:28,624 [Test worker] INFO  org.hibernate.spatial(contributeFunctions:41) - HHH80000004: hibernate-spatial adding function contributions from : org.hibernate.spatial.dialect.postgis.PostgisDialectContributor
2023-11-08 20:10:28,639 [Test worker] INFO  org.hibernate.engine.transaction.jta.platform.internal.JtaPlatformInitiator(initiateService:51) - HHH000490: Using JtaPlatform implementation: [org.hibernate.engine.transaction.jta.platform.internal.NoJtaPlatform]
2023-11-08 20:10:28,758 [Test worker] INFO  org.springframework.orm.jpa.LocalContainerEntityManagerFactoryBean(buildNativeEntityManagerFactory:437) - Initialized JPA EntityManagerFactory for persistence unit 'default'
2023-11-08 20:10:28,885 [Test worker] INFO  org.springframework.data.jpa.repository.query.QueryEnhancerFactory(<clinit>:47) - Hibernate is in classpath; If applicable, HQL parser will be used.
2023-11-08 20:10:31,683 [Test worker] WARN  org.springframework.boot.autoconfigure.orm.jpa.JpaBaseConfiguration$JpaWebConfiguration(openEntityManagerInViewInterceptor:231) - spring.jpa.open-in-view is enabled by default. Therefore, database queries may be performed during view rendering. Explicitly configure spring.jpa.open-in-view to disable this warning
2023-11-08 20:10:31,839 [Test worker] INFO  com.mjuAppSW.joA.JProjectApplicationTests(logStarted:57) - Started JProjectApplicationTests in 9.449 seconds (process running for 10.225)
2023-11-08 20:10:32,451 [SpringApplicationShutdownHook] INFO  org.springframework.orm.jpa.LocalContainerEntityManagerFactoryBean(destroy:650) - Closing JPA EntityManagerFactory for persistence unit 'default'
2023-11-08 20:10:32,452 [SpringApplicationShutdownHook] INFO  com.zaxxer.hikari.HikariDataSource(close:350) - HikariPool-2 - Shutdown initiated...
2023-11-08 20:10:32,455 [SpringApplicationShutdownHook] INFO  com.zaxxer.hikari.HikariDataSource(close:352) - HikariPool-2 - Shutdown completed.
2023-11-08 20:10:32,455 [SpringApplicationShutdownHook] INFO  org.springframework.orm.jpa.LocalContainerEntityManagerFactoryBean(destroy:650) - Closing JPA EntityManagerFactory for persistence unit 'default'
2023-11-08 20:10:32,455 [SpringApplicationShutdownHook] INFO  com.zaxxer.hikari.HikariDataSource(close:350) - HikariPool-1 - Shutdown initiated...
2023-11-08 20:10:32,529 [SpringApplicationShutdownHook] INFO  com.zaxxer.hikari.HikariDataSource(close:352) - HikariPool-1 - Shutdown completed.
2023-11-08 20:20:20,387 [Test worker] INFO  org.springframework.test.context.support.AnnotationConfigContextLoaderUtils(detectDefaultConfigurationClasses:83) - Could not detect default configuration classes for test class [com.mjuAppSW.joA.JProjectApplicationTests]: JProjectApplicationTests does not declare any static, non-private, non-final, nested classes annotated with @Configuration.
2023-11-08 20:20:20,435 [Test worker] INFO  org.springframework.boot.test.context.SpringBootTestContextBootstrapper(getOrFindConfigurationClasses:248) - Found @SpringBootConfiguration com.mjuAppSW.joA.JProjectApplication for test class com.mjuAppSW.joA.JProjectApplicationTests
2023-11-08 20:20:20,599 [background-preinit] INFO  org.hibernate.validator.internal.util.Version(<clinit>:21) - HV000001: Hibernate Validator 8.0.0.Final
2023-11-08 20:20:20,609 [Test worker] INFO  com.mjuAppSW.joA.JProjectApplicationTests(logStarting:51) - Starting JProjectApplicationTests using Java 17.0.5 with PID 5054 (started by mimi in /Users/mimi/Desktop/JProject)
2023-11-08 20:20:21,115 [Test worker] INFO  com.mjuAppSW.joA.JProjectApplicationTests(logStartupProfileInfo:640) - The following 1 profile is active: "prod"
2023-11-08 20:20:21,754 [Test worker] INFO  org.springframework.data.repository.config.RepositoryConfigurationDelegate(registerRepositoriesIn:138) - Bootstrapping Spring Data JPA repositories in DEFAULT mode.
2023-11-08 20:20:21,788 [Test worker] INFO  org.springframework.data.repository.config.RepositoryConfigurationDelegate(registerRepositoriesIn:208) - Finished Spring Data repository scanning in 30 ms. Found 11 JPA repository interfaces.
2023-11-08 20:20:21,788 [Test worker] INFO  org.springframework.data.repository.config.RepositoryConfigurationDelegate(registerRepositoriesIn:138) - Bootstrapping Spring Data JPA repositories in DEFAULT mode.
2023-11-08 20:20:21,793 [Test worker] INFO  org.springframework.data.repository.config.RepositoryConfigurationDelegate(registerRepositoriesIn:208) - Finished Spring Data repository scanning in 3 ms. Found 2 JPA repository interfaces.
2023-11-08 20:20:22,004 [Test worker] INFO  com.ulisesbocchio.jasyptspringboot.configuration.EnableEncryptablePropertiesBeanFactoryPostProcessor(postProcessBeanFactory:44) - Post-processing PropertySource instances
2023-11-08 20:20:22,006 [Test worker] INFO  com.ulisesbocchio.jasyptspringboot.EncryptablePropertySourceConverter(makeEncryptable:105) - Skipping PropertySource configurationProperties [class org.springframework.boot.context.properties.source.ConfigurationPropertySourcesPropertySource
2023-11-08 20:20:22,006 [Test worker] INFO  com.ulisesbocchio.jasyptspringboot.EncryptablePropertySourceConverter(makeEncryptable:110) - Converting PropertySource test [org.springframework.core.env.MapPropertySource] to EncryptableMapPropertySourceWrapper
2023-11-08 20:20:22,007 [Test worker] INFO  com.ulisesbocchio.jasyptspringboot.EncryptablePropertySourceConverter(makeEncryptable:110) - Converting PropertySource Inlined Test Properties [org.springframework.core.env.MapPropertySource] to EncryptableMapPropertySourceWrapper
2023-11-08 20:20:22,007 [Test worker] INFO  com.ulisesbocchio.jasyptspringboot.EncryptablePropertySourceConverter(makeEncryptable:105) - Skipping PropertySource servletConfigInitParams [class org.springframework.core.env.PropertySource$StubPropertySource
2023-11-08 20:20:22,007 [Test worker] INFO  com.ulisesbocchio.jasyptspringboot.EncryptablePropertySourceConverter(makeEncryptable:110) - Converting PropertySource servletContextInitParams [org.springframework.web.context.support.ServletContextPropertySource] to EncryptableEnumerablePropertySourceWrapper
2023-11-08 20:20:22,007 [Test worker] INFO  com.ulisesbocchio.jasyptspringboot.EncryptablePropertySourceConverter(makeEncryptable:110) - Converting PropertySource systemProperties [org.springframework.core.env.PropertiesPropertySource] to EncryptableMapPropertySourceWrapper
2023-11-08 20:20:22,007 [Test worker] INFO  com.ulisesbocchio.jasyptspringboot.EncryptablePropertySourceConverter(makeEncryptable:110) - Converting PropertySource systemEnvironment [org.springframework.boot.env.SystemEnvironmentPropertySourceEnvironmentPostProcessor$OriginAwareSystemEnvironmentPropertySource] to EncryptableSystemEnvironmentPropertySourceWrapper
2023-11-08 20:20:22,007 [Test worker] INFO  com.ulisesbocchio.jasyptspringboot.EncryptablePropertySourceConverter(makeEncryptable:110) - Converting PropertySource random [org.springframework.boot.env.RandomValuePropertySource] to EncryptablePropertySourceWrapper
2023-11-08 20:20:22,007 [Test worker] INFO  com.ulisesbocchio.jasyptspringboot.EncryptablePropertySourceConverter(makeEncryptable:110) - Converting PropertySource Config resource 'class path resource [application-prod.yml]' via location 'optional:classpath:/' [org.springframework.boot.env.OriginTrackedMapPropertySource] to EncryptableMapPropertySourceWrapper
2023-11-08 20:20:22,008 [Test worker] INFO  com.ulisesbocchio.jasyptspringboot.EncryptablePropertySourceConverter(makeEncryptable:110) - Converting PropertySource Config resource 'class path resource [application.yml]' via location 'optional:classpath:/' [org.springframework.boot.env.OriginTrackedMapPropertySource] to EncryptableMapPropertySourceWrapper
2023-11-08 20:20:22,053 [Test worker] INFO  com.ulisesbocchio.jasyptspringboot.filter.DefaultLazyPropertyFilter(lambda$new$2:45) - Property Filter custom Bean not found with name 'encryptablePropertyFilter'. Initializing Default Property Filter
2023-11-08 20:20:22,060 [Test worker] INFO  com.ulisesbocchio.jasyptspringboot.resolver.DefaultLazyPropertyResolver(lambda$new$2:46) - Property Resolver custom Bean not found with name 'encryptablePropertyResolver'. Initializing Default Property Resolver
2023-11-08 20:20:22,061 [Test worker] INFO  com.ulisesbocchio.jasyptspringboot.detector.DefaultLazyPropertyDetector(lambda$new$2:44) - Property Detector custom Bean not found with name 'encryptablePropertyDetector'. Initializing Default Property Detector
2023-11-08 20:20:22,098 [Test worker] INFO  org.hibernate.jpa.internal.util.LogHelper(logPersistenceUnitInformation:31) - HHH000204: Processing PersistenceUnitInfo [name: default]
2023-11-08 20:20:22,119 [Test worker] INFO  org.hibernate.Version(logVersion:44) - HHH000412: Hibernate ORM core version 6.2.5.Final
2023-11-08 20:20:22,120 [Test worker] INFO  org.hibernate.cfg.Environment(<clinit>:191) - HHH000406: Using bytecode reflection optimizer
2023-11-08 20:20:22,123 [Test worker] INFO  org.hibernate.spatial.integration.SpatialService(<init>:42) - HHH80000001: hibernate-spatial integration enabled : true
2023-11-08 20:20:22,176 [Test worker] INFO  com.zaxxer.hikari.HikariDataSource(getConnection:110) - HikariPool-1 - Starting...
2023-11-08 20:20:22,282 [Test worker] INFO  com.zaxxer.hikari.pool.HikariPool(checkFailFast:565) - HikariPool-1 - Added connection com.mysql.cj.jdbc.ConnectionImpl@23bd2f6e
2023-11-08 20:20:22,284 [Test worker] INFO  com.zaxxer.hikari.HikariDataSource(getConnection:123) - HikariPool-1 - Start completed.
2023-11-08 20:20:22,349 [Test worker] INFO  org.hibernate.spatial(contributeJdbcTypes:28) - HHH80000003: hibernate-spatial adding type contributions from : org.hibernate.spatial.dialect.mysql.MySQLDialectContributor
2023-11-08 20:20:22,367 [Test worker] INFO  org.hibernate.bytecode.internal.BytecodeProviderInitiator(buildBytecodeProvider:53) - HHH000021: Bytecode provider name : bytebuddy
2023-11-08 20:20:22,417 [Test worker] INFO  org.springframework.orm.jpa.persistenceunit.SpringPersistenceUnitInfo(addTransformer:87) - No LoadTimeWeaver setup: ignoring JPA class transformer
2023-11-08 20:20:22,424 [Test worker] INFO  org.hibernate.spatial(contributeJdbcTypes:28) - HHH80000003: hibernate-spatial adding type contributions from : org.hibernate.spatial.dialect.mysql.MySQLDialectContributor
2023-11-08 20:20:22,530 [Test worker] INFO  org.hibernate.bytecode.internal.BytecodeProviderInitiator(buildBytecodeProvider:53) - HHH000021: Bytecode provider name : bytebuddy
2023-11-08 20:20:22,586 [Test worker] INFO  org.hibernate.spatial(contributeFunctions:34) - HHH80000004: hibernate-spatial adding function contributions from : org.hibernate.spatial.dialect.mysql.MySQLDialectContributor
2023-11-08 20:20:22,909 [Test worker] INFO  org.hibernate.engine.transaction.jta.platform.internal.JtaPlatformInitiator(initiateService:51) - HHH000490: Using JtaPlatform implementation: [org.hibernate.engine.transaction.jta.platform.internal.NoJtaPlatform]
2023-11-08 20:20:25,719 [Test worker] INFO  org.springframework.orm.jpa.LocalContainerEntityManagerFactoryBean(buildNativeEntityManagerFactory:437) - Initialized JPA EntityManagerFactory for persistence unit 'default'
2023-11-08 20:20:25,748 [Test worker] INFO  org.hibernate.jpa.internal.util.LogHelper(logPersistenceUnitInformation:31) - HHH000204: Processing PersistenceUnitInfo [name: default]
2023-11-08 20:20:25,750 [Test worker] INFO  org.hibernate.spatial.integration.SpatialService(<init>:42) - HHH80000001: hibernate-spatial integration enabled : true
2023-11-08 20:20:25,754 [Test worker] INFO  com.zaxxer.hikari.HikariDataSource(getConnection:110) - HikariPool-2 - Starting...
2023-11-08 20:20:25,917 [Test worker] INFO  com.zaxxer.hikari.pool.HikariPool(checkFailFast:565) - HikariPool-2 - Added connection org.postgresql.jdbc.PgConnection@14d9ae22
2023-11-08 20:20:25,917 [Test worker] INFO  com.zaxxer.hikari.HikariDataSource(getConnection:123) - HikariPool-2 - Start completed.
2023-11-08 20:20:25,949 [Test worker] INFO  org.hibernate.spatial(contributeJdbcTypes:28) - HHH80000003: hibernate-spatial adding type contributions from : org.hibernate.spatial.dialect.postgis.PostgisDialectContributor
2023-11-08 20:20:25,950 [Test worker] INFO  org.hibernate.bytecode.internal.BytecodeProviderInitiator(buildBytecodeProvider:53) - HHH000021: Bytecode provider name : bytebuddy
2023-11-08 20:20:25,951 [Test worker] INFO  org.springframework.orm.jpa.persistenceunit.SpringPersistenceUnitInfo(addTransformer:87) - No LoadTimeWeaver setup: ignoring JPA class transformer
2023-11-08 20:20:25,953 [Test worker] INFO  org.hibernate.spatial(contributeJdbcTypes:28) - HHH80000003: hibernate-spatial adding type contributions from : org.hibernate.spatial.dialect.postgis.PostgisDialectContributor
2023-11-08 20:20:25,957 [Test worker] INFO  org.hibernate.bytecode.internal.BytecodeProviderInitiator(buildBytecodeProvider:53) - HHH000021: Bytecode provider name : bytebuddy
2023-11-08 20:20:25,961 [Test worker] INFO  org.hibernate.spatial(contributeFunctions:41) - HHH80000004: hibernate-spatial adding function contributions from : org.hibernate.spatial.dialect.postgis.PostgisDialectContributor
2023-11-08 20:20:25,976 [Test worker] INFO  org.hibernate.engine.transaction.jta.platform.internal.JtaPlatformInitiator(initiateService:51) - HHH000490: Using JtaPlatform implementation: [org.hibernate.engine.transaction.jta.platform.internal.NoJtaPlatform]
2023-11-08 20:20:26,119 [Test worker] INFO  org.springframework.orm.jpa.LocalContainerEntityManagerFactoryBean(buildNativeEntityManagerFactory:437) - Initialized JPA EntityManagerFactory for persistence unit 'default'
2023-11-08 20:20:26,239 [Test worker] INFO  org.springframework.data.jpa.repository.query.QueryEnhancerFactory(<clinit>:47) - Hibernate is in classpath; If applicable, HQL parser will be used.
2023-11-08 20:20:29,663 [Test worker] WARN  org.springframework.boot.autoconfigure.orm.jpa.JpaBaseConfiguration$JpaWebConfiguration(openEntityManagerInViewInterceptor:231) - spring.jpa.open-in-view is enabled by default. Therefore, database queries may be performed during view rendering. Explicitly configure spring.jpa.open-in-view to disable this warning
2023-11-08 20:20:29,820 [Test worker] INFO  com.mjuAppSW.joA.JProjectApplicationTests(logStarted:57) - Started JProjectApplicationTests in 9.329 seconds (process running for 10.067)
2023-11-08 20:20:30,220 [SpringApplicationShutdownHook] INFO  org.springframework.orm.jpa.LocalContainerEntityManagerFactoryBean(destroy:650) - Closing JPA EntityManagerFactory for persistence unit 'default'
2023-11-08 20:20:30,220 [SpringApplicationShutdownHook] INFO  com.zaxxer.hikari.HikariDataSource(close:350) - HikariPool-2 - Shutdown initiated...
2023-11-08 20:20:30,224 [SpringApplicationShutdownHook] INFO  com.zaxxer.hikari.HikariDataSource(close:352) - HikariPool-2 - Shutdown completed.
2023-11-08 20:20:30,224 [SpringApplicationShutdownHook] INFO  org.springframework.orm.jpa.LocalContainerEntityManagerFactoryBean(destroy:650) - Closing JPA EntityManagerFactory for persistence unit 'default'
2023-11-08 20:20:30,224 [SpringApplicationShutdownHook] INFO  com.zaxxer.hikari.HikariDataSource(close:350) - HikariPool-1 - Shutdown initiated...
2023-11-08 20:20:30,298 [SpringApplicationShutdownHook] INFO  com.zaxxer.hikari.HikariDataSource(close:352) - HikariPool-1 - Shutdown completed.
2023-11-08 20:23:43,567 [Test worker] INFO  org.springframework.test.context.support.AnnotationConfigContextLoaderUtils(detectDefaultConfigurationClasses:83) - Could not detect default configuration classes for test class [com.mjuAppSW.joA.JProjectApplicationTests]: JProjectApplicationTests does not declare any static, non-private, non-final, nested classes annotated with @Configuration.
2023-11-08 20:23:43,617 [Test worker] INFO  org.springframework.boot.test.context.SpringBootTestContextBootstrapper(getOrFindConfigurationClasses:248) - Found @SpringBootConfiguration com.mjuAppSW.joA.JProjectApplication for test class com.mjuAppSW.joA.JProjectApplicationTests
2023-11-08 20:23:43,774 [background-preinit] INFO  org.hibernate.validator.internal.util.Version(<clinit>:21) - HV000001: Hibernate Validator 8.0.0.Final
2023-11-08 20:23:43,784 [Test worker] INFO  com.mjuAppSW.joA.JProjectApplicationTests(logStarting:51) - Starting JProjectApplicationTests using Java 17.0.5 with PID 5162 (started by mimi in /Users/mimi/Desktop/JProject)
2023-11-08 20:23:44,164 [Test worker] INFO  com.mjuAppSW.joA.JProjectApplicationTests(logStartupProfileInfo:640) - The following 1 profile is active: "prod"
2023-11-08 20:23:44,463 [Test worker] INFO  org.springframework.data.repository.config.RepositoryConfigurationDelegate(registerRepositoriesIn:138) - Bootstrapping Spring Data JPA repositories in DEFAULT mode.
2023-11-08 20:23:44,495 [Test worker] INFO  org.springframework.data.repository.config.RepositoryConfigurationDelegate(registerRepositoriesIn:208) - Finished Spring Data repository scanning in 28 ms. Found 11 JPA repository interfaces.
2023-11-08 20:23:44,496 [Test worker] INFO  org.springframework.data.repository.config.RepositoryConfigurationDelegate(registerRepositoriesIn:138) - Bootstrapping Spring Data JPA repositories in DEFAULT mode.
2023-11-08 20:23:44,502 [Test worker] INFO  org.springframework.data.repository.config.RepositoryConfigurationDelegate(registerRepositoriesIn:208) - Finished Spring Data repository scanning in 5 ms. Found 2 JPA repository interfaces.
2023-11-08 20:23:44,703 [Test worker] INFO  com.ulisesbocchio.jasyptspringboot.configuration.EnableEncryptablePropertiesBeanFactoryPostProcessor(postProcessBeanFactory:44) - Post-processing PropertySource instances
2023-11-08 20:23:44,705 [Test worker] INFO  com.ulisesbocchio.jasyptspringboot.EncryptablePropertySourceConverter(makeEncryptable:105) - Skipping PropertySource configurationProperties [class org.springframework.boot.context.properties.source.ConfigurationPropertySourcesPropertySource
2023-11-08 20:23:44,706 [Test worker] INFO  com.ulisesbocchio.jasyptspringboot.EncryptablePropertySourceConverter(makeEncryptable:110) - Converting PropertySource test [org.springframework.core.env.MapPropertySource] to EncryptableMapPropertySourceWrapper
2023-11-08 20:23:44,706 [Test worker] INFO  com.ulisesbocchio.jasyptspringboot.EncryptablePropertySourceConverter(makeEncryptable:110) - Converting PropertySource Inlined Test Properties [org.springframework.core.env.MapPropertySource] to EncryptableMapPropertySourceWrapper
2023-11-08 20:23:44,706 [Test worker] INFO  com.ulisesbocchio.jasyptspringboot.EncryptablePropertySourceConverter(makeEncryptable:105) - Skipping PropertySource servletConfigInitParams [class org.springframework.core.env.PropertySource$StubPropertySource
2023-11-08 20:23:44,706 [Test worker] INFO  com.ulisesbocchio.jasyptspringboot.EncryptablePropertySourceConverter(makeEncryptable:110) - Converting PropertySource servletContextInitParams [org.springframework.web.context.support.ServletContextPropertySource] to EncryptableEnumerablePropertySourceWrapper
2023-11-08 20:23:44,707 [Test worker] INFO  com.ulisesbocchio.jasyptspringboot.EncryptablePropertySourceConverter(makeEncryptable:110) - Converting PropertySource systemProperties [org.springframework.core.env.PropertiesPropertySource] to EncryptableMapPropertySourceWrapper
2023-11-08 20:23:44,707 [Test worker] INFO  com.ulisesbocchio.jasyptspringboot.EncryptablePropertySourceConverter(makeEncryptable:110) - Converting PropertySource systemEnvironment [org.springframework.boot.env.SystemEnvironmentPropertySourceEnvironmentPostProcessor$OriginAwareSystemEnvironmentPropertySource] to EncryptableSystemEnvironmentPropertySourceWrapper
2023-11-08 20:23:44,707 [Test worker] INFO  com.ulisesbocchio.jasyptspringboot.EncryptablePropertySourceConverter(makeEncryptable:110) - Converting PropertySource random [org.springframework.boot.env.RandomValuePropertySource] to EncryptablePropertySourceWrapper
2023-11-08 20:23:44,707 [Test worker] INFO  com.ulisesbocchio.jasyptspringboot.EncryptablePropertySourceConverter(makeEncryptable:110) - Converting PropertySource Config resource 'class path resource [application-prod.yml]' via location 'optional:classpath:/' [org.springframework.boot.env.OriginTrackedMapPropertySource] to EncryptableMapPropertySourceWrapper
2023-11-08 20:23:44,707 [Test worker] INFO  com.ulisesbocchio.jasyptspringboot.EncryptablePropertySourceConverter(makeEncryptable:110) - Converting PropertySource Config resource 'class path resource [application.yml]' via location 'optional:classpath:/' [org.springframework.boot.env.OriginTrackedMapPropertySource] to EncryptableMapPropertySourceWrapper
2023-11-08 20:23:44,754 [Test worker] INFO  com.ulisesbocchio.jasyptspringboot.filter.DefaultLazyPropertyFilter(lambda$new$2:45) - Property Filter custom Bean not found with name 'encryptablePropertyFilter'. Initializing Default Property Filter
2023-11-08 20:23:44,761 [Test worker] INFO  com.ulisesbocchio.jasyptspringboot.resolver.DefaultLazyPropertyResolver(lambda$new$2:46) - Property Resolver custom Bean not found with name 'encryptablePropertyResolver'. Initializing Default Property Resolver
2023-11-08 20:23:44,762 [Test worker] INFO  com.ulisesbocchio.jasyptspringboot.detector.DefaultLazyPropertyDetector(lambda$new$2:44) - Property Detector custom Bean not found with name 'encryptablePropertyDetector'. Initializing Default Property Detector
2023-11-08 20:23:44,801 [Test worker] INFO  org.hibernate.jpa.internal.util.LogHelper(logPersistenceUnitInformation:31) - HHH000204: Processing PersistenceUnitInfo [name: default]
2023-11-08 20:23:44,821 [Test worker] INFO  org.hibernate.Version(logVersion:44) - HHH000412: Hibernate ORM core version 6.2.5.Final
2023-11-08 20:23:44,822 [Test worker] INFO  org.hibernate.cfg.Environment(<clinit>:191) - HHH000406: Using bytecode reflection optimizer
2023-11-08 20:23:44,826 [Test worker] INFO  org.hibernate.spatial.integration.SpatialService(<init>:42) - HHH80000001: hibernate-spatial integration enabled : true
2023-11-08 20:23:44,883 [Test worker] INFO  com.zaxxer.hikari.HikariDataSource(getConnection:110) - HikariPool-1 - Starting...
2023-11-08 20:23:45,004 [Test worker] INFO  com.zaxxer.hikari.pool.HikariPool(checkFailFast:565) - HikariPool-1 - Added connection com.mysql.cj.jdbc.ConnectionImpl@23bd2f6e
2023-11-08 20:23:45,005 [Test worker] INFO  com.zaxxer.hikari.HikariDataSource(getConnection:123) - HikariPool-1 - Start completed.
2023-11-08 20:23:45,079 [Test worker] INFO  org.hibernate.spatial(contributeJdbcTypes:28) - HHH80000003: hibernate-spatial adding type contributions from : org.hibernate.spatial.dialect.mysql.MySQLDialectContributor
2023-11-08 20:23:45,098 [Test worker] INFO  org.hibernate.bytecode.internal.BytecodeProviderInitiator(buildBytecodeProvider:53) - HHH000021: Bytecode provider name : bytebuddy
2023-11-08 20:23:45,150 [Test worker] INFO  org.springframework.orm.jpa.persistenceunit.SpringPersistenceUnitInfo(addTransformer:87) - No LoadTimeWeaver setup: ignoring JPA class transformer
2023-11-08 20:23:45,158 [Test worker] INFO  org.hibernate.spatial(contributeJdbcTypes:28) - HHH80000003: hibernate-spatial adding type contributions from : org.hibernate.spatial.dialect.mysql.MySQLDialectContributor
2023-11-08 20:23:45,267 [Test worker] INFO  org.hibernate.bytecode.internal.BytecodeProviderInitiator(buildBytecodeProvider:53) - HHH000021: Bytecode provider name : bytebuddy
2023-11-08 20:23:45,322 [Test worker] INFO  org.hibernate.spatial(contributeFunctions:34) - HHH80000004: hibernate-spatial adding function contributions from : org.hibernate.spatial.dialect.mysql.MySQLDialectContributor
2023-11-08 20:23:45,653 [Test worker] INFO  org.hibernate.engine.transaction.jta.platform.internal.JtaPlatformInitiator(initiateService:51) - HHH000490: Using JtaPlatform implementation: [org.hibernate.engine.transaction.jta.platform.internal.NoJtaPlatform]
2023-11-08 20:23:49,136 [Test worker] INFO  org.springframework.orm.jpa.LocalContainerEntityManagerFactoryBean(buildNativeEntityManagerFactory:437) - Initialized JPA EntityManagerFactory for persistence unit 'default'
2023-11-08 20:23:49,167 [Test worker] INFO  org.hibernate.jpa.internal.util.LogHelper(logPersistenceUnitInformation:31) - HHH000204: Processing PersistenceUnitInfo [name: default]
2023-11-08 20:23:49,170 [Test worker] INFO  org.hibernate.spatial.integration.SpatialService(<init>:42) - HHH80000001: hibernate-spatial integration enabled : true
2023-11-08 20:23:49,173 [Test worker] INFO  com.zaxxer.hikari.HikariDataSource(getConnection:110) - HikariPool-2 - Starting...
2023-11-08 20:23:49,342 [Test worker] INFO  com.zaxxer.hikari.pool.HikariPool(checkFailFast:565) - HikariPool-2 - Added connection org.postgresql.jdbc.PgConnection@14d9ae22
2023-11-08 20:23:49,342 [Test worker] INFO  com.zaxxer.hikari.HikariDataSource(getConnection:123) - HikariPool-2 - Start completed.
2023-11-08 20:23:49,374 [Test worker] INFO  org.hibernate.spatial(contributeJdbcTypes:28) - HHH80000003: hibernate-spatial adding type contributions from : org.hibernate.spatial.dialect.postgis.PostgisDialectContributor
2023-11-08 20:23:49,377 [Test worker] INFO  org.hibernate.bytecode.internal.BytecodeProviderInitiator(buildBytecodeProvider:53) - HHH000021: Bytecode provider name : bytebuddy
2023-11-08 20:23:49,377 [Test worker] INFO  org.springframework.orm.jpa.persistenceunit.SpringPersistenceUnitInfo(addTransformer:87) - No LoadTimeWeaver setup: ignoring JPA class transformer
2023-11-08 20:23:49,379 [Test worker] INFO  org.hibernate.spatial(contributeJdbcTypes:28) - HHH80000003: hibernate-spatial adding type contributions from : org.hibernate.spatial.dialect.postgis.PostgisDialectContributor
2023-11-08 20:23:49,383 [Test worker] INFO  org.hibernate.bytecode.internal.BytecodeProviderInitiator(buildBytecodeProvider:53) - HHH000021: Bytecode provider name : bytebuddy
2023-11-08 20:23:49,387 [Test worker] INFO  org.hibernate.spatial(contributeFunctions:41) - HHH80000004: hibernate-spatial adding function contributions from : org.hibernate.spatial.dialect.postgis.PostgisDialectContributor
2023-11-08 20:23:49,403 [Test worker] INFO  org.hibernate.engine.transaction.jta.platform.internal.JtaPlatformInitiator(initiateService:51) - HHH000490: Using JtaPlatform implementation: [org.hibernate.engine.transaction.jta.platform.internal.NoJtaPlatform]
2023-11-08 20:23:49,510 [Test worker] INFO  org.springframework.orm.jpa.LocalContainerEntityManagerFactoryBean(buildNativeEntityManagerFactory:437) - Initialized JPA EntityManagerFactory for persistence unit 'default'
2023-11-08 20:23:49,633 [Test worker] INFO  org.springframework.data.jpa.repository.query.QueryEnhancerFactory(<clinit>:47) - Hibernate is in classpath; If applicable, HQL parser will be used.
2023-11-08 20:23:51,158 [Test worker] WARN  org.springframework.boot.autoconfigure.orm.jpa.JpaBaseConfiguration$JpaWebConfiguration(openEntityManagerInViewInterceptor:231) - spring.jpa.open-in-view is enabled by default. Therefore, database queries may be performed during view rendering. Explicitly configure spring.jpa.open-in-view to disable this warning
2023-11-08 20:23:51,314 [Test worker] INFO  com.mjuAppSW.joA.JProjectApplicationTests(logStarted:57) - Started JProjectApplicationTests in 7.646 seconds (process running for 8.351)
2023-11-08 20:23:51,707 [SpringApplicationShutdownHook] INFO  org.springframework.orm.jpa.LocalContainerEntityManagerFactoryBean(destroy:650) - Closing JPA EntityManagerFactory for persistence unit 'default'
2023-11-08 20:23:51,707 [SpringApplicationShutdownHook] INFO  com.zaxxer.hikari.HikariDataSource(close:350) - HikariPool-2 - Shutdown initiated...
2023-11-08 20:23:51,715 [SpringApplicationShutdownHook] INFO  com.zaxxer.hikari.HikariDataSource(close:352) - HikariPool-2 - Shutdown completed.
2023-11-08 20:23:51,715 [SpringApplicationShutdownHook] INFO  org.springframework.orm.jpa.LocalContainerEntityManagerFactoryBean(destroy:650) - Closing JPA EntityManagerFactory for persistence unit 'default'
2023-11-08 20:23:51,716 [SpringApplicationShutdownHook] INFO  com.zaxxer.hikari.HikariDataSource(close:350) - HikariPool-1 - Shutdown initiated...
2023-11-08 20:23:51,780 [SpringApplicationShutdownHook] INFO  com.zaxxer.hikari.HikariDataSource(close:352) - HikariPool-1 - Shutdown completed.
