2024-01-03 19:47:26,347 [background-preinit] INFO  org.hibernate.validator.internal.util.Version(<clinit>:21) - HV000001: Hibernate Validator 8.0.0.Final
2024-01-03 19:47:26,365 [main] INFO  com.mjuAppSW.joA.JProjectApplication(logStarting:51) - Starting JProjectApplication using Java 17.0.5 with PID 4554 (/Users/mimi/Desktop/JProject/build/classes/java/main started by mimi in /Users/mimi/Desktop/JProject)
2024-01-03 19:47:27,076 [main] INFO  com.mjuAppSW.joA.JProjectApplication(logStartupProfileInfo:640) - The following 1 profile is active: "prod"
2024-01-03 19:47:27,378 [main] WARN  org.springframework.boot.web.servlet.context.AnnotationConfigServletWebServerApplicationContext(refresh:616) - Exception encountered during context initialization - cancelling refresh attempt: org.springframework.beans.factory.BeanDefinitionStoreException: Failed to parse configuration class [com.mjuAppSW.joA.JProjectApplication]
2024-01-03 19:47:27,393 [main] ERROR org.springframework.boot.SpringApplication(reportFailure:824) - Application run failed
org.springframework.beans.factory.BeanDefinitionStoreException: Failed to parse configuration class [com.mjuAppSW.joA.JProjectApplication]
	at org.springframework.context.annotation.ConfigurationClassParser.parse(ConfigurationClassParser.java:178) ~[spring-context-6.0.10.jar:6.0.10]
	at org.springframework.context.annotation.ConfigurationClassPostProcessor.processConfigBeanDefinitions(ConfigurationClassPostProcessor.java:415) ~[spring-context-6.0.10.jar:6.0.10]
	at org.springframework.context.annotation.ConfigurationClassPostProcessor.postProcessBeanDefinitionRegistry(ConfigurationClassPostProcessor.java:287) ~[spring-context-6.0.10.jar:6.0.10]
	at org.springframework.context.support.PostProcessorRegistrationDelegate.invokeBeanDefinitionRegistryPostProcessors(PostProcessorRegistrationDelegate.java:344) ~[spring-context-6.0.10.jar:6.0.10]
	at org.springframework.context.support.PostProcessorRegistrationDelegate.invokeBeanFactoryPostProcessors(PostProcessorRegistrationDelegate.java:115) ~[spring-context-6.0.10.jar:6.0.10]
	at org.springframework.context.support.AbstractApplicationContext.invokeBeanFactoryPostProcessors(AbstractApplicationContext.java:771) ~[spring-context-6.0.10.jar:6.0.10]
	at org.springframework.context.support.AbstractApplicationContext.refresh(AbstractApplicationContext.java:589) ~[spring-context-6.0.10.jar:6.0.10]
	at org.springframework.boot.web.servlet.context.ServletWebServerApplicationContext.refresh(ServletWebServerApplicationContext.java:146) ~[spring-boot-3.1.1.jar:3.1.1]
	at org.springframework.boot.SpringApplication.refresh(SpringApplication.java:734) [spring-boot-3.1.1.jar:3.1.1]
	at org.springframework.boot.SpringApplication.refreshContext(SpringApplication.java:436) [spring-boot-3.1.1.jar:3.1.1]
	at org.springframework.boot.SpringApplication.run(SpringApplication.java:312) [spring-boot-3.1.1.jar:3.1.1]
	at org.springframework.boot.SpringApplication.run(SpringApplication.java:1306) [spring-boot-3.1.1.jar:3.1.1]
	at org.springframework.boot.SpringApplication.run(SpringApplication.java:1295) [spring-boot-3.1.1.jar:3.1.1]
	at com.mjuAppSW.joA.JProjectApplication.main(JProjectApplication.java:19) [main/:?]
Caused by: org.springframework.context.annotation.ConflictingBeanDefinitionException: Annotation-specified bean name 'memberProfileApiController' for bean class [com.mjuAppSW.joA.domain.memberProfile.MemberProfileApiController] conflicts with existing, non-compatible bean definition of same name and class [com.mjuAppSW.joA.domain.member.profile.MemberProfileApiController]
	at org.springframework.context.annotation.ClassPathBeanDefinitionScanner.checkCandidate(ClassPathBeanDefinitionScanner.java:349) ~[spring-context-6.0.10.jar:6.0.10]
	at org.springframework.context.annotation.ClassPathBeanDefinitionScanner.doScan(ClassPathBeanDefinitionScanner.java:287) ~[spring-context-6.0.10.jar:6.0.10]
	at org.springframework.context.annotation.ComponentScanAnnotationParser.parse(ComponentScanAnnotationParser.java:128) ~[spring-context-6.0.10.jar:6.0.10]
	at org.springframework.context.annotation.ConfigurationClassParser.doProcessConfigurationClass(ConfigurationClassParser.java:289) ~[spring-context-6.0.10.jar:6.0.10]
	at org.springframework.context.annotation.ConfigurationClassParser.processConfigurationClass(ConfigurationClassParser.java:243) ~[spring-context-6.0.10.jar:6.0.10]
	at org.springframework.context.annotation.ConfigurationClassParser.parse(ConfigurationClassParser.java:196) ~[spring-context-6.0.10.jar:6.0.10]
	at org.springframework.context.annotation.ConfigurationClassParser.parse(ConfigurationClassParser.java:164) ~[spring-context-6.0.10.jar:6.0.10]
	... 13 more
2024-01-03 19:49:42,920 [background-preinit] INFO  org.hibernate.validator.internal.util.Version(<clinit>:21) - HV000001: Hibernate Validator 8.0.0.Final
2024-01-03 19:49:42,940 [main] INFO  com.mjuAppSW.joA.JProjectApplication(logStarting:51) - Starting JProjectApplication using Java 17.0.5 with PID 4673 (/Users/mimi/Desktop/JProject/build/classes/java/main started by mimi in /Users/mimi/Desktop/JProject)
2024-01-03 19:49:43,455 [main] INFO  com.mjuAppSW.joA.JProjectApplication(logStartupProfileInfo:640) - The following 1 profile is active: "prod"
2024-01-03 19:49:43,744 [main] WARN  org.springframework.boot.web.servlet.context.AnnotationConfigServletWebServerApplicationContext(refresh:616) - Exception encountered during context initialization - cancelling refresh attempt: org.springframework.beans.factory.BeanDefinitionStoreException: Failed to parse configuration class [com.mjuAppSW.joA.JProjectApplication]
2024-01-03 19:49:43,758 [main] ERROR org.springframework.boot.SpringApplication(reportFailure:824) - Application run failed
org.springframework.beans.factory.BeanDefinitionStoreException: Failed to parse configuration class [com.mjuAppSW.joA.JProjectApplication]
	at org.springframework.context.annotation.ConfigurationClassParser.parse(ConfigurationClassParser.java:178) ~[spring-context-6.0.10.jar:6.0.10]
	at org.springframework.context.annotation.ConfigurationClassPostProcessor.processConfigBeanDefinitions(ConfigurationClassPostProcessor.java:415) ~[spring-context-6.0.10.jar:6.0.10]
	at org.springframework.context.annotation.ConfigurationClassPostProcessor.postProcessBeanDefinitionRegistry(ConfigurationClassPostProcessor.java:287) ~[spring-context-6.0.10.jar:6.0.10]
	at org.springframework.context.support.PostProcessorRegistrationDelegate.invokeBeanDefinitionRegistryPostProcessors(PostProcessorRegistrationDelegate.java:344) ~[spring-context-6.0.10.jar:6.0.10]
	at org.springframework.context.support.PostProcessorRegistrationDelegate.invokeBeanFactoryPostProcessors(PostProcessorRegistrationDelegate.java:115) ~[spring-context-6.0.10.jar:6.0.10]
	at org.springframework.context.support.AbstractApplicationContext.invokeBeanFactoryPostProcessors(AbstractApplicationContext.java:771) ~[spring-context-6.0.10.jar:6.0.10]
	at org.springframework.context.support.AbstractApplicationContext.refresh(AbstractApplicationContext.java:589) ~[spring-context-6.0.10.jar:6.0.10]
	at org.springframework.boot.web.servlet.context.ServletWebServerApplicationContext.refresh(ServletWebServerApplicationContext.java:146) ~[spring-boot-3.1.1.jar:3.1.1]
	at org.springframework.boot.SpringApplication.refresh(SpringApplication.java:734) [spring-boot-3.1.1.jar:3.1.1]
	at org.springframework.boot.SpringApplication.refreshContext(SpringApplication.java:436) [spring-boot-3.1.1.jar:3.1.1]
	at org.springframework.boot.SpringApplication.run(SpringApplication.java:312) [spring-boot-3.1.1.jar:3.1.1]
	at org.springframework.boot.SpringApplication.run(SpringApplication.java:1306) [spring-boot-3.1.1.jar:3.1.1]
	at org.springframework.boot.SpringApplication.run(SpringApplication.java:1295) [spring-boot-3.1.1.jar:3.1.1]
	at com.mjuAppSW.joA.JProjectApplication.main(JProjectApplication.java:19) [main/:?]
Caused by: org.springframework.context.annotation.ConflictingBeanDefinitionException: Annotation-specified bean name 'memberProfileApiController' for bean class [com.mjuAppSW.joA.domain.memberProfile.MemberProfileApiController] conflicts with existing, non-compatible bean definition of same name and class [com.mjuAppSW.joA.domain.member.profile.MemberProfileApiController]
	at org.springframework.context.annotation.ClassPathBeanDefinitionScanner.checkCandidate(ClassPathBeanDefinitionScanner.java:349) ~[spring-context-6.0.10.jar:6.0.10]
	at org.springframework.context.annotation.ClassPathBeanDefinitionScanner.doScan(ClassPathBeanDefinitionScanner.java:287) ~[spring-context-6.0.10.jar:6.0.10]
	at org.springframework.context.annotation.ComponentScanAnnotationParser.parse(ComponentScanAnnotationParser.java:128) ~[spring-context-6.0.10.jar:6.0.10]
	at org.springframework.context.annotation.ConfigurationClassParser.doProcessConfigurationClass(ConfigurationClassParser.java:289) ~[spring-context-6.0.10.jar:6.0.10]
	at org.springframework.context.annotation.ConfigurationClassParser.processConfigurationClass(ConfigurationClassParser.java:243) ~[spring-context-6.0.10.jar:6.0.10]
	at org.springframework.context.annotation.ConfigurationClassParser.parse(ConfigurationClassParser.java:196) ~[spring-context-6.0.10.jar:6.0.10]
	at org.springframework.context.annotation.ConfigurationClassParser.parse(ConfigurationClassParser.java:164) ~[spring-context-6.0.10.jar:6.0.10]
	... 13 more
2024-01-03 19:50:00,717 [background-preinit] INFO  org.hibernate.validator.internal.util.Version(<clinit>:21) - HV000001: Hibernate Validator 8.0.0.Final
2024-01-03 19:50:00,737 [main] INFO  com.mjuAppSW.joA.JProjectApplication(logStarting:51) - Starting JProjectApplication using Java 17.0.5 with PID 4684 (/Users/mimi/Desktop/JProject/build/classes/java/main started by mimi in /Users/mimi/Desktop/JProject)
2024-01-03 19:50:01,227 [main] INFO  com.mjuAppSW.joA.JProjectApplication(logStartupProfileInfo:640) - The following 1 profile is active: "prod"
2024-01-03 19:50:01,519 [main] WARN  org.springframework.boot.web.servlet.context.AnnotationConfigServletWebServerApplicationContext(refresh:616) - Exception encountered during context initialization - cancelling refresh attempt: org.springframework.beans.factory.BeanDefinitionStoreException: Failed to parse configuration class [com.mjuAppSW.joA.JProjectApplication]
2024-01-03 19:50:01,533 [main] ERROR org.springframework.boot.SpringApplication(reportFailure:824) - Application run failed
org.springframework.beans.factory.BeanDefinitionStoreException: Failed to parse configuration class [com.mjuAppSW.joA.JProjectApplication]
	at org.springframework.context.annotation.ConfigurationClassParser.parse(ConfigurationClassParser.java:178) ~[spring-context-6.0.10.jar:6.0.10]
	at org.springframework.context.annotation.ConfigurationClassPostProcessor.processConfigBeanDefinitions(ConfigurationClassPostProcessor.java:415) ~[spring-context-6.0.10.jar:6.0.10]
	at org.springframework.context.annotation.ConfigurationClassPostProcessor.postProcessBeanDefinitionRegistry(ConfigurationClassPostProcessor.java:287) ~[spring-context-6.0.10.jar:6.0.10]
	at org.springframework.context.support.PostProcessorRegistrationDelegate.invokeBeanDefinitionRegistryPostProcessors(PostProcessorRegistrationDelegate.java:344) ~[spring-context-6.0.10.jar:6.0.10]
	at org.springframework.context.support.PostProcessorRegistrationDelegate.invokeBeanFactoryPostProcessors(PostProcessorRegistrationDelegate.java:115) ~[spring-context-6.0.10.jar:6.0.10]
	at org.springframework.context.support.AbstractApplicationContext.invokeBeanFactoryPostProcessors(AbstractApplicationContext.java:771) ~[spring-context-6.0.10.jar:6.0.10]
	at org.springframework.context.support.AbstractApplicationContext.refresh(AbstractApplicationContext.java:589) ~[spring-context-6.0.10.jar:6.0.10]
	at org.springframework.boot.web.servlet.context.ServletWebServerApplicationContext.refresh(ServletWebServerApplicationContext.java:146) ~[spring-boot-3.1.1.jar:3.1.1]
	at org.springframework.boot.SpringApplication.refresh(SpringApplication.java:734) [spring-boot-3.1.1.jar:3.1.1]
	at org.springframework.boot.SpringApplication.refreshContext(SpringApplication.java:436) [spring-boot-3.1.1.jar:3.1.1]
	at org.springframework.boot.SpringApplication.run(SpringApplication.java:312) [spring-boot-3.1.1.jar:3.1.1]
	at org.springframework.boot.SpringApplication.run(SpringApplication.java:1306) [spring-boot-3.1.1.jar:3.1.1]
	at org.springframework.boot.SpringApplication.run(SpringApplication.java:1295) [spring-boot-3.1.1.jar:3.1.1]
	at com.mjuAppSW.joA.JProjectApplication.main(JProjectApplication.java:19) [main/:?]
Caused by: org.springframework.context.annotation.ConflictingBeanDefinitionException: Annotation-specified bean name 'memberProfileApiController' for bean class [com.mjuAppSW.joA.domain.memberProfile.MemberProfileApiController] conflicts with existing, non-compatible bean definition of same name and class [com.mjuAppSW.joA.domain.member.profile.MemberProfileApiController]
	at org.springframework.context.annotation.ClassPathBeanDefinitionScanner.checkCandidate(ClassPathBeanDefinitionScanner.java:349) ~[spring-context-6.0.10.jar:6.0.10]
	at org.springframework.context.annotation.ClassPathBeanDefinitionScanner.doScan(ClassPathBeanDefinitionScanner.java:287) ~[spring-context-6.0.10.jar:6.0.10]
	at org.springframework.context.annotation.ComponentScanAnnotationParser.parse(ComponentScanAnnotationParser.java:128) ~[spring-context-6.0.10.jar:6.0.10]
	at org.springframework.context.annotation.ConfigurationClassParser.doProcessConfigurationClass(ConfigurationClassParser.java:289) ~[spring-context-6.0.10.jar:6.0.10]
	at org.springframework.context.annotation.ConfigurationClassParser.processConfigurationClass(ConfigurationClassParser.java:243) ~[spring-context-6.0.10.jar:6.0.10]
	at org.springframework.context.annotation.ConfigurationClassParser.parse(ConfigurationClassParser.java:196) ~[spring-context-6.0.10.jar:6.0.10]
	at org.springframework.context.annotation.ConfigurationClassParser.parse(ConfigurationClassParser.java:164) ~[spring-context-6.0.10.jar:6.0.10]
	... 13 more
2024-01-03 19:51:10,504 [Test worker] INFO  org.springframework.test.context.support.AnnotationConfigContextLoaderUtils(detectDefaultConfigurationClasses:83) - Could not detect default configuration classes for test class [com.mjuAppSW.joA.JProjectApplicationTests]: JProjectApplicationTests does not declare any static, non-private, non-final, nested classes annotated with @Configuration.
2024-01-03 19:51:10,555 [Test worker] INFO  org.springframework.boot.test.context.SpringBootTestContextBootstrapper(getOrFindConfigurationClasses:248) - Found @SpringBootConfiguration com.mjuAppSW.joA.JProjectApplication for test class com.mjuAppSW.joA.JProjectApplicationTests
2024-01-03 19:51:10,720 [background-preinit] INFO  org.hibernate.validator.internal.util.Version(<clinit>:21) - HV000001: Hibernate Validator 8.0.0.Final
2024-01-03 19:51:10,733 [Test worker] INFO  com.mjuAppSW.joA.JProjectApplicationTests(logStarting:51) - Starting JProjectApplicationTests using Java 17.0.5 with PID 4716 (started by mimi in /Users/mimi/Desktop/JProject)
2024-01-03 19:51:11,228 [Test worker] INFO  com.mjuAppSW.joA.JProjectApplicationTests(logStartupProfileInfo:640) - The following 1 profile is active: "prod"
2024-01-03 19:51:11,629 [Test worker] INFO  org.springframework.data.repository.config.RepositoryConfigurationDelegate(registerRepositoriesIn:138) - Bootstrapping Spring Data JPA repositories in DEFAULT mode.
2024-01-03 19:51:11,667 [Test worker] INFO  org.springframework.data.repository.config.RepositoryConfigurationDelegate(registerRepositoriesIn:208) - Finished Spring Data repository scanning in 34 ms. Found 11 JPA repository interfaces.
2024-01-03 19:51:11,668 [Test worker] INFO  org.springframework.data.repository.config.RepositoryConfigurationDelegate(registerRepositoriesIn:138) - Bootstrapping Spring Data JPA repositories in DEFAULT mode.
2024-01-03 19:51:11,675 [Test worker] INFO  org.springframework.data.repository.config.RepositoryConfigurationDelegate(registerRepositoriesIn:208) - Finished Spring Data repository scanning in 6 ms. Found 3 JPA repository interfaces.
2024-01-03 19:51:11,936 [Test worker] INFO  com.ulisesbocchio.jasyptspringboot.configuration.EnableEncryptablePropertiesBeanFactoryPostProcessor(postProcessBeanFactory:44) - Post-processing PropertySource instances
2024-01-03 19:51:11,940 [Test worker] INFO  com.ulisesbocchio.jasyptspringboot.EncryptablePropertySourceConverter(makeEncryptable:105) - Skipping PropertySource configurationProperties [class org.springframework.boot.context.properties.source.ConfigurationPropertySourcesPropertySource
2024-01-03 19:51:11,941 [Test worker] INFO  com.ulisesbocchio.jasyptspringboot.EncryptablePropertySourceConverter(makeEncryptable:110) - Converting PropertySource test [org.springframework.core.env.MapPropertySource] to EncryptableMapPropertySourceWrapper
2024-01-03 19:51:11,941 [Test worker] INFO  com.ulisesbocchio.jasyptspringboot.EncryptablePropertySourceConverter(makeEncryptable:110) - Converting PropertySource Inlined Test Properties [org.springframework.core.env.MapPropertySource] to EncryptableMapPropertySourceWrapper
2024-01-03 19:51:11,941 [Test worker] INFO  com.ulisesbocchio.jasyptspringboot.EncryptablePropertySourceConverter(makeEncryptable:105) - Skipping PropertySource servletConfigInitParams [class org.springframework.core.env.PropertySource$StubPropertySource
2024-01-03 19:51:11,941 [Test worker] INFO  com.ulisesbocchio.jasyptspringboot.EncryptablePropertySourceConverter(makeEncryptable:110) - Converting PropertySource servletContextInitParams [org.springframework.web.context.support.ServletContextPropertySource] to EncryptableEnumerablePropertySourceWrapper
2024-01-03 19:51:11,941 [Test worker] INFO  com.ulisesbocchio.jasyptspringboot.EncryptablePropertySourceConverter(makeEncryptable:110) - Converting PropertySource systemProperties [org.springframework.core.env.PropertiesPropertySource] to EncryptableMapPropertySourceWrapper
2024-01-03 19:51:11,941 [Test worker] INFO  com.ulisesbocchio.jasyptspringboot.EncryptablePropertySourceConverter(makeEncryptable:110) - Converting PropertySource systemEnvironment [org.springframework.boot.env.SystemEnvironmentPropertySourceEnvironmentPostProcessor$OriginAwareSystemEnvironmentPropertySource] to EncryptableSystemEnvironmentPropertySourceWrapper
2024-01-03 19:51:11,942 [Test worker] INFO  com.ulisesbocchio.jasyptspringboot.EncryptablePropertySourceConverter(makeEncryptable:110) - Converting PropertySource random [org.springframework.boot.env.RandomValuePropertySource] to EncryptablePropertySourceWrapper
2024-01-03 19:51:11,942 [Test worker] INFO  com.ulisesbocchio.jasyptspringboot.EncryptablePropertySourceConverter(makeEncryptable:110) - Converting PropertySource Config resource 'class path resource [application-prod.yml]' via location 'optional:classpath:/' [org.springframework.boot.env.OriginTrackedMapPropertySource] to EncryptableMapPropertySourceWrapper
2024-01-03 19:51:11,942 [Test worker] INFO  com.ulisesbocchio.jasyptspringboot.EncryptablePropertySourceConverter(makeEncryptable:110) - Converting PropertySource Config resource 'class path resource [application.yml]' via location 'optional:classpath:/' [org.springframework.boot.env.OriginTrackedMapPropertySource] to EncryptableMapPropertySourceWrapper
2024-01-03 19:51:12,007 [Test worker] INFO  com.ulisesbocchio.jasyptspringboot.filter.DefaultLazyPropertyFilter(lambda$new$2:45) - Property Filter custom Bean not found with name 'encryptablePropertyFilter'. Initializing Default Property Filter
2024-01-03 19:51:12,013 [Test worker] INFO  com.ulisesbocchio.jasyptspringboot.resolver.DefaultLazyPropertyResolver(lambda$new$2:46) - Property Resolver custom Bean not found with name 'encryptablePropertyResolver'. Initializing Default Property Resolver
2024-01-03 19:51:12,014 [Test worker] INFO  com.ulisesbocchio.jasyptspringboot.detector.DefaultLazyPropertyDetector(lambda$new$2:44) - Property Detector custom Bean not found with name 'encryptablePropertyDetector'. Initializing Default Property Detector
2024-01-03 19:51:12,059 [Test worker] INFO  org.hibernate.jpa.internal.util.LogHelper(logPersistenceUnitInformation:31) - HHH000204: Processing PersistenceUnitInfo [name: default]
2024-01-03 19:51:12,084 [Test worker] INFO  org.hibernate.Version(logVersion:44) - HHH000412: Hibernate ORM core version 6.2.5.Final
2024-01-03 19:51:12,085 [Test worker] INFO  org.hibernate.cfg.Environment(<clinit>:191) - HHH000406: Using bytecode reflection optimizer
2024-01-03 19:51:12,089 [Test worker] INFO  org.hibernate.spatial.integration.SpatialService(<init>:42) - HHH80000001: hibernate-spatial integration enabled : true
2024-01-03 19:51:12,150 [Test worker] INFO  com.zaxxer.hikari.HikariDataSource(getConnection:110) - HikariPool-1 - Starting...
2024-01-03 19:51:12,333 [Test worker] INFO  com.zaxxer.hikari.pool.HikariPool(checkFailFast:565) - HikariPool-1 - Added connection com.mysql.cj.jdbc.ConnectionImpl@1e7d3d87
2024-01-03 19:51:12,335 [Test worker] INFO  com.zaxxer.hikari.HikariDataSource(getConnection:123) - HikariPool-1 - Start completed.
2024-01-03 19:51:12,407 [Test worker] INFO  org.hibernate.spatial(contributeJdbcTypes:28) - HHH80000003: hibernate-spatial adding type contributions from : org.hibernate.spatial.dialect.mysql.MySQLDialectContributor
2024-01-03 19:51:12,428 [Test worker] INFO  org.hibernate.bytecode.internal.BytecodeProviderInitiator(buildBytecodeProvider:53) - HHH000021: Bytecode provider name : bytebuddy
2024-01-03 19:51:12,487 [Test worker] INFO  org.springframework.orm.jpa.persistenceunit.SpringPersistenceUnitInfo(addTransformer:87) - No LoadTimeWeaver setup: ignoring JPA class transformer
2024-01-03 19:51:12,496 [Test worker] INFO  org.hibernate.spatial(contributeJdbcTypes:28) - HHH80000003: hibernate-spatial adding type contributions from : org.hibernate.spatial.dialect.mysql.MySQLDialectContributor
2024-01-03 19:51:12,619 [Test worker] INFO  org.hibernate.bytecode.internal.BytecodeProviderInitiator(buildBytecodeProvider:53) - HHH000021: Bytecode provider name : bytebuddy
2024-01-03 19:51:12,673 [Test worker] INFO  org.hibernate.spatial(contributeFunctions:34) - HHH80000004: hibernate-spatial adding function contributions from : org.hibernate.spatial.dialect.mysql.MySQLDialectContributor
2024-01-03 19:51:13,007 [Test worker] INFO  org.hibernate.engine.transaction.jta.platform.internal.JtaPlatformInitiator(initiateService:51) - HHH000490: Using JtaPlatform implementation: [org.hibernate.engine.transaction.jta.platform.internal.NoJtaPlatform]
2024-01-03 19:51:13,121 [Test worker] INFO  org.springframework.orm.jpa.LocalContainerEntityManagerFactoryBean(buildNativeEntityManagerFactory:437) - Initialized JPA EntityManagerFactory for persistence unit 'default'
2024-01-03 19:51:13,130 [Test worker] INFO  org.hibernate.jpa.internal.util.LogHelper(logPersistenceUnitInformation:31) - HHH000204: Processing PersistenceUnitInfo [name: default]
2024-01-03 19:51:13,132 [Test worker] INFO  org.hibernate.spatial.integration.SpatialService(<init>:42) - HHH80000001: hibernate-spatial integration enabled : true
2024-01-03 19:51:13,134 [Test worker] INFO  com.zaxxer.hikari.HikariDataSource(getConnection:110) - HikariPool-2 - Starting...
2024-01-03 19:51:13,450 [Test worker] INFO  com.zaxxer.hikari.pool.HikariPool(checkFailFast:565) - HikariPool-2 - Added connection org.postgresql.jdbc.PgConnection@125bc00d
2024-01-03 19:51:13,450 [Test worker] INFO  com.zaxxer.hikari.HikariDataSource(getConnection:123) - HikariPool-2 - Start completed.
2024-01-03 19:51:13,496 [Test worker] INFO  org.hibernate.spatial(contributeJdbcTypes:28) - HHH80000003: hibernate-spatial adding type contributions from : org.hibernate.spatial.dialect.postgis.PostgisDialectContributor
2024-01-03 19:51:13,498 [Test worker] INFO  org.hibernate.bytecode.internal.BytecodeProviderInitiator(buildBytecodeProvider:53) - HHH000021: Bytecode provider name : bytebuddy
2024-01-03 19:51:13,498 [Test worker] INFO  org.springframework.orm.jpa.persistenceunit.SpringPersistenceUnitInfo(addTransformer:87) - No LoadTimeWeaver setup: ignoring JPA class transformer
2024-01-03 19:51:13,501 [Test worker] INFO  org.hibernate.spatial(contributeJdbcTypes:28) - HHH80000003: hibernate-spatial adding type contributions from : org.hibernate.spatial.dialect.postgis.PostgisDialectContributor
2024-01-03 19:51:13,508 [Test worker] INFO  org.hibernate.bytecode.internal.BytecodeProviderInitiator(buildBytecodeProvider:53) - HHH000021: Bytecode provider name : bytebuddy
2024-01-03 19:51:13,513 [Test worker] INFO  org.hibernate.spatial(contributeFunctions:41) - HHH80000004: hibernate-spatial adding function contributions from : org.hibernate.spatial.dialect.postgis.PostgisDialectContributor
2024-01-03 19:51:13,532 [Test worker] INFO  org.hibernate.engine.transaction.jta.platform.internal.JtaPlatformInitiator(initiateService:51) - HHH000490: Using JtaPlatform implementation: [org.hibernate.engine.transaction.jta.platform.internal.NoJtaPlatform]
2024-01-03 19:51:13,620 [Test worker] INFO  org.springframework.orm.jpa.LocalContainerEntityManagerFactoryBean(buildNativeEntityManagerFactory:437) - Initialized JPA EntityManagerFactory for persistence unit 'default'
2024-01-03 19:51:13,769 [Test worker] INFO  org.springframework.data.jpa.repository.query.QueryEnhancerFactory(<clinit>:47) - Hibernate is in classpath; If applicable, HQL parser will be used.
2024-01-03 19:51:14,790 [Test worker] WARN  org.springframework.boot.autoconfigure.orm.jpa.JpaBaseConfiguration$JpaWebConfiguration(openEntityManagerInViewInterceptor:231) - spring.jpa.open-in-view is enabled by default. Therefore, database queries may be performed during view rendering. Explicitly configure spring.jpa.open-in-view to disable this warning
2024-01-03 19:51:15,458 [Test worker] INFO  com.mjuAppSW.joA.JProjectApplicationTests(logStarted:57) - Started JProjectApplicationTests in 4.846 seconds (process running for 5.461)
2024-01-03 19:51:15,935 [SpringApplicationShutdownHook] INFO  org.springframework.orm.jpa.LocalContainerEntityManagerFactoryBean(destroy:650) - Closing JPA EntityManagerFactory for persistence unit 'default'
2024-01-03 19:51:15,936 [SpringApplicationShutdownHook] INFO  com.zaxxer.hikari.HikariDataSource(close:350) - HikariPool-2 - Shutdown initiated...
2024-01-03 19:51:15,940 [SpringApplicationShutdownHook] INFO  com.zaxxer.hikari.HikariDataSource(close:352) - HikariPool-2 - Shutdown completed.
2024-01-03 19:51:15,940 [SpringApplicationShutdownHook] INFO  org.springframework.orm.jpa.LocalContainerEntityManagerFactoryBean(destroy:650) - Closing JPA EntityManagerFactory for persistence unit 'default'
2024-01-03 19:51:15,940 [SpringApplicationShutdownHook] INFO  com.zaxxer.hikari.HikariDataSource(close:350) - HikariPool-1 - Shutdown initiated...
2024-01-03 19:51:16,083 [SpringApplicationShutdownHook] INFO  com.zaxxer.hikari.HikariDataSource(close:352) - HikariPool-1 - Shutdown completed.
2024-01-03 19:51:25,988 [background-preinit] INFO  org.hibernate.validator.internal.util.Version(<clinit>:21) - HV000001: Hibernate Validator 8.0.0.Final
2024-01-03 19:51:26,003 [main] INFO  com.mjuAppSW.joA.JProjectApplication(logStarting:51) - Starting JProjectApplication using Java 17.0.5 with PID 4723 (/Users/mimi/Desktop/JProject/build/classes/java/main started by mimi in /Users/mimi/Desktop/JProject)
2024-01-03 19:51:26,494 [main] INFO  com.mjuAppSW.joA.JProjectApplication(logStartupProfileInfo:640) - The following 1 profile is active: "prod"
2024-01-03 19:51:26,919 [main] INFO  org.springframework.data.repository.config.RepositoryConfigurationDelegate(registerRepositoriesIn:138) - Bootstrapping Spring Data JPA repositories in DEFAULT mode.
2024-01-03 19:51:26,951 [main] INFO  org.springframework.data.repository.config.RepositoryConfigurationDelegate(registerRepositoriesIn:208) - Finished Spring Data repository scanning in 29 ms. Found 11 JPA repository interfaces.
2024-01-03 19:51:26,952 [main] INFO  org.springframework.data.repository.config.RepositoryConfigurationDelegate(registerRepositoriesIn:138) - Bootstrapping Spring Data JPA repositories in DEFAULT mode.
2024-01-03 19:51:26,957 [main] INFO  org.springframework.data.repository.config.RepositoryConfigurationDelegate(registerRepositoriesIn:208) - Finished Spring Data repository scanning in 4 ms. Found 3 JPA repository interfaces.
2024-01-03 19:51:27,186 [main] INFO  com.ulisesbocchio.jasyptspringboot.configuration.EnableEncryptablePropertiesBeanFactoryPostProcessor(postProcessBeanFactory:44) - Post-processing PropertySource instances
2024-01-03 19:51:27,188 [main] INFO  com.ulisesbocchio.jasyptspringboot.EncryptablePropertySourceConverter(makeEncryptable:105) - Skipping PropertySource configurationProperties [class org.springframework.boot.context.properties.source.ConfigurationPropertySourcesPropertySource
2024-01-03 19:51:27,188 [main] INFO  com.ulisesbocchio.jasyptspringboot.EncryptablePropertySourceConverter(makeEncryptable:105) - Skipping PropertySource servletConfigInitParams [class org.springframework.core.env.PropertySource$StubPropertySource
2024-01-03 19:51:27,189 [main] INFO  com.ulisesbocchio.jasyptspringboot.EncryptablePropertySourceConverter(makeEncryptable:105) - Skipping PropertySource servletContextInitParams [class org.springframework.core.env.PropertySource$StubPropertySource
2024-01-03 19:51:27,189 [main] INFO  com.ulisesbocchio.jasyptspringboot.EncryptablePropertySourceConverter(makeEncryptable:110) - Converting PropertySource systemProperties [org.springframework.core.env.PropertiesPropertySource] to EncryptableMapPropertySourceWrapper
2024-01-03 19:51:27,189 [main] INFO  com.ulisesbocchio.jasyptspringboot.EncryptablePropertySourceConverter(makeEncryptable:110) - Converting PropertySource systemEnvironment [org.springframework.boot.env.SystemEnvironmentPropertySourceEnvironmentPostProcessor$OriginAwareSystemEnvironmentPropertySource] to EncryptableSystemEnvironmentPropertySourceWrapper
2024-01-03 19:51:27,189 [main] INFO  com.ulisesbocchio.jasyptspringboot.EncryptablePropertySourceConverter(makeEncryptable:110) - Converting PropertySource random [org.springframework.boot.env.RandomValuePropertySource] to EncryptablePropertySourceWrapper
2024-01-03 19:51:27,189 [main] INFO  com.ulisesbocchio.jasyptspringboot.EncryptablePropertySourceConverter(makeEncryptable:110) - Converting PropertySource Config resource 'class path resource [application-prod.yml]' via location 'optional:classpath:/' [org.springframework.boot.env.OriginTrackedMapPropertySource] to EncryptableMapPropertySourceWrapper
2024-01-03 19:51:27,189 [main] INFO  com.ulisesbocchio.jasyptspringboot.EncryptablePropertySourceConverter(makeEncryptable:110) - Converting PropertySource Config resource 'class path resource [application.yml]' via location 'optional:classpath:/' [org.springframework.boot.env.OriginTrackedMapPropertySource] to EncryptableMapPropertySourceWrapper
2024-01-03 19:51:27,339 [main] INFO  org.springframework.boot.web.embedded.tomcat.TomcatWebServer(initialize:108) - Tomcat initialized with port(s): 8080 (http)
2024-01-03 19:51:27,344 [main] INFO  org.apache.coyote.http11.Http11NioProtocol(log:173) - Initializing ProtocolHandler ["http-nio-8080"]
2024-01-03 19:51:27,345 [main] INFO  org.apache.catalina.core.StandardService(log:173) - Starting service [Tomcat]
2024-01-03 19:51:27,345 [main] INFO  org.apache.catalina.core.StandardEngine(log:173) - Starting Servlet engine: [Apache Tomcat/10.1.10]
2024-01-03 19:51:27,381 [main] INFO  org.apache.catalina.core.ContainerBase.[Tomcat].[localhost].[/](log:173) - Initializing Spring embedded WebApplicationContext
2024-01-03 19:51:27,382 [main] INFO  org.springframework.boot.web.servlet.context.ServletWebServerApplicationContext(prepareWebApplicationContext:291) - Root WebApplicationContext: initialization completed in 700 ms
2024-01-03 19:51:27,412 [main] INFO  com.ulisesbocchio.jasyptspringboot.filter.DefaultLazyPropertyFilter(lambda$new$2:45) - Property Filter custom Bean not found with name 'encryptablePropertyFilter'. Initializing Default Property Filter
2024-01-03 19:51:27,416 [main] INFO  com.ulisesbocchio.jasyptspringboot.resolver.DefaultLazyPropertyResolver(lambda$new$2:46) - Property Resolver custom Bean not found with name 'encryptablePropertyResolver'. Initializing Default Property Resolver
2024-01-03 19:51:27,417 [main] INFO  com.ulisesbocchio.jasyptspringboot.detector.DefaultLazyPropertyDetector(lambda$new$2:44) - Property Detector custom Bean not found with name 'encryptablePropertyDetector'. Initializing Default Property Detector
2024-01-03 19:51:27,448 [main] INFO  org.hibernate.jpa.internal.util.LogHelper(logPersistenceUnitInformation:31) - HHH000204: Processing PersistenceUnitInfo [name: default]
2024-01-03 19:51:27,471 [main] INFO  org.hibernate.Version(logVersion:44) - HHH000412: Hibernate ORM core version 6.2.5.Final
2024-01-03 19:51:27,472 [main] INFO  org.hibernate.cfg.Environment(<clinit>:191) - HHH000406: Using bytecode reflection optimizer
2024-01-03 19:51:27,476 [main] INFO  org.hibernate.spatial.integration.SpatialService(<init>:42) - HHH80000001: hibernate-spatial integration enabled : true
2024-01-03 19:51:27,529 [main] INFO  com.zaxxer.hikari.HikariDataSource(getConnection:110) - HikariPool-1 - Starting...
2024-01-03 19:51:27,699 [main] INFO  com.zaxxer.hikari.pool.HikariPool(checkFailFast:565) - HikariPool-1 - Added connection com.mysql.cj.jdbc.ConnectionImpl@474ce6b8
2024-01-03 19:51:27,700 [main] INFO  com.zaxxer.hikari.HikariDataSource(getConnection:123) - HikariPool-1 - Start completed.
2024-01-03 19:51:27,755 [main] INFO  org.hibernate.spatial(contributeJdbcTypes:28) - HHH80000003: hibernate-spatial adding type contributions from : org.hibernate.spatial.dialect.mysql.MySQLDialectContributor
2024-01-03 19:51:27,803 [main] INFO  org.hibernate.bytecode.internal.BytecodeProviderInitiator(buildBytecodeProvider:53) - HHH000021: Bytecode provider name : bytebuddy
2024-01-03 19:51:27,862 [main] INFO  org.springframework.orm.jpa.persistenceunit.SpringPersistenceUnitInfo(addTransformer:87) - No LoadTimeWeaver setup: ignoring JPA class transformer
2024-01-03 19:51:27,869 [main] INFO  org.hibernate.spatial(contributeJdbcTypes:28) - HHH80000003: hibernate-spatial adding type contributions from : org.hibernate.spatial.dialect.mysql.MySQLDialectContributor
2024-01-03 19:51:27,979 [main] INFO  org.hibernate.bytecode.internal.BytecodeProviderInitiator(buildBytecodeProvider:53) - HHH000021: Bytecode provider name : bytebuddy
2024-01-03 19:51:28,034 [main] INFO  org.hibernate.spatial(contributeFunctions:34) - HHH80000004: hibernate-spatial adding function contributions from : org.hibernate.spatial.dialect.mysql.MySQLDialectContributor
2024-01-03 19:51:28,367 [main] INFO  org.hibernate.engine.transaction.jta.platform.internal.JtaPlatformInitiator(initiateService:51) - HHH000490: Using JtaPlatform implementation: [org.hibernate.engine.transaction.jta.platform.internal.NoJtaPlatform]
2024-01-03 19:51:28,430 [main] INFO  org.springframework.orm.jpa.LocalContainerEntityManagerFactoryBean(buildNativeEntityManagerFactory:437) - Initialized JPA EntityManagerFactory for persistence unit 'default'
2024-01-03 19:51:28,441 [main] INFO  org.hibernate.jpa.internal.util.LogHelper(logPersistenceUnitInformation:31) - HHH000204: Processing PersistenceUnitInfo [name: default]
2024-01-03 19:51:28,442 [main] INFO  org.hibernate.spatial.integration.SpatialService(<init>:42) - HHH80000001: hibernate-spatial integration enabled : true
2024-01-03 19:51:28,445 [main] INFO  com.zaxxer.hikari.HikariDataSource(getConnection:110) - HikariPool-2 - Starting...
2024-01-03 19:51:28,695 [main] INFO  com.zaxxer.hikari.pool.HikariPool(checkFailFast:565) - HikariPool-2 - Added connection org.postgresql.jdbc.PgConnection@65145fb7
2024-01-03 19:51:28,696 [main] INFO  com.zaxxer.hikari.HikariDataSource(getConnection:123) - HikariPool-2 - Start completed.
2024-01-03 19:51:28,740 [main] INFO  org.hibernate.spatial(contributeJdbcTypes:28) - HHH80000003: hibernate-spatial adding type contributions from : org.hibernate.spatial.dialect.postgis.PostgisDialectContributor
2024-01-03 19:51:28,759 [main] INFO  org.hibernate.bytecode.internal.BytecodeProviderInitiator(buildBytecodeProvider:53) - HHH000021: Bytecode provider name : bytebuddy
2024-01-03 19:51:28,759 [main] INFO  org.springframework.orm.jpa.persistenceunit.SpringPersistenceUnitInfo(addTransformer:87) - No LoadTimeWeaver setup: ignoring JPA class transformer
2024-01-03 19:51:28,762 [main] INFO  org.hibernate.spatial(contributeJdbcTypes:28) - HHH80000003: hibernate-spatial adding type contributions from : org.hibernate.spatial.dialect.postgis.PostgisDialectContributor
2024-01-03 19:51:28,768 [main] INFO  org.hibernate.bytecode.internal.BytecodeProviderInitiator(buildBytecodeProvider:53) - HHH000021: Bytecode provider name : bytebuddy
2024-01-03 19:51:28,772 [main] INFO  org.hibernate.spatial(contributeFunctions:41) - HHH80000004: hibernate-spatial adding function contributions from : org.hibernate.spatial.dialect.postgis.PostgisDialectContributor
2024-01-03 19:51:28,792 [main] INFO  org.hibernate.engine.transaction.jta.platform.internal.JtaPlatformInitiator(initiateService:51) - HHH000490: Using JtaPlatform implementation: [org.hibernate.engine.transaction.jta.platform.internal.NoJtaPlatform]
2024-01-03 19:51:28,872 [main] INFO  org.springframework.orm.jpa.LocalContainerEntityManagerFactoryBean(buildNativeEntityManagerFactory:437) - Initialized JPA EntityManagerFactory for persistence unit 'default'
2024-01-03 19:51:28,998 [main] INFO  org.springframework.data.jpa.repository.query.QueryEnhancerFactory(<clinit>:47) - Hibernate is in classpath; If applicable, HQL parser will be used.
2024-01-03 19:51:29,798 [main] WARN  org.springframework.boot.autoconfigure.orm.jpa.JpaBaseConfiguration$JpaWebConfiguration(openEntityManagerInViewInterceptor:231) - spring.jpa.open-in-view is enabled by default. Therefore, database queries may be performed during view rendering. Explicitly configure spring.jpa.open-in-view to disable this warning
2024-01-03 19:51:30,151 [main] INFO  org.apache.coyote.http11.Http11NioProtocol(log:173) - Starting ProtocolHandler ["http-nio-8080"]
2024-01-03 19:51:30,163 [main] INFO  org.springframework.boot.web.embedded.tomcat.TomcatWebServer(start:220) - Tomcat started on port(s): 8080 (http) with context path ''
2024-01-03 19:51:30,163 [main] INFO  com.ulisesbocchio.jasyptspringboot.caching.RefreshScopeRefreshedEventListener(onApplicationEvent:70) - Refreshing cached encryptable property sources on ServletWebServerInitializedEvent
2024-01-03 19:51:30,163 [main] INFO  com.ulisesbocchio.jasyptspringboot.caching.CachingDelegateEncryptablePropertySource(refresh:92) - Property Source systemProperties refreshed
2024-01-03 19:51:30,163 [main] INFO  com.ulisesbocchio.jasyptspringboot.caching.CachingDelegateEncryptablePropertySource(refresh:92) - Property Source systemEnvironment refreshed
2024-01-03 19:51:30,164 [main] INFO  com.ulisesbocchio.jasyptspringboot.caching.CachingDelegateEncryptablePropertySource(refresh:92) - Property Source random refreshed
2024-01-03 19:51:30,164 [main] INFO  com.ulisesbocchio.jasyptspringboot.caching.CachingDelegateEncryptablePropertySource(refresh:92) - Property Source Config resource 'class path resource [application-prod.yml]' via location 'optional:classpath:/' refreshed
2024-01-03 19:51:30,164 [main] INFO  com.ulisesbocchio.jasyptspringboot.caching.CachingDelegateEncryptablePropertySource(refresh:92) - Property Source Config resource 'class path resource [application.yml]' via location 'optional:classpath:/' refreshed
2024-01-03 19:51:30,164 [main] INFO  com.ulisesbocchio.jasyptspringboot.EncryptablePropertySourceConverter(makeEncryptable:105) - Skipping PropertySource configurationProperties [class org.springframework.boot.context.properties.source.ConfigurationPropertySourcesPropertySource
2024-01-03 19:51:30,164 [main] INFO  com.ulisesbocchio.jasyptspringboot.EncryptablePropertySourceConverter(makeEncryptable:105) - Skipping PropertySource servletConfigInitParams [class org.springframework.core.env.PropertySource$StubPropertySource
2024-01-03 19:51:30,164 [main] INFO  com.ulisesbocchio.jasyptspringboot.EncryptablePropertySourceConverter(makeEncryptable:110) - Converting PropertySource servletContextInitParams [org.springframework.web.context.support.ServletContextPropertySource] to EncryptableEnumerablePropertySourceWrapper
2024-01-03 19:51:30,171 [main] INFO  com.mjuAppSW.joA.JProjectApplication(logStarted:57) - Started JProjectApplication in 4.331 seconds (process running for 4.727)
2024-01-03 19:55:40,925 [SpringApplicationShutdownHook] INFO  org.springframework.orm.jpa.LocalContainerEntityManagerFactoryBean(destroy:650) - Closing JPA EntityManagerFactory for persistence unit 'default'
2024-01-03 19:55:40,926 [SpringApplicationShutdownHook] INFO  com.zaxxer.hikari.HikariDataSource(close:350) - HikariPool-2 - Shutdown initiated...
2024-01-03 19:55:40,928 [SpringApplicationShutdownHook] INFO  com.zaxxer.hikari.HikariDataSource(close:352) - HikariPool-2 - Shutdown completed.
2024-01-03 19:55:40,928 [SpringApplicationShutdownHook] INFO  org.springframework.orm.jpa.LocalContainerEntityManagerFactoryBean(destroy:650) - Closing JPA EntityManagerFactory for persistence unit 'default'
2024-01-03 19:55:40,929 [SpringApplicationShutdownHook] INFO  com.zaxxer.hikari.HikariDataSource(close:350) - HikariPool-1 - Shutdown initiated...
2024-01-03 19:55:41,063 [SpringApplicationShutdownHook] INFO  com.zaxxer.hikari.HikariDataSource(close:352) - HikariPool-1 - Shutdown completed.
2024-01-03 19:57:43,413 [background-preinit] INFO  org.hibernate.validator.internal.util.Version(<clinit>:21) - HV000001: Hibernate Validator 8.0.0.Final
2024-01-03 19:57:43,432 [main] INFO  com.mjuAppSW.joA.JProjectApplication(logStarting:51) - Starting JProjectApplication using Java 17.0.5 with PID 4896 (/Users/mimi/Desktop/JProject/build/classes/java/main started by mimi in /Users/mimi/Desktop/JProject)
2024-01-03 19:57:43,918 [main] INFO  com.mjuAppSW.joA.JProjectApplication(logStartupProfileInfo:640) - The following 1 profile is active: "prod"
2024-01-03 19:57:44,329 [main] INFO  org.springframework.data.repository.config.RepositoryConfigurationDelegate(registerRepositoriesIn:138) - Bootstrapping Spring Data JPA repositories in DEFAULT mode.
2024-01-03 19:57:44,362 [main] INFO  org.springframework.data.repository.config.RepositoryConfigurationDelegate(registerRepositoriesIn:208) - Finished Spring Data repository scanning in 29 ms. Found 11 JPA repository interfaces.
2024-01-03 19:57:44,363 [main] INFO  org.springframework.data.repository.config.RepositoryConfigurationDelegate(registerRepositoriesIn:138) - Bootstrapping Spring Data JPA repositories in DEFAULT mode.
2024-01-03 19:57:44,369 [main] INFO  org.springframework.data.repository.config.RepositoryConfigurationDelegate(registerRepositoriesIn:208) - Finished Spring Data repository scanning in 6 ms. Found 3 JPA repository interfaces.
2024-01-03 19:57:44,622 [main] INFO  com.ulisesbocchio.jasyptspringboot.configuration.EnableEncryptablePropertiesBeanFactoryPostProcessor(postProcessBeanFactory:44) - Post-processing PropertySource instances
2024-01-03 19:57:44,625 [main] INFO  com.ulisesbocchio.jasyptspringboot.EncryptablePropertySourceConverter(makeEncryptable:105) - Skipping PropertySource configurationProperties [class org.springframework.boot.context.properties.source.ConfigurationPropertySourcesPropertySource
2024-01-03 19:57:44,625 [main] INFO  com.ulisesbocchio.jasyptspringboot.EncryptablePropertySourceConverter(makeEncryptable:105) - Skipping PropertySource servletConfigInitParams [class org.springframework.core.env.PropertySource$StubPropertySource
2024-01-03 19:57:44,625 [main] INFO  com.ulisesbocchio.jasyptspringboot.EncryptablePropertySourceConverter(makeEncryptable:105) - Skipping PropertySource servletContextInitParams [class org.springframework.core.env.PropertySource$StubPropertySource
2024-01-03 19:57:44,626 [main] INFO  com.ulisesbocchio.jasyptspringboot.EncryptablePropertySourceConverter(makeEncryptable:110) - Converting PropertySource systemProperties [org.springframework.core.env.PropertiesPropertySource] to EncryptableMapPropertySourceWrapper
2024-01-03 19:57:44,626 [main] INFO  com.ulisesbocchio.jasyptspringboot.EncryptablePropertySourceConverter(makeEncryptable:110) - Converting PropertySource systemEnvironment [org.springframework.boot.env.SystemEnvironmentPropertySourceEnvironmentPostProcessor$OriginAwareSystemEnvironmentPropertySource] to EncryptableSystemEnvironmentPropertySourceWrapper
2024-01-03 19:57:44,626 [main] INFO  com.ulisesbocchio.jasyptspringboot.EncryptablePropertySourceConverter(makeEncryptable:110) - Converting PropertySource random [org.springframework.boot.env.RandomValuePropertySource] to EncryptablePropertySourceWrapper
2024-01-03 19:57:44,626 [main] INFO  com.ulisesbocchio.jasyptspringboot.EncryptablePropertySourceConverter(makeEncryptable:110) - Converting PropertySource Config resource 'class path resource [application-prod.yml]' via location 'optional:classpath:/' [org.springframework.boot.env.OriginTrackedMapPropertySource] to EncryptableMapPropertySourceWrapper
2024-01-03 19:57:44,626 [main] INFO  com.ulisesbocchio.jasyptspringboot.EncryptablePropertySourceConverter(makeEncryptable:110) - Converting PropertySource Config resource 'class path resource [application.yml]' via location 'optional:classpath:/' [org.springframework.boot.env.OriginTrackedMapPropertySource] to EncryptableMapPropertySourceWrapper
2024-01-03 19:57:44,786 [main] INFO  org.springframework.boot.web.embedded.tomcat.TomcatWebServer(initialize:108) - Tomcat initialized with port(s): 8080 (http)
2024-01-03 19:57:44,790 [main] INFO  org.apache.coyote.http11.Http11NioProtocol(log:173) - Initializing ProtocolHandler ["http-nio-8080"]
2024-01-03 19:57:44,791 [main] INFO  org.apache.catalina.core.StandardService(log:173) - Starting service [Tomcat]
2024-01-03 19:57:44,791 [main] INFO  org.apache.catalina.core.StandardEngine(log:173) - Starting Servlet engine: [Apache Tomcat/10.1.10]
2024-01-03 19:57:44,822 [main] INFO  org.apache.catalina.core.ContainerBase.[Tomcat].[localhost].[/](log:173) - Initializing Spring embedded WebApplicationContext
2024-01-03 19:57:44,823 [main] INFO  org.springframework.boot.web.servlet.context.ServletWebServerApplicationContext(prepareWebApplicationContext:291) - Root WebApplicationContext: initialization completed in 735 ms
2024-01-03 19:57:44,854 [main] INFO  com.ulisesbocchio.jasyptspringboot.filter.DefaultLazyPropertyFilter(lambda$new$2:45) - Property Filter custom Bean not found with name 'encryptablePropertyFilter'. Initializing Default Property Filter
2024-01-03 19:57:44,859 [main] INFO  com.ulisesbocchio.jasyptspringboot.resolver.DefaultLazyPropertyResolver(lambda$new$2:46) - Property Resolver custom Bean not found with name 'encryptablePropertyResolver'. Initializing Default Property Resolver
2024-01-03 19:57:44,860 [main] INFO  com.ulisesbocchio.jasyptspringboot.detector.DefaultLazyPropertyDetector(lambda$new$2:44) - Property Detector custom Bean not found with name 'encryptablePropertyDetector'. Initializing Default Property Detector
2024-01-03 19:57:44,892 [main] INFO  org.hibernate.jpa.internal.util.LogHelper(logPersistenceUnitInformation:31) - HHH000204: Processing PersistenceUnitInfo [name: default]
2024-01-03 19:57:44,912 [main] INFO  org.hibernate.Version(logVersion:44) - HHH000412: Hibernate ORM core version 6.2.5.Final
2024-01-03 19:57:44,914 [main] INFO  org.hibernate.cfg.Environment(<clinit>:191) - HHH000406: Using bytecode reflection optimizer
2024-01-03 19:57:44,918 [main] INFO  org.hibernate.spatial.integration.SpatialService(<init>:42) - HHH80000001: hibernate-spatial integration enabled : true
2024-01-03 19:57:44,972 [main] INFO  com.zaxxer.hikari.HikariDataSource(getConnection:110) - HikariPool-1 - Starting...
2024-01-03 19:57:45,151 [main] INFO  com.zaxxer.hikari.pool.HikariPool(checkFailFast:565) - HikariPool-1 - Added connection com.mysql.cj.jdbc.ConnectionImpl@2b8cf049
2024-01-03 19:57:45,152 [main] INFO  com.zaxxer.hikari.HikariDataSource(getConnection:123) - HikariPool-1 - Start completed.
2024-01-03 19:57:45,208 [main] INFO  org.hibernate.spatial(contributeJdbcTypes:28) - HHH80000003: hibernate-spatial adding type contributions from : org.hibernate.spatial.dialect.mysql.MySQLDialectContributor
2024-01-03 19:57:45,261 [main] INFO  org.hibernate.bytecode.internal.BytecodeProviderInitiator(buildBytecodeProvider:53) - HHH000021: Bytecode provider name : bytebuddy
2024-01-03 19:57:45,319 [main] INFO  org.springframework.orm.jpa.persistenceunit.SpringPersistenceUnitInfo(addTransformer:87) - No LoadTimeWeaver setup: ignoring JPA class transformer
2024-01-03 19:57:45,326 [main] INFO  org.hibernate.spatial(contributeJdbcTypes:28) - HHH80000003: hibernate-spatial adding type contributions from : org.hibernate.spatial.dialect.mysql.MySQLDialectContributor
2024-01-03 19:57:45,429 [main] INFO  org.hibernate.bytecode.internal.BytecodeProviderInitiator(buildBytecodeProvider:53) - HHH000021: Bytecode provider name : bytebuddy
2024-01-03 19:57:45,486 [main] INFO  org.hibernate.spatial(contributeFunctions:34) - HHH80000004: hibernate-spatial adding function contributions from : org.hibernate.spatial.dialect.mysql.MySQLDialectContributor
2024-01-03 19:57:45,828 [main] INFO  org.hibernate.engine.transaction.jta.platform.internal.JtaPlatformInitiator(initiateService:51) - HHH000490: Using JtaPlatform implementation: [org.hibernate.engine.transaction.jta.platform.internal.NoJtaPlatform]
2024-01-03 19:57:45,922 [main] INFO  org.springframework.orm.jpa.LocalContainerEntityManagerFactoryBean(buildNativeEntityManagerFactory:437) - Initialized JPA EntityManagerFactory for persistence unit 'default'
2024-01-03 19:57:45,932 [main] INFO  org.hibernate.jpa.internal.util.LogHelper(logPersistenceUnitInformation:31) - HHH000204: Processing PersistenceUnitInfo [name: default]
2024-01-03 19:57:45,934 [main] INFO  org.hibernate.spatial.integration.SpatialService(<init>:42) - HHH80000001: hibernate-spatial integration enabled : true
2024-01-03 19:57:45,937 [main] INFO  com.zaxxer.hikari.HikariDataSource(getConnection:110) - HikariPool-2 - Starting...
2024-01-03 19:57:46,189 [main] INFO  com.zaxxer.hikari.pool.HikariPool(checkFailFast:565) - HikariPool-2 - Added connection org.postgresql.jdbc.PgConnection@4b55652a
2024-01-03 19:57:46,189 [main] INFO  com.zaxxer.hikari.HikariDataSource(getConnection:123) - HikariPool-2 - Start completed.
2024-01-03 19:57:46,236 [main] INFO  org.hibernate.spatial(contributeJdbcTypes:28) - HHH80000003: hibernate-spatial adding type contributions from : org.hibernate.spatial.dialect.postgis.PostgisDialectContributor
2024-01-03 19:57:46,253 [main] INFO  org.hibernate.bytecode.internal.BytecodeProviderInitiator(buildBytecodeProvider:53) - HHH000021: Bytecode provider name : bytebuddy
2024-01-03 19:57:46,253 [main] INFO  org.springframework.orm.jpa.persistenceunit.SpringPersistenceUnitInfo(addTransformer:87) - No LoadTimeWeaver setup: ignoring JPA class transformer
2024-01-03 19:57:46,255 [main] INFO  org.hibernate.spatial(contributeJdbcTypes:28) - HHH80000003: hibernate-spatial adding type contributions from : org.hibernate.spatial.dialect.postgis.PostgisDialectContributor
2024-01-03 19:57:46,261 [main] INFO  org.hibernate.bytecode.internal.BytecodeProviderInitiator(buildBytecodeProvider:53) - HHH000021: Bytecode provider name : bytebuddy
2024-01-03 19:57:46,266 [main] INFO  org.hibernate.spatial(contributeFunctions:41) - HHH80000004: hibernate-spatial adding function contributions from : org.hibernate.spatial.dialect.postgis.PostgisDialectContributor
2024-01-03 19:57:46,287 [main] INFO  org.hibernate.engine.transaction.jta.platform.internal.JtaPlatformInitiator(initiateService:51) - HHH000490: Using JtaPlatform implementation: [org.hibernate.engine.transaction.jta.platform.internal.NoJtaPlatform]
2024-01-03 19:57:46,370 [main] INFO  org.springframework.orm.jpa.LocalContainerEntityManagerFactoryBean(buildNativeEntityManagerFactory:437) - Initialized JPA EntityManagerFactory for persistence unit 'default'
2024-01-03 19:57:46,495 [main] INFO  org.springframework.data.jpa.repository.query.QueryEnhancerFactory(<clinit>:47) - Hibernate is in classpath; If applicable, HQL parser will be used.
2024-01-03 19:57:47,300 [main] WARN  org.springframework.boot.autoconfigure.orm.jpa.JpaBaseConfiguration$JpaWebConfiguration(openEntityManagerInViewInterceptor:231) - spring.jpa.open-in-view is enabled by default. Therefore, database queries may be performed during view rendering. Explicitly configure spring.jpa.open-in-view to disable this warning
2024-01-03 19:57:47,663 [main] INFO  org.apache.coyote.http11.Http11NioProtocol(log:173) - Starting ProtocolHandler ["http-nio-8080"]
2024-01-03 19:57:47,675 [main] INFO  org.springframework.boot.web.embedded.tomcat.TomcatWebServer(start:220) - Tomcat started on port(s): 8080 (http) with context path ''
2024-01-03 19:57:47,676 [main] INFO  com.ulisesbocchio.jasyptspringboot.caching.RefreshScopeRefreshedEventListener(onApplicationEvent:70) - Refreshing cached encryptable property sources on ServletWebServerInitializedEvent
2024-01-03 19:57:47,676 [main] INFO  com.ulisesbocchio.jasyptspringboot.caching.CachingDelegateEncryptablePropertySource(refresh:92) - Property Source systemProperties refreshed
2024-01-03 19:57:47,676 [main] INFO  com.ulisesbocchio.jasyptspringboot.caching.CachingDelegateEncryptablePropertySource(refresh:92) - Property Source systemEnvironment refreshed
2024-01-03 19:57:47,676 [main] INFO  com.ulisesbocchio.jasyptspringboot.caching.CachingDelegateEncryptablePropertySource(refresh:92) - Property Source random refreshed
2024-01-03 19:57:47,677 [main] INFO  com.ulisesbocchio.jasyptspringboot.caching.CachingDelegateEncryptablePropertySource(refresh:92) - Property Source Config resource 'class path resource [application-prod.yml]' via location 'optional:classpath:/' refreshed
2024-01-03 19:57:47,677 [main] INFO  com.ulisesbocchio.jasyptspringboot.caching.CachingDelegateEncryptablePropertySource(refresh:92) - Property Source Config resource 'class path resource [application.yml]' via location 'optional:classpath:/' refreshed
2024-01-03 19:57:47,677 [main] INFO  com.ulisesbocchio.jasyptspringboot.EncryptablePropertySourceConverter(makeEncryptable:105) - Skipping PropertySource configurationProperties [class org.springframework.boot.context.properties.source.ConfigurationPropertySourcesPropertySource
2024-01-03 19:57:47,677 [main] INFO  com.ulisesbocchio.jasyptspringboot.EncryptablePropertySourceConverter(makeEncryptable:105) - Skipping PropertySource servletConfigInitParams [class org.springframework.core.env.PropertySource$StubPropertySource
2024-01-03 19:57:47,677 [main] INFO  com.ulisesbocchio.jasyptspringboot.EncryptablePropertySourceConverter(makeEncryptable:110) - Converting PropertySource servletContextInitParams [org.springframework.web.context.support.ServletContextPropertySource] to EncryptableEnumerablePropertySourceWrapper
2024-01-03 19:57:47,684 [main] INFO  com.mjuAppSW.joA.JProjectApplication(logStarted:57) - Started JProjectApplication in 4.426 seconds (process running for 4.795)
2024-01-03 19:59:40,923 [SpringApplicationShutdownHook] INFO  org.springframework.orm.jpa.LocalContainerEntityManagerFactoryBean(destroy:650) - Closing JPA EntityManagerFactory for persistence unit 'default'
2024-01-03 19:59:40,924 [SpringApplicationShutdownHook] INFO  com.zaxxer.hikari.HikariDataSource(close:350) - HikariPool-2 - Shutdown initiated...
2024-01-03 19:59:40,927 [SpringApplicationShutdownHook] INFO  com.zaxxer.hikari.HikariDataSource(close:352) - HikariPool-2 - Shutdown completed.
2024-01-03 19:59:40,927 [SpringApplicationShutdownHook] INFO  org.springframework.orm.jpa.LocalContainerEntityManagerFactoryBean(destroy:650) - Closing JPA EntityManagerFactory for persistence unit 'default'
2024-01-03 19:59:40,928 [SpringApplicationShutdownHook] INFO  com.zaxxer.hikari.HikariDataSource(close:350) - HikariPool-1 - Shutdown initiated...
2024-01-03 19:59:41,074 [SpringApplicationShutdownHook] INFO  com.zaxxer.hikari.HikariDataSource(close:352) - HikariPool-1 - Shutdown completed.
2024-01-03 19:59:42,840 [background-preinit] INFO  org.hibernate.validator.internal.util.Version(<clinit>:21) - HV000001: Hibernate Validator 8.0.0.Final
2024-01-03 19:59:42,861 [main] INFO  com.mjuAppSW.joA.JProjectApplication(logStarting:51) - Starting JProjectApplication using Java 17.0.5 with PID 4913 (/Users/mimi/Desktop/JProject/build/classes/java/main started by mimi in /Users/mimi/Desktop/JProject)
2024-01-03 19:59:43,351 [main] INFO  com.mjuAppSW.joA.JProjectApplication(logStartupProfileInfo:640) - The following 1 profile is active: "prod"
2024-01-03 19:59:43,784 [main] INFO  org.springframework.data.repository.config.RepositoryConfigurationDelegate(registerRepositoriesIn:138) - Bootstrapping Spring Data JPA repositories in DEFAULT mode.
2024-01-03 19:59:43,818 [main] INFO  org.springframework.data.repository.config.RepositoryConfigurationDelegate(registerRepositoriesIn:208) - Finished Spring Data repository scanning in 30 ms. Found 11 JPA repository interfaces.
2024-01-03 19:59:43,819 [main] INFO  org.springframework.data.repository.config.RepositoryConfigurationDelegate(registerRepositoriesIn:138) - Bootstrapping Spring Data JPA repositories in DEFAULT mode.
2024-01-03 19:59:43,824 [main] INFO  org.springframework.data.repository.config.RepositoryConfigurationDelegate(registerRepositoriesIn:208) - Finished Spring Data repository scanning in 5 ms. Found 3 JPA repository interfaces.
2024-01-03 19:59:44,062 [main] INFO  com.ulisesbocchio.jasyptspringboot.configuration.EnableEncryptablePropertiesBeanFactoryPostProcessor(postProcessBeanFactory:44) - Post-processing PropertySource instances
2024-01-03 19:59:44,064 [main] INFO  com.ulisesbocchio.jasyptspringboot.EncryptablePropertySourceConverter(makeEncryptable:105) - Skipping PropertySource configurationProperties [class org.springframework.boot.context.properties.source.ConfigurationPropertySourcesPropertySource
2024-01-03 19:59:44,064 [main] INFO  com.ulisesbocchio.jasyptspringboot.EncryptablePropertySourceConverter(makeEncryptable:105) - Skipping PropertySource servletConfigInitParams [class org.springframework.core.env.PropertySource$StubPropertySource
2024-01-03 19:59:44,064 [main] INFO  com.ulisesbocchio.jasyptspringboot.EncryptablePropertySourceConverter(makeEncryptable:105) - Skipping PropertySource servletContextInitParams [class org.springframework.core.env.PropertySource$StubPropertySource
2024-01-03 19:59:44,065 [main] INFO  com.ulisesbocchio.jasyptspringboot.EncryptablePropertySourceConverter(makeEncryptable:110) - Converting PropertySource systemProperties [org.springframework.core.env.PropertiesPropertySource] to EncryptableMapPropertySourceWrapper
2024-01-03 19:59:44,065 [main] INFO  com.ulisesbocchio.jasyptspringboot.EncryptablePropertySourceConverter(makeEncryptable:110) - Converting PropertySource systemEnvironment [org.springframework.boot.env.SystemEnvironmentPropertySourceEnvironmentPostProcessor$OriginAwareSystemEnvironmentPropertySource] to EncryptableSystemEnvironmentPropertySourceWrapper
2024-01-03 19:59:44,065 [main] INFO  com.ulisesbocchio.jasyptspringboot.EncryptablePropertySourceConverter(makeEncryptable:110) - Converting PropertySource random [org.springframework.boot.env.RandomValuePropertySource] to EncryptablePropertySourceWrapper
2024-01-03 19:59:44,065 [main] INFO  com.ulisesbocchio.jasyptspringboot.EncryptablePropertySourceConverter(makeEncryptable:110) - Converting PropertySource Config resource 'class path resource [application-prod.yml]' via location 'optional:classpath:/' [org.springframework.boot.env.OriginTrackedMapPropertySource] to EncryptableMapPropertySourceWrapper
2024-01-03 19:59:44,065 [main] INFO  com.ulisesbocchio.jasyptspringboot.EncryptablePropertySourceConverter(makeEncryptable:110) - Converting PropertySource Config resource 'class path resource [application.yml]' via location 'optional:classpath:/' [org.springframework.boot.env.OriginTrackedMapPropertySource] to EncryptableMapPropertySourceWrapper
2024-01-03 19:59:44,218 [main] INFO  org.springframework.boot.web.embedded.tomcat.TomcatWebServer(initialize:108) - Tomcat initialized with port(s): 8080 (http)
2024-01-03 19:59:44,223 [main] INFO  org.apache.coyote.http11.Http11NioProtocol(log:173) - Initializing ProtocolHandler ["http-nio-8080"]
2024-01-03 19:59:44,224 [main] INFO  org.apache.catalina.core.StandardService(log:173) - Starting service [Tomcat]
2024-01-03 19:59:44,224 [main] INFO  org.apache.catalina.core.StandardEngine(log:173) - Starting Servlet engine: [Apache Tomcat/10.1.10]
2024-01-03 19:59:44,253 [main] INFO  org.apache.catalina.core.ContainerBase.[Tomcat].[localhost].[/](log:173) - Initializing Spring embedded WebApplicationContext
2024-01-03 19:59:44,254 [main] INFO  org.springframework.boot.web.servlet.context.ServletWebServerApplicationContext(prepareWebApplicationContext:291) - Root WebApplicationContext: initialization completed in 706 ms
2024-01-03 19:59:44,282 [main] INFO  com.ulisesbocchio.jasyptspringboot.filter.DefaultLazyPropertyFilter(lambda$new$2:45) - Property Filter custom Bean not found with name 'encryptablePropertyFilter'. Initializing Default Property Filter
2024-01-03 19:59:44,286 [main] INFO  com.ulisesbocchio.jasyptspringboot.resolver.DefaultLazyPropertyResolver(lambda$new$2:46) - Property Resolver custom Bean not found with name 'encryptablePropertyResolver'. Initializing Default Property Resolver
2024-01-03 19:59:44,287 [main] INFO  com.ulisesbocchio.jasyptspringboot.detector.DefaultLazyPropertyDetector(lambda$new$2:44) - Property Detector custom Bean not found with name 'encryptablePropertyDetector'. Initializing Default Property Detector
2024-01-03 19:59:44,320 [main] INFO  org.hibernate.jpa.internal.util.LogHelper(logPersistenceUnitInformation:31) - HHH000204: Processing PersistenceUnitInfo [name: default]
2024-01-03 19:59:44,344 [main] INFO  org.hibernate.Version(logVersion:44) - HHH000412: Hibernate ORM core version 6.2.5.Final
2024-01-03 19:59:44,345 [main] INFO  org.hibernate.cfg.Environment(<clinit>:191) - HHH000406: Using bytecode reflection optimizer
2024-01-03 19:59:44,349 [main] INFO  org.hibernate.spatial.integration.SpatialService(<init>:42) - HHH80000001: hibernate-spatial integration enabled : true
2024-01-03 19:59:44,403 [main] INFO  com.zaxxer.hikari.HikariDataSource(getConnection:110) - HikariPool-1 - Starting...
2024-01-03 19:59:44,579 [main] INFO  com.zaxxer.hikari.pool.HikariPool(checkFailFast:565) - HikariPool-1 - Added connection com.mysql.cj.jdbc.ConnectionImpl@2336cd91
2024-01-03 19:59:44,581 [main] INFO  com.zaxxer.hikari.HikariDataSource(getConnection:123) - HikariPool-1 - Start completed.
2024-01-03 19:59:44,649 [main] INFO  org.hibernate.spatial(contributeJdbcTypes:28) - HHH80000003: hibernate-spatial adding type contributions from : org.hibernate.spatial.dialect.mysql.MySQLDialectContributor
2024-01-03 19:59:44,699 [main] INFO  org.hibernate.bytecode.internal.BytecodeProviderInitiator(buildBytecodeProvider:53) - HHH000021: Bytecode provider name : bytebuddy
2024-01-03 19:59:44,763 [main] INFO  org.springframework.orm.jpa.persistenceunit.SpringPersistenceUnitInfo(addTransformer:87) - No LoadTimeWeaver setup: ignoring JPA class transformer
2024-01-03 19:59:44,771 [main] INFO  org.hibernate.spatial(contributeJdbcTypes:28) - HHH80000003: hibernate-spatial adding type contributions from : org.hibernate.spatial.dialect.mysql.MySQLDialectContributor
2024-01-03 19:59:44,879 [main] INFO  org.hibernate.bytecode.internal.BytecodeProviderInitiator(buildBytecodeProvider:53) - HHH000021: Bytecode provider name : bytebuddy
2024-01-03 19:59:44,934 [main] INFO  org.hibernate.spatial(contributeFunctions:34) - HHH80000004: hibernate-spatial adding function contributions from : org.hibernate.spatial.dialect.mysql.MySQLDialectContributor
2024-01-03 19:59:45,277 [main] INFO  org.hibernate.engine.transaction.jta.platform.internal.JtaPlatformInitiator(initiateService:51) - HHH000490: Using JtaPlatform implementation: [org.hibernate.engine.transaction.jta.platform.internal.NoJtaPlatform]
2024-01-03 19:59:45,345 [main] INFO  org.springframework.orm.jpa.LocalContainerEntityManagerFactoryBean(buildNativeEntityManagerFactory:437) - Initialized JPA EntityManagerFactory for persistence unit 'default'
2024-01-03 19:59:45,352 [main] INFO  org.hibernate.jpa.internal.util.LogHelper(logPersistenceUnitInformation:31) - HHH000204: Processing PersistenceUnitInfo [name: default]
2024-01-03 19:59:45,354 [main] INFO  org.hibernate.spatial.integration.SpatialService(<init>:42) - HHH80000001: hibernate-spatial integration enabled : true
2024-01-03 19:59:45,357 [main] INFO  com.zaxxer.hikari.HikariDataSource(getConnection:110) - HikariPool-2 - Starting...
2024-01-03 19:59:45,617 [main] INFO  com.zaxxer.hikari.pool.HikariPool(checkFailFast:565) - HikariPool-2 - Added connection org.postgresql.jdbc.PgConnection@8c54f48
2024-01-03 19:59:45,618 [main] INFO  com.zaxxer.hikari.HikariDataSource(getConnection:123) - HikariPool-2 - Start completed.
2024-01-03 19:59:45,661 [main] INFO  org.hibernate.spatial(contributeJdbcTypes:28) - HHH80000003: hibernate-spatial adding type contributions from : org.hibernate.spatial.dialect.postgis.PostgisDialectContributor
2024-01-03 19:59:45,679 [main] INFO  org.hibernate.bytecode.internal.BytecodeProviderInitiator(buildBytecodeProvider:53) - HHH000021: Bytecode provider name : bytebuddy
2024-01-03 19:59:45,679 [main] INFO  org.springframework.orm.jpa.persistenceunit.SpringPersistenceUnitInfo(addTransformer:87) - No LoadTimeWeaver setup: ignoring JPA class transformer
2024-01-03 19:59:45,682 [main] INFO  org.hibernate.spatial(contributeJdbcTypes:28) - HHH80000003: hibernate-spatial adding type contributions from : org.hibernate.spatial.dialect.postgis.PostgisDialectContributor
2024-01-03 19:59:45,687 [main] INFO  org.hibernate.bytecode.internal.BytecodeProviderInitiator(buildBytecodeProvider:53) - HHH000021: Bytecode provider name : bytebuddy
2024-01-03 19:59:45,692 [main] INFO  org.hibernate.spatial(contributeFunctions:41) - HHH80000004: hibernate-spatial adding function contributions from : org.hibernate.spatial.dialect.postgis.PostgisDialectContributor
2024-01-03 19:59:45,711 [main] INFO  org.hibernate.engine.transaction.jta.platform.internal.JtaPlatformInitiator(initiateService:51) - HHH000490: Using JtaPlatform implementation: [org.hibernate.engine.transaction.jta.platform.internal.NoJtaPlatform]
2024-01-03 19:59:45,797 [main] INFO  org.springframework.orm.jpa.LocalContainerEntityManagerFactoryBean(buildNativeEntityManagerFactory:437) - Initialized JPA EntityManagerFactory for persistence unit 'default'
2024-01-03 19:59:45,921 [main] INFO  org.springframework.data.jpa.repository.query.QueryEnhancerFactory(<clinit>:47) - Hibernate is in classpath; If applicable, HQL parser will be used.
2024-01-03 19:59:46,731 [main] WARN  org.springframework.boot.autoconfigure.orm.jpa.JpaBaseConfiguration$JpaWebConfiguration(openEntityManagerInViewInterceptor:231) - spring.jpa.open-in-view is enabled by default. Therefore, database queries may be performed during view rendering. Explicitly configure spring.jpa.open-in-view to disable this warning
2024-01-03 19:59:47,097 [main] INFO  org.apache.coyote.http11.Http11NioProtocol(log:173) - Starting ProtocolHandler ["http-nio-8080"]
2024-01-03 19:59:47,109 [main] INFO  org.springframework.boot.web.embedded.tomcat.TomcatWebServer(start:220) - Tomcat started on port(s): 8080 (http) with context path ''
2024-01-03 19:59:47,110 [main] INFO  com.ulisesbocchio.jasyptspringboot.caching.RefreshScopeRefreshedEventListener(onApplicationEvent:70) - Refreshing cached encryptable property sources on ServletWebServerInitializedEvent
2024-01-03 19:59:47,110 [main] INFO  com.ulisesbocchio.jasyptspringboot.caching.CachingDelegateEncryptablePropertySource(refresh:92) - Property Source systemProperties refreshed
2024-01-03 19:59:47,110 [main] INFO  com.ulisesbocchio.jasyptspringboot.caching.CachingDelegateEncryptablePropertySource(refresh:92) - Property Source systemEnvironment refreshed
2024-01-03 19:59:47,110 [main] INFO  com.ulisesbocchio.jasyptspringboot.caching.CachingDelegateEncryptablePropertySource(refresh:92) - Property Source random refreshed
2024-01-03 19:59:47,110 [main] INFO  com.ulisesbocchio.jasyptspringboot.caching.CachingDelegateEncryptablePropertySource(refresh:92) - Property Source Config resource 'class path resource [application-prod.yml]' via location 'optional:classpath:/' refreshed
2024-01-03 19:59:47,110 [main] INFO  com.ulisesbocchio.jasyptspringboot.caching.CachingDelegateEncryptablePropertySource(refresh:92) - Property Source Config resource 'class path resource [application.yml]' via location 'optional:classpath:/' refreshed
2024-01-03 19:59:47,110 [main] INFO  com.ulisesbocchio.jasyptspringboot.EncryptablePropertySourceConverter(makeEncryptable:105) - Skipping PropertySource configurationProperties [class org.springframework.boot.context.properties.source.ConfigurationPropertySourcesPropertySource
2024-01-03 19:59:47,110 [main] INFO  com.ulisesbocchio.jasyptspringboot.EncryptablePropertySourceConverter(makeEncryptable:105) - Skipping PropertySource servletConfigInitParams [class org.springframework.core.env.PropertySource$StubPropertySource
2024-01-03 19:59:47,111 [main] INFO  com.ulisesbocchio.jasyptspringboot.EncryptablePropertySourceConverter(makeEncryptable:110) - Converting PropertySource servletContextInitParams [org.springframework.web.context.support.ServletContextPropertySource] to EncryptableEnumerablePropertySourceWrapper
2024-01-03 19:59:47,118 [main] INFO  com.mjuAppSW.joA.JProjectApplication(logStarted:57) - Started JProjectApplication in 4.423 seconds (process running for 4.788)
2024-01-03 20:36:20,062 [SpringApplicationShutdownHook] INFO  org.springframework.orm.jpa.LocalContainerEntityManagerFactoryBean(destroy:650) - Closing JPA EntityManagerFactory for persistence unit 'default'
2024-01-03 20:36:20,065 [SpringApplicationShutdownHook] INFO  com.zaxxer.hikari.HikariDataSource(close:350) - HikariPool-2 - Shutdown initiated...
2024-01-03 20:36:20,067 [SpringApplicationShutdownHook] INFO  com.zaxxer.hikari.HikariDataSource(close:352) - HikariPool-2 - Shutdown completed.
2024-01-03 20:36:20,067 [SpringApplicationShutdownHook] INFO  org.springframework.orm.jpa.LocalContainerEntityManagerFactoryBean(destroy:650) - Closing JPA EntityManagerFactory for persistence unit 'default'
2024-01-03 20:36:20,067 [SpringApplicationShutdownHook] INFO  com.zaxxer.hikari.HikariDataSource(close:350) - HikariPool-1 - Shutdown initiated...
2024-01-03 20:36:20,213 [SpringApplicationShutdownHook] INFO  com.zaxxer.hikari.HikariDataSource(close:352) - HikariPool-1 - Shutdown completed.
2024-01-03 21:57:15,110 [background-preinit] INFO  org.hibernate.validator.internal.util.Version(<clinit>:21) - HV000001: Hibernate Validator 8.0.0.Final
2024-01-03 21:57:15,130 [main] INFO  com.mjuAppSW.joA.JProjectApplication(logStarting:51) - Starting JProjectApplication using Java 17.0.5 with PID 6469 (/Users/mimi/Desktop/JProject/build/classes/java/main started by mimi in /Users/mimi/Desktop/JProject)
2024-01-03 21:57:15,714 [main] INFO  com.mjuAppSW.joA.JProjectApplication(logStartupProfileInfo:640) - The following 1 profile is active: "prod"
2024-01-03 21:57:16,200 [main] INFO  org.springframework.data.repository.config.RepositoryConfigurationDelegate(registerRepositoriesIn:138) - Bootstrapping Spring Data JPA repositories in DEFAULT mode.
2024-01-03 21:57:16,234 [main] INFO  org.springframework.data.repository.config.RepositoryConfigurationDelegate(registerRepositoriesIn:208) - Finished Spring Data repository scanning in 29 ms. Found 11 JPA repository interfaces.
2024-01-03 21:57:16,235 [main] INFO  org.springframework.data.repository.config.RepositoryConfigurationDelegate(registerRepositoriesIn:138) - Bootstrapping Spring Data JPA repositories in DEFAULT mode.
2024-01-03 21:57:16,240 [main] INFO  org.springframework.data.repository.config.RepositoryConfigurationDelegate(registerRepositoriesIn:208) - Finished Spring Data repository scanning in 5 ms. Found 3 JPA repository interfaces.
2024-01-03 21:57:16,490 [main] INFO  com.ulisesbocchio.jasyptspringboot.configuration.EnableEncryptablePropertiesBeanFactoryPostProcessor(postProcessBeanFactory:44) - Post-processing PropertySource instances
2024-01-03 21:57:16,492 [main] INFO  com.ulisesbocchio.jasyptspringboot.EncryptablePropertySourceConverter(makeEncryptable:105) - Skipping PropertySource configurationProperties [class org.springframework.boot.context.properties.source.ConfigurationPropertySourcesPropertySource
2024-01-03 21:57:16,493 [main] INFO  com.ulisesbocchio.jasyptspringboot.EncryptablePropertySourceConverter(makeEncryptable:105) - Skipping PropertySource servletConfigInitParams [class org.springframework.core.env.PropertySource$StubPropertySource
2024-01-03 21:57:16,493 [main] INFO  com.ulisesbocchio.jasyptspringboot.EncryptablePropertySourceConverter(makeEncryptable:105) - Skipping PropertySource servletContextInitParams [class org.springframework.core.env.PropertySource$StubPropertySource
2024-01-03 21:57:16,493 [main] INFO  com.ulisesbocchio.jasyptspringboot.EncryptablePropertySourceConverter(makeEncryptable:110) - Converting PropertySource systemProperties [org.springframework.core.env.PropertiesPropertySource] to EncryptableMapPropertySourceWrapper
2024-01-03 21:57:16,493 [main] INFO  com.ulisesbocchio.jasyptspringboot.EncryptablePropertySourceConverter(makeEncryptable:110) - Converting PropertySource systemEnvironment [org.springframework.boot.env.SystemEnvironmentPropertySourceEnvironmentPostProcessor$OriginAwareSystemEnvironmentPropertySource] to EncryptableSystemEnvironmentPropertySourceWrapper
2024-01-03 21:57:16,494 [main] INFO  com.ulisesbocchio.jasyptspringboot.EncryptablePropertySourceConverter(makeEncryptable:110) - Converting PropertySource random [org.springframework.boot.env.RandomValuePropertySource] to EncryptablePropertySourceWrapper
2024-01-03 21:57:16,494 [main] INFO  com.ulisesbocchio.jasyptspringboot.EncryptablePropertySourceConverter(makeEncryptable:110) - Converting PropertySource Config resource 'class path resource [application-prod.yml]' via location 'optional:classpath:/' [org.springframework.boot.env.OriginTrackedMapPropertySource] to EncryptableMapPropertySourceWrapper
2024-01-03 21:57:16,494 [main] INFO  com.ulisesbocchio.jasyptspringboot.EncryptablePropertySourceConverter(makeEncryptable:110) - Converting PropertySource Config resource 'class path resource [application.yml]' via location 'optional:classpath:/' [org.springframework.boot.env.OriginTrackedMapPropertySource] to EncryptableMapPropertySourceWrapper
2024-01-03 21:57:16,657 [main] INFO  org.springframework.boot.web.embedded.tomcat.TomcatWebServer(initialize:108) - Tomcat initialized with port(s): 8080 (http)
2024-01-03 21:57:16,662 [main] INFO  org.apache.coyote.http11.Http11NioProtocol(log:173) - Initializing ProtocolHandler ["http-nio-8080"]
2024-01-03 21:57:16,663 [main] INFO  org.apache.catalina.core.StandardService(log:173) - Starting service [Tomcat]
2024-01-03 21:57:16,663 [main] INFO  org.apache.catalina.core.StandardEngine(log:173) - Starting Servlet engine: [Apache Tomcat/10.1.10]
2024-01-03 21:57:16,706 [main] INFO  org.apache.catalina.core.ContainerBase.[Tomcat].[localhost].[/](log:173) - Initializing Spring embedded WebApplicationContext
2024-01-03 21:57:16,707 [main] INFO  org.springframework.boot.web.servlet.context.ServletWebServerApplicationContext(prepareWebApplicationContext:291) - Root WebApplicationContext: initialization completed in 778 ms
2024-01-03 21:57:16,738 [main] INFO  com.ulisesbocchio.jasyptspringboot.filter.DefaultLazyPropertyFilter(lambda$new$2:45) - Property Filter custom Bean not found with name 'encryptablePropertyFilter'. Initializing Default Property Filter
2024-01-03 21:57:16,742 [main] INFO  com.ulisesbocchio.jasyptspringboot.resolver.DefaultLazyPropertyResolver(lambda$new$2:46) - Property Resolver custom Bean not found with name 'encryptablePropertyResolver'. Initializing Default Property Resolver
2024-01-03 21:57:16,744 [main] INFO  com.ulisesbocchio.jasyptspringboot.detector.DefaultLazyPropertyDetector(lambda$new$2:44) - Property Detector custom Bean not found with name 'encryptablePropertyDetector'. Initializing Default Property Detector
2024-01-03 21:57:16,780 [main] INFO  org.hibernate.jpa.internal.util.LogHelper(logPersistenceUnitInformation:31) - HHH000204: Processing PersistenceUnitInfo [name: default]
2024-01-03 21:57:16,812 [main] INFO  org.hibernate.Version(logVersion:44) - HHH000412: Hibernate ORM core version 6.2.5.Final
2024-01-03 21:57:16,813 [main] INFO  org.hibernate.cfg.Environment(<clinit>:191) - HHH000406: Using bytecode reflection optimizer
2024-01-03 21:57:16,817 [main] INFO  org.hibernate.spatial.integration.SpatialService(<init>:42) - HHH80000001: hibernate-spatial integration enabled : true
2024-01-03 21:57:16,877 [main] INFO  com.zaxxer.hikari.HikariDataSource(getConnection:110) - HikariPool-1 - Starting...
2024-01-03 21:57:17,060 [main] INFO  com.zaxxer.hikari.pool.HikariPool(checkFailFast:565) - HikariPool-1 - Added connection com.mysql.cj.jdbc.ConnectionImpl@7b29cdea
2024-01-03 21:57:17,061 [main] INFO  com.zaxxer.hikari.HikariDataSource(getConnection:123) - HikariPool-1 - Start completed.
2024-01-03 21:57:17,154 [main] INFO  org.hibernate.spatial(contributeJdbcTypes:28) - HHH80000003: hibernate-spatial adding type contributions from : org.hibernate.spatial.dialect.mysql.MySQLDialectContributor
2024-01-03 21:57:17,209 [main] INFO  org.hibernate.bytecode.internal.BytecodeProviderInitiator(buildBytecodeProvider:53) - HHH000021: Bytecode provider name : bytebuddy
2024-01-03 21:57:17,276 [main] INFO  org.springframework.orm.jpa.persistenceunit.SpringPersistenceUnitInfo(addTransformer:87) - No LoadTimeWeaver setup: ignoring JPA class transformer
2024-01-03 21:57:17,284 [main] INFO  org.hibernate.spatial(contributeJdbcTypes:28) - HHH80000003: hibernate-spatial adding type contributions from : org.hibernate.spatial.dialect.mysql.MySQLDialectContributor
2024-01-03 21:57:17,389 [main] INFO  org.hibernate.bytecode.internal.BytecodeProviderInitiator(buildBytecodeProvider:53) - HHH000021: Bytecode provider name : bytebuddy
2024-01-03 21:57:17,446 [main] INFO  org.hibernate.spatial(contributeFunctions:34) - HHH80000004: hibernate-spatial adding function contributions from : org.hibernate.spatial.dialect.mysql.MySQLDialectContributor
2024-01-03 21:57:17,795 [main] INFO  org.hibernate.engine.transaction.jta.platform.internal.JtaPlatformInitiator(initiateService:51) - HHH000490: Using JtaPlatform implementation: [org.hibernate.engine.transaction.jta.platform.internal.NoJtaPlatform]
2024-01-03 21:57:17,867 [main] INFO  org.springframework.orm.jpa.LocalContainerEntityManagerFactoryBean(buildNativeEntityManagerFactory:437) - Initialized JPA EntityManagerFactory for persistence unit 'default'
2024-01-03 21:57:17,877 [main] INFO  org.hibernate.jpa.internal.util.LogHelper(logPersistenceUnitInformation:31) - HHH000204: Processing PersistenceUnitInfo [name: default]
2024-01-03 21:57:17,879 [main] INFO  org.hibernate.spatial.integration.SpatialService(<init>:42) - HHH80000001: hibernate-spatial integration enabled : true
2024-01-03 21:57:17,882 [main] INFO  com.zaxxer.hikari.HikariDataSource(getConnection:110) - HikariPool-2 - Starting...
2024-01-03 21:57:18,291 [main] INFO  com.zaxxer.hikari.pool.HikariPool(checkFailFast:565) - HikariPool-2 - Added connection org.postgresql.jdbc.PgConnection@3bb186b
2024-01-03 21:57:18,291 [main] INFO  com.zaxxer.hikari.HikariDataSource(getConnection:123) - HikariPool-2 - Start completed.
2024-01-03 21:57:18,340 [main] INFO  org.hibernate.spatial(contributeJdbcTypes:28) - HHH80000003: hibernate-spatial adding type contributions from : org.hibernate.spatial.dialect.postgis.PostgisDialectContributor
2024-01-03 21:57:18,367 [main] INFO  org.hibernate.bytecode.internal.BytecodeProviderInitiator(buildBytecodeProvider:53) - HHH000021: Bytecode provider name : bytebuddy
2024-01-03 21:57:18,368 [main] INFO  org.springframework.orm.jpa.persistenceunit.SpringPersistenceUnitInfo(addTransformer:87) - No LoadTimeWeaver setup: ignoring JPA class transformer
2024-01-03 21:57:18,372 [main] INFO  org.hibernate.spatial(contributeJdbcTypes:28) - HHH80000003: hibernate-spatial adding type contributions from : org.hibernate.spatial.dialect.postgis.PostgisDialectContributor
2024-01-03 21:57:18,378 [main] INFO  org.hibernate.bytecode.internal.BytecodeProviderInitiator(buildBytecodeProvider:53) - HHH000021: Bytecode provider name : bytebuddy
2024-01-03 21:57:18,384 [main] INFO  org.hibernate.spatial(contributeFunctions:41) - HHH80000004: hibernate-spatial adding function contributions from : org.hibernate.spatial.dialect.postgis.PostgisDialectContributor
2024-01-03 21:57:18,405 [main] INFO  org.hibernate.engine.transaction.jta.platform.internal.JtaPlatformInitiator(initiateService:51) - HHH000490: Using JtaPlatform implementation: [org.hibernate.engine.transaction.jta.platform.internal.NoJtaPlatform]
2024-01-03 21:57:18,493 [main] INFO  org.springframework.orm.jpa.LocalContainerEntityManagerFactoryBean(buildNativeEntityManagerFactory:437) - Initialized JPA EntityManagerFactory for persistence unit 'default'
2024-01-03 21:57:18,617 [main] INFO  org.springframework.data.jpa.repository.query.QueryEnhancerFactory(<clinit>:47) - Hibernate is in classpath; If applicable, HQL parser will be used.
2024-01-03 21:57:19,471 [main] WARN  org.springframework.boot.autoconfigure.orm.jpa.JpaBaseConfiguration$JpaWebConfiguration(openEntityManagerInViewInterceptor:231) - spring.jpa.open-in-view is enabled by default. Therefore, database queries may be performed during view rendering. Explicitly configure spring.jpa.open-in-view to disable this warning
2024-01-03 21:57:19,831 [main] INFO  org.apache.coyote.http11.Http11NioProtocol(log:173) - Starting ProtocolHandler ["http-nio-8080"]
2024-01-03 21:57:19,842 [main] INFO  org.springframework.boot.web.embedded.tomcat.TomcatWebServer(start:220) - Tomcat started on port(s): 8080 (http) with context path ''
2024-01-03 21:57:19,843 [main] INFO  com.ulisesbocchio.jasyptspringboot.caching.RefreshScopeRefreshedEventListener(onApplicationEvent:70) - Refreshing cached encryptable property sources on ServletWebServerInitializedEvent
2024-01-03 21:57:19,843 [main] INFO  com.ulisesbocchio.jasyptspringboot.caching.CachingDelegateEncryptablePropertySource(refresh:92) - Property Source systemProperties refreshed
2024-01-03 21:57:19,843 [main] INFO  com.ulisesbocchio.jasyptspringboot.caching.CachingDelegateEncryptablePropertySource(refresh:92) - Property Source systemEnvironment refreshed
2024-01-03 21:57:19,843 [main] INFO  com.ulisesbocchio.jasyptspringboot.caching.CachingDelegateEncryptablePropertySource(refresh:92) - Property Source random refreshed
2024-01-03 21:57:19,843 [main] INFO  com.ulisesbocchio.jasyptspringboot.caching.CachingDelegateEncryptablePropertySource(refresh:92) - Property Source Config resource 'class path resource [application-prod.yml]' via location 'optional:classpath:/' refreshed
2024-01-03 21:57:19,843 [main] INFO  com.ulisesbocchio.jasyptspringboot.caching.CachingDelegateEncryptablePropertySource(refresh:92) - Property Source Config resource 'class path resource [application.yml]' via location 'optional:classpath:/' refreshed
2024-01-03 21:57:19,843 [main] INFO  com.ulisesbocchio.jasyptspringboot.EncryptablePropertySourceConverter(makeEncryptable:105) - Skipping PropertySource configurationProperties [class org.springframework.boot.context.properties.source.ConfigurationPropertySourcesPropertySource
2024-01-03 21:57:19,844 [main] INFO  com.ulisesbocchio.jasyptspringboot.EncryptablePropertySourceConverter(makeEncryptable:105) - Skipping PropertySource servletConfigInitParams [class org.springframework.core.env.PropertySource$StubPropertySource
2024-01-03 21:57:19,844 [main] INFO  com.ulisesbocchio.jasyptspringboot.EncryptablePropertySourceConverter(makeEncryptable:110) - Converting PropertySource servletContextInitParams [org.springframework.web.context.support.ServletContextPropertySource] to EncryptableEnumerablePropertySourceWrapper
2024-01-03 21:57:19,850 [main] INFO  com.mjuAppSW.joA.JProjectApplication(logStarted:57) - Started JProjectApplication in 4.898 seconds (process running for 5.288)
2024-01-03 21:57:22,832 [SpringApplicationShutdownHook] INFO  org.springframework.orm.jpa.LocalContainerEntityManagerFactoryBean(destroy:650) - Closing JPA EntityManagerFactory for persistence unit 'default'
2024-01-03 21:57:22,833 [SpringApplicationShutdownHook] INFO  com.zaxxer.hikari.HikariDataSource(close:350) - HikariPool-2 - Shutdown initiated...
2024-01-03 21:57:22,835 [SpringApplicationShutdownHook] INFO  com.zaxxer.hikari.HikariDataSource(close:352) - HikariPool-2 - Shutdown completed.
2024-01-03 21:57:22,836 [SpringApplicationShutdownHook] INFO  org.springframework.orm.jpa.LocalContainerEntityManagerFactoryBean(destroy:650) - Closing JPA EntityManagerFactory for persistence unit 'default'
2024-01-03 21:57:22,836 [SpringApplicationShutdownHook] INFO  com.zaxxer.hikari.HikariDataSource(close:350) - HikariPool-1 - Shutdown initiated...
2024-01-03 21:57:22,986 [SpringApplicationShutdownHook] INFO  com.zaxxer.hikari.HikariDataSource(close:352) - HikariPool-1 - Shutdown completed.
2024-01-03 21:57:52,644 [Test worker] INFO  org.springframework.test.context.support.AnnotationConfigContextLoaderUtils(detectDefaultConfigurationClasses:83) - Could not detect default configuration classes for test class [com.mjuAppSW.joA.JProjectApplicationTests]: JProjectApplicationTests does not declare any static, non-private, non-final, nested classes annotated with @Configuration.
2024-01-03 21:57:52,695 [Test worker] INFO  org.springframework.boot.test.context.SpringBootTestContextBootstrapper(getOrFindConfigurationClasses:248) - Found @SpringBootConfiguration com.mjuAppSW.joA.JProjectApplication for test class com.mjuAppSW.joA.JProjectApplicationTests
2024-01-03 21:57:52,860 [background-preinit] INFO  org.hibernate.validator.internal.util.Version(<clinit>:21) - HV000001: Hibernate Validator 8.0.0.Final
2024-01-03 21:57:52,870 [Test worker] INFO  com.mjuAppSW.joA.JProjectApplicationTests(logStarting:51) - Starting JProjectApplicationTests using Java 17.0.5 with PID 6520 (started by mimi in /Users/mimi/Desktop/JProject)
2024-01-03 21:57:53,371 [Test worker] INFO  com.mjuAppSW.joA.JProjectApplicationTests(logStartupProfileInfo:640) - The following 1 profile is active: "prod"
2024-01-03 21:57:53,777 [Test worker] INFO  org.springframework.data.repository.config.RepositoryConfigurationDelegate(registerRepositoriesIn:138) - Bootstrapping Spring Data JPA repositories in DEFAULT mode.
2024-01-03 21:57:53,811 [Test worker] INFO  org.springframework.data.repository.config.RepositoryConfigurationDelegate(registerRepositoriesIn:208) - Finished Spring Data repository scanning in 30 ms. Found 11 JPA repository interfaces.
2024-01-03 21:57:53,812 [Test worker] INFO  org.springframework.data.repository.config.RepositoryConfigurationDelegate(registerRepositoriesIn:138) - Bootstrapping Spring Data JPA repositories in DEFAULT mode.
2024-01-03 21:57:53,817 [Test worker] INFO  org.springframework.data.repository.config.RepositoryConfigurationDelegate(registerRepositoriesIn:208) - Finished Spring Data repository scanning in 5 ms. Found 3 JPA repository interfaces.
2024-01-03 21:57:54,052 [Test worker] INFO  com.ulisesbocchio.jasyptspringboot.configuration.EnableEncryptablePropertiesBeanFactoryPostProcessor(postProcessBeanFactory:44) - Post-processing PropertySource instances
2024-01-03 21:57:54,055 [Test worker] INFO  com.ulisesbocchio.jasyptspringboot.EncryptablePropertySourceConverter(makeEncryptable:105) - Skipping PropertySource configurationProperties [class org.springframework.boot.context.properties.source.ConfigurationPropertySourcesPropertySource
2024-01-03 21:57:54,055 [Test worker] INFO  com.ulisesbocchio.jasyptspringboot.EncryptablePropertySourceConverter(makeEncryptable:110) - Converting PropertySource test [org.springframework.core.env.MapPropertySource] to EncryptableMapPropertySourceWrapper
2024-01-03 21:57:54,055 [Test worker] INFO  com.ulisesbocchio.jasyptspringboot.EncryptablePropertySourceConverter(makeEncryptable:110) - Converting PropertySource Inlined Test Properties [org.springframework.core.env.MapPropertySource] to EncryptableMapPropertySourceWrapper
2024-01-03 21:57:54,055 [Test worker] INFO  com.ulisesbocchio.jasyptspringboot.EncryptablePropertySourceConverter(makeEncryptable:105) - Skipping PropertySource servletConfigInitParams [class org.springframework.core.env.PropertySource$StubPropertySource
2024-01-03 21:57:54,056 [Test worker] INFO  com.ulisesbocchio.jasyptspringboot.EncryptablePropertySourceConverter(makeEncryptable:110) - Converting PropertySource servletContextInitParams [org.springframework.web.context.support.ServletContextPropertySource] to EncryptableEnumerablePropertySourceWrapper
2024-01-03 21:57:54,056 [Test worker] INFO  com.ulisesbocchio.jasyptspringboot.EncryptablePropertySourceConverter(makeEncryptable:110) - Converting PropertySource systemProperties [org.springframework.core.env.PropertiesPropertySource] to EncryptableMapPropertySourceWrapper
2024-01-03 21:57:54,056 [Test worker] INFO  com.ulisesbocchio.jasyptspringboot.EncryptablePropertySourceConverter(makeEncryptable:110) - Converting PropertySource systemEnvironment [org.springframework.boot.env.SystemEnvironmentPropertySourceEnvironmentPostProcessor$OriginAwareSystemEnvironmentPropertySource] to EncryptableSystemEnvironmentPropertySourceWrapper
2024-01-03 21:57:54,056 [Test worker] INFO  com.ulisesbocchio.jasyptspringboot.EncryptablePropertySourceConverter(makeEncryptable:110) - Converting PropertySource random [org.springframework.boot.env.RandomValuePropertySource] to EncryptablePropertySourceWrapper
2024-01-03 21:57:54,056 [Test worker] INFO  com.ulisesbocchio.jasyptspringboot.EncryptablePropertySourceConverter(makeEncryptable:110) - Converting PropertySource Config resource 'class path resource [application-prod.yml]' via location 'optional:classpath:/' [org.springframework.boot.env.OriginTrackedMapPropertySource] to EncryptableMapPropertySourceWrapper
2024-01-03 21:57:54,056 [Test worker] INFO  com.ulisesbocchio.jasyptspringboot.EncryptablePropertySourceConverter(makeEncryptable:110) - Converting PropertySource Config resource 'class path resource [application.yml]' via location 'optional:classpath:/' [org.springframework.boot.env.OriginTrackedMapPropertySource] to EncryptableMapPropertySourceWrapper
2024-01-03 21:57:54,110 [Test worker] INFO  com.ulisesbocchio.jasyptspringboot.filter.DefaultLazyPropertyFilter(lambda$new$2:45) - Property Filter custom Bean not found with name 'encryptablePropertyFilter'. Initializing Default Property Filter
2024-01-03 21:57:54,115 [Test worker] INFO  com.ulisesbocchio.jasyptspringboot.resolver.DefaultLazyPropertyResolver(lambda$new$2:46) - Property Resolver custom Bean not found with name 'encryptablePropertyResolver'. Initializing Default Property Resolver
2024-01-03 21:57:54,116 [Test worker] INFO  com.ulisesbocchio.jasyptspringboot.detector.DefaultLazyPropertyDetector(lambda$new$2:44) - Property Detector custom Bean not found with name 'encryptablePropertyDetector'. Initializing Default Property Detector
2024-01-03 21:57:54,153 [Test worker] INFO  org.hibernate.jpa.internal.util.LogHelper(logPersistenceUnitInformation:31) - HHH000204: Processing PersistenceUnitInfo [name: default]
2024-01-03 21:57:54,174 [Test worker] INFO  org.hibernate.Version(logVersion:44) - HHH000412: Hibernate ORM core version 6.2.5.Final
2024-01-03 21:57:54,175 [Test worker] INFO  org.hibernate.cfg.Environment(<clinit>:191) - HHH000406: Using bytecode reflection optimizer
2024-01-03 21:57:54,179 [Test worker] INFO  org.hibernate.spatial.integration.SpatialService(<init>:42) - HHH80000001: hibernate-spatial integration enabled : true
2024-01-03 21:57:54,231 [Test worker] INFO  com.zaxxer.hikari.HikariDataSource(getConnection:110) - HikariPool-1 - Starting...
2024-01-03 21:57:54,409 [Test worker] INFO  com.zaxxer.hikari.pool.HikariPool(checkFailFast:565) - HikariPool-1 - Added connection com.mysql.cj.jdbc.ConnectionImpl@50bb1c1f
2024-01-03 21:57:54,410 [Test worker] INFO  com.zaxxer.hikari.HikariDataSource(getConnection:123) - HikariPool-1 - Start completed.
2024-01-03 21:57:54,470 [Test worker] INFO  org.hibernate.spatial(contributeJdbcTypes:28) - HHH80000003: hibernate-spatial adding type contributions from : org.hibernate.spatial.dialect.mysql.MySQLDialectContributor
2024-01-03 21:57:54,490 [Test worker] INFO  org.hibernate.bytecode.internal.BytecodeProviderInitiator(buildBytecodeProvider:53) - HHH000021: Bytecode provider name : bytebuddy
2024-01-03 21:57:54,543 [Test worker] INFO  org.springframework.orm.jpa.persistenceunit.SpringPersistenceUnitInfo(addTransformer:87) - No LoadTimeWeaver setup: ignoring JPA class transformer
2024-01-03 21:57:54,552 [Test worker] INFO  org.hibernate.spatial(contributeJdbcTypes:28) - HHH80000003: hibernate-spatial adding type contributions from : org.hibernate.spatial.dialect.mysql.MySQLDialectContributor
2024-01-03 21:57:54,657 [Test worker] INFO  org.hibernate.bytecode.internal.BytecodeProviderInitiator(buildBytecodeProvider:53) - HHH000021: Bytecode provider name : bytebuddy
2024-01-03 21:57:54,706 [Test worker] INFO  org.hibernate.spatial(contributeFunctions:34) - HHH80000004: hibernate-spatial adding function contributions from : org.hibernate.spatial.dialect.mysql.MySQLDialectContributor
2024-01-03 21:57:55,040 [Test worker] INFO  org.hibernate.engine.transaction.jta.platform.internal.JtaPlatformInitiator(initiateService:51) - HHH000490: Using JtaPlatform implementation: [org.hibernate.engine.transaction.jta.platform.internal.NoJtaPlatform]
2024-01-03 21:57:55,104 [Test worker] INFO  org.springframework.orm.jpa.LocalContainerEntityManagerFactoryBean(buildNativeEntityManagerFactory:437) - Initialized JPA EntityManagerFactory for persistence unit 'default'
2024-01-03 21:57:55,112 [Test worker] INFO  org.hibernate.jpa.internal.util.LogHelper(logPersistenceUnitInformation:31) - HHH000204: Processing PersistenceUnitInfo [name: default]
2024-01-03 21:57:55,114 [Test worker] INFO  org.hibernate.spatial.integration.SpatialService(<init>:42) - HHH80000001: hibernate-spatial integration enabled : true
2024-01-03 21:57:55,116 [Test worker] INFO  com.zaxxer.hikari.HikariDataSource(getConnection:110) - HikariPool-2 - Starting...
2024-01-03 21:57:55,377 [Test worker] INFO  com.zaxxer.hikari.pool.HikariPool(checkFailFast:565) - HikariPool-2 - Added connection org.postgresql.jdbc.PgConnection@3b2317b7
2024-01-03 21:57:55,377 [Test worker] INFO  com.zaxxer.hikari.HikariDataSource(getConnection:123) - HikariPool-2 - Start completed.
2024-01-03 21:57:55,420 [Test worker] INFO  org.hibernate.spatial(contributeJdbcTypes:28) - HHH80000003: hibernate-spatial adding type contributions from : org.hibernate.spatial.dialect.postgis.PostgisDialectContributor
2024-01-03 21:57:55,422 [Test worker] INFO  org.hibernate.bytecode.internal.BytecodeProviderInitiator(buildBytecodeProvider:53) - HHH000021: Bytecode provider name : bytebuddy
2024-01-03 21:57:55,422 [Test worker] INFO  org.springframework.orm.jpa.persistenceunit.SpringPersistenceUnitInfo(addTransformer:87) - No LoadTimeWeaver setup: ignoring JPA class transformer
2024-01-03 21:57:55,425 [Test worker] INFO  org.hibernate.spatial(contributeJdbcTypes:28) - HHH80000003: hibernate-spatial adding type contributions from : org.hibernate.spatial.dialect.postgis.PostgisDialectContributor
2024-01-03 21:57:55,430 [Test worker] INFO  org.hibernate.bytecode.internal.BytecodeProviderInitiator(buildBytecodeProvider:53) - HHH000021: Bytecode provider name : bytebuddy
2024-01-03 21:57:55,434 [Test worker] INFO  org.hibernate.spatial(contributeFunctions:41) - HHH80000004: hibernate-spatial adding function contributions from : org.hibernate.spatial.dialect.postgis.PostgisDialectContributor
2024-01-03 21:57:55,453 [Test worker] INFO  org.hibernate.engine.transaction.jta.platform.internal.JtaPlatformInitiator(initiateService:51) - HHH000490: Using JtaPlatform implementation: [org.hibernate.engine.transaction.jta.platform.internal.NoJtaPlatform]
2024-01-03 21:57:55,539 [Test worker] INFO  org.springframework.orm.jpa.LocalContainerEntityManagerFactoryBean(buildNativeEntityManagerFactory:437) - Initialized JPA EntityManagerFactory for persistence unit 'default'
2024-01-03 21:57:55,669 [Test worker] INFO  org.springframework.data.jpa.repository.query.QueryEnhancerFactory(<clinit>:47) - Hibernate is in classpath; If applicable, HQL parser will be used.
2024-01-03 21:57:56,713 [Test worker] WARN  org.springframework.boot.autoconfigure.orm.jpa.JpaBaseConfiguration$JpaWebConfiguration(openEntityManagerInViewInterceptor:231) - spring.jpa.open-in-view is enabled by default. Therefore, database queries may be performed during view rendering. Explicitly configure spring.jpa.open-in-view to disable this warning
2024-01-03 21:57:57,302 [Test worker] INFO  com.mjuAppSW.joA.JProjectApplicationTests(logStarted:57) - Started JProjectApplicationTests in 4.552 seconds (process running for 5.155)
2024-01-03 21:57:57,763 [SpringApplicationShutdownHook] INFO  org.springframework.orm.jpa.LocalContainerEntityManagerFactoryBean(destroy:650) - Closing JPA EntityManagerFactory for persistence unit 'default'
2024-01-03 21:57:57,764 [SpringApplicationShutdownHook] INFO  com.zaxxer.hikari.HikariDataSource(close:350) - HikariPool-2 - Shutdown initiated...
2024-01-03 21:57:57,768 [SpringApplicationShutdownHook] INFO  com.zaxxer.hikari.HikariDataSource(close:352) - HikariPool-2 - Shutdown completed.
2024-01-03 21:57:57,768 [SpringApplicationShutdownHook] INFO  org.springframework.orm.jpa.LocalContainerEntityManagerFactoryBean(destroy:650) - Closing JPA EntityManagerFactory for persistence unit 'default'
2024-01-03 21:57:57,768 [SpringApplicationShutdownHook] INFO  com.zaxxer.hikari.HikariDataSource(close:350) - HikariPool-1 - Shutdown initiated...
2024-01-03 21:57:57,921 [SpringApplicationShutdownHook] INFO  com.zaxxer.hikari.HikariDataSource(close:352) - HikariPool-1 - Shutdown completed.
