2023-11-30 15:13:07,024 [Test worker] INFO  org.springframework.test.context.support.AnnotationConfigContextLoaderUtils(detectDefaultConfigurationClasses:83) - Could not detect default configuration classes for test class [com.mjuAppSW.joA.JProjectApplicationTests]: JProjectApplicationTests does not declare any static, non-private, non-final, nested classes annotated with @Configuration.
2023-11-30 15:13:07,079 [Test worker] INFO  org.springframework.boot.test.context.SpringBootTestContextBootstrapper(getOrFindConfigurationClasses:248) - Found @SpringBootConfiguration com.mjuAppSW.joA.JProjectApplication for test class com.mjuAppSW.joA.JProjectApplicationTests
2023-11-30 15:13:07,238 [background-preinit] INFO  org.hibernate.validator.internal.util.Version(<clinit>:21) - HV000001: Hibernate Validator 8.0.0.Final
2023-11-30 15:13:07,249 [Test worker] INFO  com.mjuAppSW.joA.JProjectApplicationTests(logStarting:51) - Starting JProjectApplicationTests using Java 17.0.5 with PID 1110 (started by mimi in /Users/mimi/Desktop/JProject)
2023-11-30 15:13:07,781 [Test worker] INFO  com.mjuAppSW.joA.JProjectApplicationTests(logStartupProfileInfo:640) - The following 1 profile is active: "prod"
2023-11-30 15:13:08,269 [Test worker] INFO  org.springframework.data.repository.config.RepositoryConfigurationDelegate(registerRepositoriesIn:138) - Bootstrapping Spring Data JPA repositories in DEFAULT mode.
2023-11-30 15:13:08,306 [Test worker] INFO  org.springframework.data.repository.config.RepositoryConfigurationDelegate(registerRepositoriesIn:208) - Finished Spring Data repository scanning in 33 ms. Found 11 JPA repository interfaces.
2023-11-30 15:13:08,307 [Test worker] INFO  org.springframework.data.repository.config.RepositoryConfigurationDelegate(registerRepositoriesIn:138) - Bootstrapping Spring Data JPA repositories in DEFAULT mode.
2023-11-30 15:13:08,312 [Test worker] INFO  org.springframework.data.repository.config.RepositoryConfigurationDelegate(registerRepositoriesIn:208) - Finished Spring Data repository scanning in 5 ms. Found 3 JPA repository interfaces.
2023-11-30 15:13:08,532 [Test worker] INFO  com.ulisesbocchio.jasyptspringboot.configuration.EnableEncryptablePropertiesBeanFactoryPostProcessor(postProcessBeanFactory:44) - Post-processing PropertySource instances
2023-11-30 15:13:08,535 [Test worker] INFO  com.ulisesbocchio.jasyptspringboot.EncryptablePropertySourceConverter(makeEncryptable:105) - Skipping PropertySource configurationProperties [class org.springframework.boot.context.properties.source.ConfigurationPropertySourcesPropertySource
2023-11-30 15:13:08,535 [Test worker] INFO  com.ulisesbocchio.jasyptspringboot.EncryptablePropertySourceConverter(makeEncryptable:110) - Converting PropertySource test [org.springframework.core.env.MapPropertySource] to EncryptableMapPropertySourceWrapper
2023-11-30 15:13:08,536 [Test worker] INFO  com.ulisesbocchio.jasyptspringboot.EncryptablePropertySourceConverter(makeEncryptable:110) - Converting PropertySource Inlined Test Properties [org.springframework.core.env.MapPropertySource] to EncryptableMapPropertySourceWrapper
2023-11-30 15:13:08,536 [Test worker] INFO  com.ulisesbocchio.jasyptspringboot.EncryptablePropertySourceConverter(makeEncryptable:105) - Skipping PropertySource servletConfigInitParams [class org.springframework.core.env.PropertySource$StubPropertySource
2023-11-30 15:13:08,536 [Test worker] INFO  com.ulisesbocchio.jasyptspringboot.EncryptablePropertySourceConverter(makeEncryptable:110) - Converting PropertySource servletContextInitParams [org.springframework.web.context.support.ServletContextPropertySource] to EncryptableEnumerablePropertySourceWrapper
2023-11-30 15:13:08,536 [Test worker] INFO  com.ulisesbocchio.jasyptspringboot.EncryptablePropertySourceConverter(makeEncryptable:110) - Converting PropertySource systemProperties [org.springframework.core.env.PropertiesPropertySource] to EncryptableMapPropertySourceWrapper
2023-11-30 15:13:08,536 [Test worker] INFO  com.ulisesbocchio.jasyptspringboot.EncryptablePropertySourceConverter(makeEncryptable:110) - Converting PropertySource systemEnvironment [org.springframework.boot.env.SystemEnvironmentPropertySourceEnvironmentPostProcessor$OriginAwareSystemEnvironmentPropertySource] to EncryptableSystemEnvironmentPropertySourceWrapper
2023-11-30 15:13:08,536 [Test worker] INFO  com.ulisesbocchio.jasyptspringboot.EncryptablePropertySourceConverter(makeEncryptable:110) - Converting PropertySource random [org.springframework.boot.env.RandomValuePropertySource] to EncryptablePropertySourceWrapper
2023-11-30 15:13:08,537 [Test worker] INFO  com.ulisesbocchio.jasyptspringboot.EncryptablePropertySourceConverter(makeEncryptable:110) - Converting PropertySource Config resource 'class path resource [application-prod.yml]' via location 'optional:classpath:/' [org.springframework.boot.env.OriginTrackedMapPropertySource] to EncryptableMapPropertySourceWrapper
2023-11-30 15:13:08,537 [Test worker] INFO  com.ulisesbocchio.jasyptspringboot.EncryptablePropertySourceConverter(makeEncryptable:110) - Converting PropertySource Config resource 'class path resource [application.yml]' via location 'optional:classpath:/' [org.springframework.boot.env.OriginTrackedMapPropertySource] to EncryptableMapPropertySourceWrapper
2023-11-30 15:13:08,594 [Test worker] INFO  com.ulisesbocchio.jasyptspringboot.filter.DefaultLazyPropertyFilter(lambda$new$2:45) - Property Filter custom Bean not found with name 'encryptablePropertyFilter'. Initializing Default Property Filter
2023-11-30 15:13:08,603 [Test worker] INFO  com.ulisesbocchio.jasyptspringboot.resolver.DefaultLazyPropertyResolver(lambda$new$2:46) - Property Resolver custom Bean not found with name 'encryptablePropertyResolver'. Initializing Default Property Resolver
2023-11-30 15:13:08,603 [Test worker] INFO  com.ulisesbocchio.jasyptspringboot.detector.DefaultLazyPropertyDetector(lambda$new$2:44) - Property Detector custom Bean not found with name 'encryptablePropertyDetector'. Initializing Default Property Detector
2023-11-30 15:13:08,643 [Test worker] INFO  org.hibernate.jpa.internal.util.LogHelper(logPersistenceUnitInformation:31) - HHH000204: Processing PersistenceUnitInfo [name: default]
2023-11-30 15:13:08,667 [Test worker] INFO  org.hibernate.Version(logVersion:44) - HHH000412: Hibernate ORM core version 6.2.5.Final
2023-11-30 15:13:08,668 [Test worker] INFO  org.hibernate.cfg.Environment(<clinit>:191) - HHH000406: Using bytecode reflection optimizer
2023-11-30 15:13:08,672 [Test worker] INFO  org.hibernate.spatial.integration.SpatialService(<init>:42) - HHH80000001: hibernate-spatial integration enabled : true
2023-11-30 15:13:08,738 [Test worker] INFO  com.zaxxer.hikari.HikariDataSource(getConnection:110) - HikariPool-1 - Starting...
2023-11-30 15:13:08,857 [Test worker] INFO  com.zaxxer.hikari.pool.HikariPool(checkFailFast:565) - HikariPool-1 - Added connection com.mysql.cj.jdbc.ConnectionImpl@7d17906
2023-11-30 15:13:08,858 [Test worker] INFO  com.zaxxer.hikari.HikariDataSource(getConnection:123) - HikariPool-1 - Start completed.
2023-11-30 15:13:08,924 [Test worker] INFO  org.hibernate.spatial(contributeJdbcTypes:28) - HHH80000003: hibernate-spatial adding type contributions from : org.hibernate.spatial.dialect.mysql.MySQLDialectContributor
2023-11-30 15:13:08,944 [Test worker] INFO  org.hibernate.bytecode.internal.BytecodeProviderInitiator(buildBytecodeProvider:53) - HHH000021: Bytecode provider name : bytebuddy
2023-11-30 15:13:08,998 [Test worker] INFO  org.springframework.orm.jpa.persistenceunit.SpringPersistenceUnitInfo(addTransformer:87) - No LoadTimeWeaver setup: ignoring JPA class transformer
2023-11-30 15:13:09,007 [Test worker] INFO  org.hibernate.spatial(contributeJdbcTypes:28) - HHH80000003: hibernate-spatial adding type contributions from : org.hibernate.spatial.dialect.mysql.MySQLDialectContributor
2023-11-30 15:13:09,122 [Test worker] INFO  org.hibernate.bytecode.internal.BytecodeProviderInitiator(buildBytecodeProvider:53) - HHH000021: Bytecode provider name : bytebuddy
2023-11-30 15:13:09,173 [Test worker] INFO  org.hibernate.spatial(contributeFunctions:34) - HHH80000004: hibernate-spatial adding function contributions from : org.hibernate.spatial.dialect.mysql.MySQLDialectContributor
2023-11-30 15:13:09,501 [Test worker] INFO  org.hibernate.engine.transaction.jta.platform.internal.JtaPlatformInitiator(initiateService:51) - HHH000490: Using JtaPlatform implementation: [org.hibernate.engine.transaction.jta.platform.internal.NoJtaPlatform]
2023-11-30 15:13:09,580 [Test worker] INFO  org.springframework.orm.jpa.LocalContainerEntityManagerFactoryBean(buildNativeEntityManagerFactory:437) - Initialized JPA EntityManagerFactory for persistence unit 'default'
2023-11-30 15:13:09,589 [Test worker] INFO  org.hibernate.jpa.internal.util.LogHelper(logPersistenceUnitInformation:31) - HHH000204: Processing PersistenceUnitInfo [name: default]
2023-11-30 15:13:09,590 [Test worker] INFO  org.hibernate.spatial.integration.SpatialService(<init>:42) - HHH80000001: hibernate-spatial integration enabled : true
2023-11-30 15:13:09,592 [Test worker] INFO  com.zaxxer.hikari.HikariDataSource(getConnection:110) - HikariPool-2 - Starting...
2023-11-30 15:13:09,824 [Test worker] INFO  com.zaxxer.hikari.pool.HikariPool(checkFailFast:565) - HikariPool-2 - Added connection org.postgresql.jdbc.PgConnection@147ea894
2023-11-30 15:13:09,825 [Test worker] INFO  com.zaxxer.hikari.HikariDataSource(getConnection:123) - HikariPool-2 - Start completed.
2023-11-30 15:13:09,852 [Test worker] INFO  org.hibernate.spatial(contributeJdbcTypes:28) - HHH80000003: hibernate-spatial adding type contributions from : org.hibernate.spatial.dialect.postgis.PostgisDialectContributor
2023-11-30 15:13:09,854 [Test worker] INFO  org.hibernate.bytecode.internal.BytecodeProviderInitiator(buildBytecodeProvider:53) - HHH000021: Bytecode provider name : bytebuddy
2023-11-30 15:13:09,854 [Test worker] INFO  org.springframework.orm.jpa.persistenceunit.SpringPersistenceUnitInfo(addTransformer:87) - No LoadTimeWeaver setup: ignoring JPA class transformer
2023-11-30 15:13:09,857 [Test worker] INFO  org.hibernate.spatial(contributeJdbcTypes:28) - HHH80000003: hibernate-spatial adding type contributions from : org.hibernate.spatial.dialect.postgis.PostgisDialectContributor
2023-11-30 15:13:09,864 [Test worker] INFO  org.hibernate.bytecode.internal.BytecodeProviderInitiator(buildBytecodeProvider:53) - HHH000021: Bytecode provider name : bytebuddy
2023-11-30 15:13:09,868 [Test worker] INFO  org.hibernate.spatial(contributeFunctions:41) - HHH80000004: hibernate-spatial adding function contributions from : org.hibernate.spatial.dialect.postgis.PostgisDialectContributor
2023-11-30 15:13:09,887 [Test worker] INFO  org.hibernate.engine.transaction.jta.platform.internal.JtaPlatformInitiator(initiateService:51) - HHH000490: Using JtaPlatform implementation: [org.hibernate.engine.transaction.jta.platform.internal.NoJtaPlatform]
2023-11-30 15:13:09,942 [Test worker] INFO  org.springframework.orm.jpa.LocalContainerEntityManagerFactoryBean(buildNativeEntityManagerFactory:437) - Initialized JPA EntityManagerFactory for persistence unit 'default'
2023-11-30 15:13:10,080 [Test worker] INFO  org.springframework.data.jpa.repository.query.QueryEnhancerFactory(<clinit>:47) - Hibernate is in classpath; If applicable, HQL parser will be used.
2023-11-30 15:13:11,049 [Test worker] WARN  org.springframework.boot.autoconfigure.orm.jpa.JpaBaseConfiguration$JpaWebConfiguration(openEntityManagerInViewInterceptor:231) - spring.jpa.open-in-view is enabled by default. Therefore, database queries may be performed during view rendering. Explicitly configure spring.jpa.open-in-view to disable this warning
2023-11-30 15:13:11,227 [Test worker] INFO  com.mjuAppSW.joA.JProjectApplicationTests(logStarted:57) - Started JProjectApplicationTests in 4.097 seconds (process running for 4.685)
2023-11-30 15:13:11,643 [SpringApplicationShutdownHook] INFO  org.springframework.orm.jpa.LocalContainerEntityManagerFactoryBean(destroy:650) - Closing JPA EntityManagerFactory for persistence unit 'default'
2023-11-30 15:13:11,643 [SpringApplicationShutdownHook] INFO  com.zaxxer.hikari.HikariDataSource(close:350) - HikariPool-2 - Shutdown initiated...
2023-11-30 15:13:11,647 [SpringApplicationShutdownHook] INFO  com.zaxxer.hikari.HikariDataSource(close:352) - HikariPool-2 - Shutdown completed.
2023-11-30 15:13:11,648 [SpringApplicationShutdownHook] INFO  org.springframework.orm.jpa.LocalContainerEntityManagerFactoryBean(destroy:650) - Closing JPA EntityManagerFactory for persistence unit 'default'
2023-11-30 15:13:11,648 [SpringApplicationShutdownHook] INFO  com.zaxxer.hikari.HikariDataSource(close:350) - HikariPool-1 - Shutdown initiated...
2023-11-30 15:13:11,735 [SpringApplicationShutdownHook] INFO  com.zaxxer.hikari.HikariDataSource(close:352) - HikariPool-1 - Shutdown completed.
2023-11-30 15:13:56,614 [background-preinit] INFO  org.hibernate.validator.internal.util.Version(<clinit>:21) - HV000001: Hibernate Validator 8.0.0.Final
2023-11-30 15:13:56,636 [main] INFO  com.mjuAppSW.joA.JProjectApplication(logStarting:51) - Starting JProjectApplication using Java 17.0.5 with PID 1147 (/Users/mimi/Desktop/JProject/build/classes/java/main started by mimi in /Users/mimi/Desktop/JProject)
2023-11-30 15:13:57,080 [main] INFO  com.mjuAppSW.joA.JProjectApplication(logStartupProfileInfo:640) - The following 1 profile is active: "prod"
2023-11-30 15:13:57,473 [main] INFO  org.springframework.data.repository.config.RepositoryConfigurationDelegate(registerRepositoriesIn:138) - Bootstrapping Spring Data JPA repositories in DEFAULT mode.
2023-11-30 15:13:57,515 [main] INFO  org.springframework.data.repository.config.RepositoryConfigurationDelegate(registerRepositoriesIn:208) - Finished Spring Data repository scanning in 37 ms. Found 11 JPA repository interfaces.
2023-11-30 15:13:57,516 [main] INFO  org.springframework.data.repository.config.RepositoryConfigurationDelegate(registerRepositoriesIn:138) - Bootstrapping Spring Data JPA repositories in DEFAULT mode.
2023-11-30 15:13:57,526 [main] INFO  org.springframework.data.repository.config.RepositoryConfigurationDelegate(registerRepositoriesIn:208) - Finished Spring Data repository scanning in 9 ms. Found 3 JPA repository interfaces.
2023-11-30 15:13:57,786 [main] INFO  com.ulisesbocchio.jasyptspringboot.configuration.EnableEncryptablePropertiesBeanFactoryPostProcessor(postProcessBeanFactory:44) - Post-processing PropertySource instances
2023-11-30 15:13:57,789 [main] INFO  com.ulisesbocchio.jasyptspringboot.EncryptablePropertySourceConverter(makeEncryptable:105) - Skipping PropertySource configurationProperties [class org.springframework.boot.context.properties.source.ConfigurationPropertySourcesPropertySource
2023-11-30 15:13:57,790 [main] INFO  com.ulisesbocchio.jasyptspringboot.EncryptablePropertySourceConverter(makeEncryptable:105) - Skipping PropertySource servletConfigInitParams [class org.springframework.core.env.PropertySource$StubPropertySource
2023-11-30 15:13:57,790 [main] INFO  com.ulisesbocchio.jasyptspringboot.EncryptablePropertySourceConverter(makeEncryptable:105) - Skipping PropertySource servletContextInitParams [class org.springframework.core.env.PropertySource$StubPropertySource
2023-11-30 15:13:57,790 [main] INFO  com.ulisesbocchio.jasyptspringboot.EncryptablePropertySourceConverter(makeEncryptable:110) - Converting PropertySource systemProperties [org.springframework.core.env.PropertiesPropertySource] to EncryptableMapPropertySourceWrapper
2023-11-30 15:13:57,791 [main] INFO  com.ulisesbocchio.jasyptspringboot.EncryptablePropertySourceConverter(makeEncryptable:110) - Converting PropertySource systemEnvironment [org.springframework.boot.env.SystemEnvironmentPropertySourceEnvironmentPostProcessor$OriginAwareSystemEnvironmentPropertySource] to EncryptableSystemEnvironmentPropertySourceWrapper
2023-11-30 15:13:57,791 [main] INFO  com.ulisesbocchio.jasyptspringboot.EncryptablePropertySourceConverter(makeEncryptable:110) - Converting PropertySource random [org.springframework.boot.env.RandomValuePropertySource] to EncryptablePropertySourceWrapper
2023-11-30 15:13:57,791 [main] INFO  com.ulisesbocchio.jasyptspringboot.EncryptablePropertySourceConverter(makeEncryptable:110) - Converting PropertySource Config resource 'class path resource [application-prod.yml]' via location 'optional:classpath:/' [org.springframework.boot.env.OriginTrackedMapPropertySource] to EncryptableMapPropertySourceWrapper
2023-11-30 15:13:57,791 [main] INFO  com.ulisesbocchio.jasyptspringboot.EncryptablePropertySourceConverter(makeEncryptable:110) - Converting PropertySource Config resource 'class path resource [application.yml]' via location 'optional:classpath:/' [org.springframework.boot.env.OriginTrackedMapPropertySource] to EncryptableMapPropertySourceWrapper
2023-11-30 15:13:58,800 [background-preinit] INFO  org.hibernate.validator.internal.util.Version(<clinit>:21) - HV000001: Hibernate Validator 8.0.0.Final
2023-11-30 15:13:58,824 [main] INFO  com.mjuAppSW.joA.JProjectApplication(logStarting:51) - Starting JProjectApplication using Java 17.0.5 with PID 1151 (/Users/mimi/Desktop/JProject/build/classes/java/main started by mimi in /Users/mimi/Desktop/JProject)
2023-11-30 15:13:59,226 [main] INFO  com.mjuAppSW.joA.JProjectApplication(logStartupProfileInfo:640) - The following 1 profile is active: "prod"
2023-11-30 15:13:59,566 [main] INFO  org.springframework.data.repository.config.RepositoryConfigurationDelegate(registerRepositoriesIn:138) - Bootstrapping Spring Data JPA repositories in DEFAULT mode.
2023-11-30 15:13:59,600 [main] INFO  org.springframework.data.repository.config.RepositoryConfigurationDelegate(registerRepositoriesIn:208) - Finished Spring Data repository scanning in 31 ms. Found 11 JPA repository interfaces.
2023-11-30 15:13:59,601 [main] INFO  org.springframework.data.repository.config.RepositoryConfigurationDelegate(registerRepositoriesIn:138) - Bootstrapping Spring Data JPA repositories in DEFAULT mode.
2023-11-30 15:13:59,607 [main] INFO  org.springframework.data.repository.config.RepositoryConfigurationDelegate(registerRepositoriesIn:208) - Finished Spring Data repository scanning in 5 ms. Found 3 JPA repository interfaces.
2023-11-30 15:13:59,803 [main] INFO  com.ulisesbocchio.jasyptspringboot.configuration.EnableEncryptablePropertiesBeanFactoryPostProcessor(postProcessBeanFactory:44) - Post-processing PropertySource instances
2023-11-30 15:13:59,806 [main] INFO  com.ulisesbocchio.jasyptspringboot.EncryptablePropertySourceConverter(makeEncryptable:105) - Skipping PropertySource configurationProperties [class org.springframework.boot.context.properties.source.ConfigurationPropertySourcesPropertySource
2023-11-30 15:13:59,806 [main] INFO  com.ulisesbocchio.jasyptspringboot.EncryptablePropertySourceConverter(makeEncryptable:105) - Skipping PropertySource servletConfigInitParams [class org.springframework.core.env.PropertySource$StubPropertySource
2023-11-30 15:13:59,806 [main] INFO  com.ulisesbocchio.jasyptspringboot.EncryptablePropertySourceConverter(makeEncryptable:105) - Skipping PropertySource servletContextInitParams [class org.springframework.core.env.PropertySource$StubPropertySource
2023-11-30 15:13:59,807 [main] INFO  com.ulisesbocchio.jasyptspringboot.EncryptablePropertySourceConverter(makeEncryptable:110) - Converting PropertySource systemProperties [org.springframework.core.env.PropertiesPropertySource] to EncryptableMapPropertySourceWrapper
2023-11-30 15:13:59,807 [main] INFO  com.ulisesbocchio.jasyptspringboot.EncryptablePropertySourceConverter(makeEncryptable:110) - Converting PropertySource systemEnvironment [org.springframework.boot.env.SystemEnvironmentPropertySourceEnvironmentPostProcessor$OriginAwareSystemEnvironmentPropertySource] to EncryptableSystemEnvironmentPropertySourceWrapper
2023-11-30 15:13:59,807 [main] INFO  com.ulisesbocchio.jasyptspringboot.EncryptablePropertySourceConverter(makeEncryptable:110) - Converting PropertySource random [org.springframework.boot.env.RandomValuePropertySource] to EncryptablePropertySourceWrapper
2023-11-30 15:13:59,807 [main] INFO  com.ulisesbocchio.jasyptspringboot.EncryptablePropertySourceConverter(makeEncryptable:110) - Converting PropertySource Config resource 'class path resource [application-prod.yml]' via location 'optional:classpath:/' [org.springframework.boot.env.OriginTrackedMapPropertySource] to EncryptableMapPropertySourceWrapper
2023-11-30 15:13:59,807 [main] INFO  com.ulisesbocchio.jasyptspringboot.EncryptablePropertySourceConverter(makeEncryptable:110) - Converting PropertySource Config resource 'class path resource [application.yml]' via location 'optional:classpath:/' [org.springframework.boot.env.OriginTrackedMapPropertySource] to EncryptableMapPropertySourceWrapper
2023-11-30 15:13:59,952 [main] INFO  org.springframework.boot.web.embedded.tomcat.TomcatWebServer(initialize:108) - Tomcat initialized with port(s): 8080 (http)
2023-11-30 15:13:59,957 [main] INFO  org.apache.coyote.http11.Http11NioProtocol(log:173) - Initializing ProtocolHandler ["http-nio-8080"]
2023-11-30 15:13:59,958 [main] INFO  org.apache.catalina.core.StandardService(log:173) - Starting service [Tomcat]
2023-11-30 15:13:59,958 [main] INFO  org.apache.catalina.core.StandardEngine(log:173) - Starting Servlet engine: [Apache Tomcat/10.1.10]
2023-11-30 15:13:59,991 [main] INFO  org.apache.catalina.core.ContainerBase.[Tomcat].[localhost].[/](log:173) - Initializing Spring embedded WebApplicationContext
2023-11-30 15:13:59,992 [main] INFO  org.springframework.boot.web.servlet.context.ServletWebServerApplicationContext(prepareWebApplicationContext:291) - Root WebApplicationContext: initialization completed in 641 ms
2023-11-30 15:14:00,021 [main] INFO  com.ulisesbocchio.jasyptspringboot.filter.DefaultLazyPropertyFilter(lambda$new$2:45) - Property Filter custom Bean not found with name 'encryptablePropertyFilter'. Initializing Default Property Filter
2023-11-30 15:14:00,025 [main] INFO  com.ulisesbocchio.jasyptspringboot.resolver.DefaultLazyPropertyResolver(lambda$new$2:46) - Property Resolver custom Bean not found with name 'encryptablePropertyResolver'. Initializing Default Property Resolver
2023-11-30 15:14:00,026 [main] INFO  com.ulisesbocchio.jasyptspringboot.detector.DefaultLazyPropertyDetector(lambda$new$2:44) - Property Detector custom Bean not found with name 'encryptablePropertyDetector'. Initializing Default Property Detector
2023-11-30 15:14:00,057 [main] INFO  org.hibernate.jpa.internal.util.LogHelper(logPersistenceUnitInformation:31) - HHH000204: Processing PersistenceUnitInfo [name: default]
2023-11-30 15:14:00,080 [main] INFO  org.hibernate.Version(logVersion:44) - HHH000412: Hibernate ORM core version 6.2.5.Final
2023-11-30 15:14:00,081 [main] INFO  org.hibernate.cfg.Environment(<clinit>:191) - HHH000406: Using bytecode reflection optimizer
2023-11-30 15:14:00,085 [main] INFO  org.hibernate.spatial.integration.SpatialService(<init>:42) - HHH80000001: hibernate-spatial integration enabled : true
2023-11-30 15:14:00,143 [main] INFO  com.zaxxer.hikari.HikariDataSource(getConnection:110) - HikariPool-1 - Starting...
2023-11-30 15:14:00,273 [main] INFO  com.zaxxer.hikari.pool.HikariPool(checkFailFast:565) - HikariPool-1 - Added connection com.mysql.cj.jdbc.ConnectionImpl@75a226ea
2023-11-30 15:14:00,274 [main] INFO  com.zaxxer.hikari.HikariDataSource(getConnection:123) - HikariPool-1 - Start completed.
2023-11-30 15:14:00,318 [main] INFO  org.hibernate.spatial(contributeJdbcTypes:28) - HHH80000003: hibernate-spatial adding type contributions from : org.hibernate.spatial.dialect.mysql.MySQLDialectContributor
2023-11-30 15:14:00,373 [main] INFO  org.hibernate.bytecode.internal.BytecodeProviderInitiator(buildBytecodeProvider:53) - HHH000021: Bytecode provider name : bytebuddy
2023-11-30 15:14:00,431 [main] INFO  org.springframework.orm.jpa.persistenceunit.SpringPersistenceUnitInfo(addTransformer:87) - No LoadTimeWeaver setup: ignoring JPA class transformer
2023-11-30 15:14:00,438 [main] INFO  org.hibernate.spatial(contributeJdbcTypes:28) - HHH80000003: hibernate-spatial adding type contributions from : org.hibernate.spatial.dialect.mysql.MySQLDialectContributor
2023-11-30 15:14:00,541 [main] INFO  org.hibernate.bytecode.internal.BytecodeProviderInitiator(buildBytecodeProvider:53) - HHH000021: Bytecode provider name : bytebuddy
2023-11-30 15:14:00,592 [main] INFO  org.hibernate.spatial(contributeFunctions:34) - HHH80000004: hibernate-spatial adding function contributions from : org.hibernate.spatial.dialect.mysql.MySQLDialectContributor
2023-11-30 15:14:00,926 [main] INFO  org.hibernate.engine.transaction.jta.platform.internal.JtaPlatformInitiator(initiateService:51) - HHH000490: Using JtaPlatform implementation: [org.hibernate.engine.transaction.jta.platform.internal.NoJtaPlatform]
2023-11-30 15:14:04,367 [main] INFO  org.springframework.orm.jpa.LocalContainerEntityManagerFactoryBean(buildNativeEntityManagerFactory:437) - Initialized JPA EntityManagerFactory for persistence unit 'default'
2023-11-30 15:14:04,378 [main] INFO  org.hibernate.jpa.internal.util.LogHelper(logPersistenceUnitInformation:31) - HHH000204: Processing PersistenceUnitInfo [name: default]
2023-11-30 15:14:04,380 [main] INFO  org.hibernate.spatial.integration.SpatialService(<init>:42) - HHH80000001: hibernate-spatial integration enabled : true
2023-11-30 15:14:04,384 [main] INFO  com.zaxxer.hikari.HikariDataSource(getConnection:110) - HikariPool-2 - Starting...
2023-11-30 15:14:04,542 [main] INFO  com.zaxxer.hikari.pool.HikariPool(checkFailFast:565) - HikariPool-2 - Added connection org.postgresql.jdbc.PgConnection@15844237
2023-11-30 15:14:04,542 [main] INFO  com.zaxxer.hikari.HikariDataSource(getConnection:123) - HikariPool-2 - Start completed.
2023-11-30 15:14:04,571 [main] INFO  org.hibernate.spatial(contributeJdbcTypes:28) - HHH80000003: hibernate-spatial adding type contributions from : org.hibernate.spatial.dialect.postgis.PostgisDialectContributor
2023-11-30 15:14:04,596 [main] INFO  org.hibernate.bytecode.internal.BytecodeProviderInitiator(buildBytecodeProvider:53) - HHH000021: Bytecode provider name : bytebuddy
2023-11-30 15:14:04,596 [main] INFO  org.springframework.orm.jpa.persistenceunit.SpringPersistenceUnitInfo(addTransformer:87) - No LoadTimeWeaver setup: ignoring JPA class transformer
2023-11-30 15:14:04,598 [main] INFO  org.hibernate.spatial(contributeJdbcTypes:28) - HHH80000003: hibernate-spatial adding type contributions from : org.hibernate.spatial.dialect.postgis.PostgisDialectContributor
2023-11-30 15:14:04,604 [main] INFO  org.hibernate.bytecode.internal.BytecodeProviderInitiator(buildBytecodeProvider:53) - HHH000021: Bytecode provider name : bytebuddy
2023-11-30 15:14:04,609 [main] INFO  org.hibernate.spatial(contributeFunctions:41) - HHH80000004: hibernate-spatial adding function contributions from : org.hibernate.spatial.dialect.postgis.PostgisDialectContributor
2023-11-30 15:14:04,631 [main] INFO  org.hibernate.engine.transaction.jta.platform.internal.JtaPlatformInitiator(initiateService:51) - HHH000490: Using JtaPlatform implementation: [org.hibernate.engine.transaction.jta.platform.internal.NoJtaPlatform]
2023-11-30 15:14:04,794 [main] INFO  org.springframework.orm.jpa.LocalContainerEntityManagerFactoryBean(buildNativeEntityManagerFactory:437) - Initialized JPA EntityManagerFactory for persistence unit 'default'
2023-11-30 15:14:04,919 [main] INFO  org.springframework.data.jpa.repository.query.QueryEnhancerFactory(<clinit>:47) - Hibernate is in classpath; If applicable, HQL parser will be used.
2023-11-30 15:14:06,298 [main] WARN  org.springframework.boot.autoconfigure.orm.jpa.JpaBaseConfiguration$JpaWebConfiguration(openEntityManagerInViewInterceptor:231) - spring.jpa.open-in-view is enabled by default. Therefore, database queries may be performed during view rendering. Explicitly configure spring.jpa.open-in-view to disable this warning
2023-11-30 15:14:06,471 [main] INFO  org.apache.coyote.http11.Http11NioProtocol(log:173) - Starting ProtocolHandler ["http-nio-8080"]
2023-11-30 15:14:06,480 [main] INFO  org.springframework.boot.web.embedded.tomcat.TomcatWebServer(start:220) - Tomcat started on port(s): 8080 (http) with context path ''
2023-11-30 15:14:06,480 [main] INFO  com.ulisesbocchio.jasyptspringboot.caching.RefreshScopeRefreshedEventListener(onApplicationEvent:70) - Refreshing cached encryptable property sources on ServletWebServerInitializedEvent
2023-11-30 15:14:06,481 [main] INFO  com.ulisesbocchio.jasyptspringboot.caching.CachingDelegateEncryptablePropertySource(refresh:92) - Property Source systemProperties refreshed
2023-11-30 15:14:06,481 [main] INFO  com.ulisesbocchio.jasyptspringboot.caching.CachingDelegateEncryptablePropertySource(refresh:92) - Property Source systemEnvironment refreshed
2023-11-30 15:14:06,481 [main] INFO  com.ulisesbocchio.jasyptspringboot.caching.CachingDelegateEncryptablePropertySource(refresh:92) - Property Source random refreshed
2023-11-30 15:14:06,481 [main] INFO  com.ulisesbocchio.jasyptspringboot.caching.CachingDelegateEncryptablePropertySource(refresh:92) - Property Source Config resource 'class path resource [application-prod.yml]' via location 'optional:classpath:/' refreshed
2023-11-30 15:14:06,481 [main] INFO  com.ulisesbocchio.jasyptspringboot.caching.CachingDelegateEncryptablePropertySource(refresh:92) - Property Source Config resource 'class path resource [application.yml]' via location 'optional:classpath:/' refreshed
2023-11-30 15:14:06,481 [main] INFO  com.ulisesbocchio.jasyptspringboot.EncryptablePropertySourceConverter(makeEncryptable:105) - Skipping PropertySource configurationProperties [class org.springframework.boot.context.properties.source.ConfigurationPropertySourcesPropertySource
2023-11-30 15:14:06,481 [main] INFO  com.ulisesbocchio.jasyptspringboot.EncryptablePropertySourceConverter(makeEncryptable:105) - Skipping PropertySource servletConfigInitParams [class org.springframework.core.env.PropertySource$StubPropertySource
2023-11-30 15:14:06,481 [main] INFO  com.ulisesbocchio.jasyptspringboot.EncryptablePropertySourceConverter(makeEncryptable:110) - Converting PropertySource servletContextInitParams [org.springframework.web.context.support.ServletContextPropertySource] to EncryptableEnumerablePropertySourceWrapper
2023-11-30 15:14:06,488 [main] INFO  com.mjuAppSW.joA.JProjectApplication(logStarted:57) - Started JProjectApplication in 7.842 seconds (process running for 8.185)
2023-11-30 15:16:19,503 [RMI TCP Accept-0] WARN  sun.rmi.transport.tcp(log:236) - RMI TCP Accept-0: accept loop for ServerSocket[addr=0.0.0.0/0.0.0.0,localport=49475] throws
java.io.IOException: The server sockets created using the LocalRMIServerSocketFactory only accept connections from clients running on the host where the RMI remote objects have been exported.
	at sun.management.jmxremote.LocalRMIServerSocketFactory$1.accept(LocalRMIServerSocketFactory.java:114) ~[?:?]
	at sun.rmi.transport.tcp.TCPTransport$AcceptLoop.executeAcceptLoop(TCPTransport.java:413) [?:?]
	at sun.rmi.transport.tcp.TCPTransport$AcceptLoop.run(TCPTransport.java:377) [?:?]
	at java.lang.Thread.run(Thread.java:833) [?:?]
2023-11-30 15:16:19,655 [main] INFO  org.springframework.boot.web.embedded.tomcat.TomcatWebServer(initialize:108) - Tomcat initialized with port(s): 8080 (http)
2023-11-30 15:16:19,689 [main] INFO  org.springframework.boot.web.servlet.context.ServletWebServerApplicationContext(prepareWebApplicationContext:291) - Root WebApplicationContext: initialization completed in 142472 ms
2023-11-30 15:16:19,719 [main] INFO  com.ulisesbocchio.jasyptspringboot.filter.DefaultLazyPropertyFilter(lambda$new$2:45) - Property Filter custom Bean not found with name 'encryptablePropertyFilter'. Initializing Default Property Filter
2023-11-30 15:16:19,723 [main] INFO  com.ulisesbocchio.jasyptspringboot.resolver.DefaultLazyPropertyResolver(lambda$new$2:46) - Property Resolver custom Bean not found with name 'encryptablePropertyResolver'. Initializing Default Property Resolver
2023-11-30 15:16:19,724 [main] INFO  com.ulisesbocchio.jasyptspringboot.detector.DefaultLazyPropertyDetector(lambda$new$2:44) - Property Detector custom Bean not found with name 'encryptablePropertyDetector'. Initializing Default Property Detector
2023-11-30 15:16:19,756 [main] INFO  org.hibernate.jpa.internal.util.LogHelper(logPersistenceUnitInformation:31) - HHH000204: Processing PersistenceUnitInfo [name: default]
2023-11-30 15:16:19,777 [main] INFO  org.hibernate.Version(logVersion:44) - HHH000412: Hibernate ORM core version 6.2.5.Final
2023-11-30 15:16:19,778 [main] INFO  org.hibernate.cfg.Environment(<clinit>:191) - HHH000406: Using bytecode reflection optimizer
2023-11-30 15:16:19,782 [main] INFO  org.hibernate.spatial.integration.SpatialService(<init>:42) - HHH80000001: hibernate-spatial integration enabled : true
2023-11-30 15:16:19,838 [main] INFO  com.zaxxer.hikari.HikariDataSource(getConnection:110) - HikariPool-1 - Starting...
2023-11-30 15:16:20,004 [main] INFO  com.zaxxer.hikari.pool.HikariPool(checkFailFast:565) - HikariPool-1 - Added connection com.mysql.cj.jdbc.ConnectionImpl@9f2376f
2023-11-30 15:16:20,005 [main] INFO  com.zaxxer.hikari.HikariDataSource(getConnection:123) - HikariPool-1 - Start completed.
2023-11-30 15:16:20,076 [main] INFO  org.hibernate.spatial(contributeJdbcTypes:28) - HHH80000003: hibernate-spatial adding type contributions from : org.hibernate.spatial.dialect.mysql.MySQLDialectContributor
2023-11-30 15:16:20,173 [main] INFO  org.hibernate.bytecode.internal.BytecodeProviderInitiator(buildBytecodeProvider:53) - HHH000021: Bytecode provider name : bytebuddy
2023-11-30 15:16:20,233 [main] INFO  org.springframework.orm.jpa.persistenceunit.SpringPersistenceUnitInfo(addTransformer:87) - No LoadTimeWeaver setup: ignoring JPA class transformer
2023-11-30 15:16:20,241 [main] INFO  org.hibernate.spatial(contributeJdbcTypes:28) - HHH80000003: hibernate-spatial adding type contributions from : org.hibernate.spatial.dialect.mysql.MySQLDialectContributor
2023-11-30 15:16:20,340 [main] INFO  org.hibernate.bytecode.internal.BytecodeProviderInitiator(buildBytecodeProvider:53) - HHH000021: Bytecode provider name : bytebuddy
2023-11-30 15:16:20,393 [main] INFO  org.hibernate.spatial(contributeFunctions:34) - HHH80000004: hibernate-spatial adding function contributions from : org.hibernate.spatial.dialect.mysql.MySQLDialectContributor
2023-11-30 15:16:20,738 [main] INFO  org.hibernate.engine.transaction.jta.platform.internal.JtaPlatformInitiator(initiateService:51) - HHH000490: Using JtaPlatform implementation: [org.hibernate.engine.transaction.jta.platform.internal.NoJtaPlatform]
2023-11-30 15:16:23,639 [main] INFO  org.springframework.orm.jpa.LocalContainerEntityManagerFactoryBean(buildNativeEntityManagerFactory:437) - Initialized JPA EntityManagerFactory for persistence unit 'default'
2023-11-30 15:16:23,656 [main] INFO  org.hibernate.jpa.internal.util.LogHelper(logPersistenceUnitInformation:31) - HHH000204: Processing PersistenceUnitInfo [name: default]
2023-11-30 15:16:23,659 [main] INFO  org.hibernate.spatial.integration.SpatialService(<init>:42) - HHH80000001: hibernate-spatial integration enabled : true
2023-11-30 15:16:23,663 [main] INFO  com.zaxxer.hikari.HikariDataSource(getConnection:110) - HikariPool-2 - Starting...
2023-11-30 15:16:23,820 [main] INFO  com.zaxxer.hikari.pool.HikariPool(checkFailFast:565) - HikariPool-2 - Added connection org.postgresql.jdbc.PgConnection@1dc37d4f
2023-11-30 15:16:23,820 [main] INFO  com.zaxxer.hikari.HikariDataSource(getConnection:123) - HikariPool-2 - Start completed.
2023-11-30 15:16:23,847 [main] INFO  org.hibernate.spatial(contributeJdbcTypes:28) - HHH80000003: hibernate-spatial adding type contributions from : org.hibernate.spatial.dialect.postgis.PostgisDialectContributor
2023-11-30 15:16:23,872 [main] INFO  org.hibernate.bytecode.internal.BytecodeProviderInitiator(buildBytecodeProvider:53) - HHH000021: Bytecode provider name : bytebuddy
2023-11-30 15:16:23,872 [main] INFO  org.springframework.orm.jpa.persistenceunit.SpringPersistenceUnitInfo(addTransformer:87) - No LoadTimeWeaver setup: ignoring JPA class transformer
2023-11-30 15:16:23,874 [main] INFO  org.hibernate.spatial(contributeJdbcTypes:28) - HHH80000003: hibernate-spatial adding type contributions from : org.hibernate.spatial.dialect.postgis.PostgisDialectContributor
2023-11-30 15:16:23,880 [main] INFO  org.hibernate.bytecode.internal.BytecodeProviderInitiator(buildBytecodeProvider:53) - HHH000021: Bytecode provider name : bytebuddy
2023-11-30 15:16:23,885 [main] INFO  org.hibernate.spatial(contributeFunctions:41) - HHH80000004: hibernate-spatial adding function contributions from : org.hibernate.spatial.dialect.postgis.PostgisDialectContributor
2023-11-30 15:16:23,904 [main] INFO  org.hibernate.engine.transaction.jta.platform.internal.JtaPlatformInitiator(initiateService:51) - HHH000490: Using JtaPlatform implementation: [org.hibernate.engine.transaction.jta.platform.internal.NoJtaPlatform]
2023-11-30 15:16:24,048 [main] INFO  org.springframework.orm.jpa.LocalContainerEntityManagerFactoryBean(buildNativeEntityManagerFactory:437) - Initialized JPA EntityManagerFactory for persistence unit 'default'
2023-11-30 15:16:24,170 [main] INFO  org.springframework.data.jpa.repository.query.QueryEnhancerFactory(<clinit>:47) - Hibernate is in classpath; If applicable, HQL parser will be used.
2023-11-30 15:16:25,569 [main] WARN  org.springframework.boot.autoconfigure.orm.jpa.JpaBaseConfiguration$JpaWebConfiguration(openEntityManagerInViewInterceptor:231) - spring.jpa.open-in-view is enabled by default. Therefore, database queries may be performed during view rendering. Explicitly configure spring.jpa.open-in-view to disable this warning
2023-11-30 15:16:25,748 [main] WARN  org.springframework.boot.web.servlet.context.AnnotationConfigServletWebServerApplicationContext(refresh:616) - Exception encountered during context initialization - cancelling refresh attempt: org.springframework.context.ApplicationContextException: Failed to start bean 'webServerStartStop'
2023-11-30 15:16:25,750 [main] INFO  org.springframework.orm.jpa.LocalContainerEntityManagerFactoryBean(destroy:650) - Closing JPA EntityManagerFactory for persistence unit 'default'
2023-11-30 15:16:25,751 [main] INFO  com.zaxxer.hikari.HikariDataSource(close:350) - HikariPool-2 - Shutdown initiated...
2023-11-30 15:16:25,753 [main] INFO  com.zaxxer.hikari.HikariDataSource(close:352) - HikariPool-2 - Shutdown completed.
2023-11-30 15:16:25,753 [main] INFO  org.springframework.orm.jpa.LocalContainerEntityManagerFactoryBean(destroy:650) - Closing JPA EntityManagerFactory for persistence unit 'default'
2023-11-30 15:16:25,753 [main] INFO  com.zaxxer.hikari.HikariDataSource(close:350) - HikariPool-1 - Shutdown initiated...
2023-11-30 15:16:25,839 [main] INFO  com.zaxxer.hikari.HikariDataSource(close:352) - HikariPool-1 - Shutdown completed.
2023-11-30 15:16:27,247 [SpringApplicationShutdownHook] INFO  org.springframework.orm.jpa.LocalContainerEntityManagerFactoryBean(destroy:650) - Closing JPA EntityManagerFactory for persistence unit 'default'
2023-11-30 15:16:27,248 [SpringApplicationShutdownHook] INFO  com.zaxxer.hikari.HikariDataSource(close:350) - HikariPool-2 - Shutdown initiated...
2023-11-30 15:16:27,251 [SpringApplicationShutdownHook] INFO  com.zaxxer.hikari.HikariDataSource(close:352) - HikariPool-2 - Shutdown completed.
2023-11-30 15:16:27,252 [SpringApplicationShutdownHook] INFO  org.springframework.orm.jpa.LocalContainerEntityManagerFactoryBean(destroy:650) - Closing JPA EntityManagerFactory for persistence unit 'default'
2023-11-30 15:16:27,252 [SpringApplicationShutdownHook] INFO  com.zaxxer.hikari.HikariDataSource(close:350) - HikariPool-1 - Shutdown initiated...
2023-11-30 15:16:27,337 [SpringApplicationShutdownHook] INFO  com.zaxxer.hikari.HikariDataSource(close:352) - HikariPool-1 - Shutdown completed.
2023-11-30 15:34:42,112 [Test worker] INFO  org.springframework.test.context.support.AnnotationConfigContextLoaderUtils(detectDefaultConfigurationClasses:83) - Could not detect default configuration classes for test class [com.mjuAppSW.joA.JProjectApplicationTests]: JProjectApplicationTests does not declare any static, non-private, non-final, nested classes annotated with @Configuration.
2023-11-30 15:34:42,159 [Test worker] INFO  org.springframework.boot.test.context.SpringBootTestContextBootstrapper(getOrFindConfigurationClasses:248) - Found @SpringBootConfiguration com.mjuAppSW.joA.JProjectApplication for test class com.mjuAppSW.joA.JProjectApplicationTests
2023-11-30 15:34:42,331 [background-preinit] INFO  org.hibernate.validator.internal.util.Version(<clinit>:21) - HV000001: Hibernate Validator 8.0.0.Final
2023-11-30 15:34:42,342 [Test worker] INFO  com.mjuAppSW.joA.JProjectApplicationTests(logStarting:51) - Starting JProjectApplicationTests using Java 17.0.5 with PID 1133 (started by mimi in /Users/mimi/Desktop/JProject)
2023-11-30 15:34:43,022 [Test worker] INFO  com.mjuAppSW.joA.JProjectApplicationTests(logStartupProfileInfo:640) - The following 1 profile is active: "prod"
2023-11-30 15:34:43,477 [Test worker] INFO  org.springframework.data.repository.config.RepositoryConfigurationDelegate(registerRepositoriesIn:138) - Bootstrapping Spring Data JPA repositories in DEFAULT mode.
2023-11-30 15:34:43,514 [Test worker] INFO  org.springframework.data.repository.config.RepositoryConfigurationDelegate(registerRepositoriesIn:208) - Finished Spring Data repository scanning in 33 ms. Found 11 JPA repository interfaces.
2023-11-30 15:34:43,514 [Test worker] INFO  org.springframework.data.repository.config.RepositoryConfigurationDelegate(registerRepositoriesIn:138) - Bootstrapping Spring Data JPA repositories in DEFAULT mode.
2023-11-30 15:34:43,520 [Test worker] INFO  org.springframework.data.repository.config.RepositoryConfigurationDelegate(registerRepositoriesIn:208) - Finished Spring Data repository scanning in 5 ms. Found 3 JPA repository interfaces.
2023-11-30 15:34:43,725 [Test worker] INFO  com.ulisesbocchio.jasyptspringboot.configuration.EnableEncryptablePropertiesBeanFactoryPostProcessor(postProcessBeanFactory:44) - Post-processing PropertySource instances
2023-11-30 15:34:43,727 [Test worker] INFO  com.ulisesbocchio.jasyptspringboot.EncryptablePropertySourceConverter(makeEncryptable:105) - Skipping PropertySource configurationProperties [class org.springframework.boot.context.properties.source.ConfigurationPropertySourcesPropertySource
2023-11-30 15:34:43,727 [Test worker] INFO  com.ulisesbocchio.jasyptspringboot.EncryptablePropertySourceConverter(makeEncryptable:110) - Converting PropertySource test [org.springframework.core.env.MapPropertySource] to EncryptableMapPropertySourceWrapper
2023-11-30 15:34:43,728 [Test worker] INFO  com.ulisesbocchio.jasyptspringboot.EncryptablePropertySourceConverter(makeEncryptable:110) - Converting PropertySource Inlined Test Properties [org.springframework.core.env.MapPropertySource] to EncryptableMapPropertySourceWrapper
2023-11-30 15:34:43,728 [Test worker] INFO  com.ulisesbocchio.jasyptspringboot.EncryptablePropertySourceConverter(makeEncryptable:105) - Skipping PropertySource servletConfigInitParams [class org.springframework.core.env.PropertySource$StubPropertySource
2023-11-30 15:34:43,728 [Test worker] INFO  com.ulisesbocchio.jasyptspringboot.EncryptablePropertySourceConverter(makeEncryptable:110) - Converting PropertySource servletContextInitParams [org.springframework.web.context.support.ServletContextPropertySource] to EncryptableEnumerablePropertySourceWrapper
2023-11-30 15:34:43,728 [Test worker] INFO  com.ulisesbocchio.jasyptspringboot.EncryptablePropertySourceConverter(makeEncryptable:110) - Converting PropertySource systemProperties [org.springframework.core.env.PropertiesPropertySource] to EncryptableMapPropertySourceWrapper
2023-11-30 15:34:43,728 [Test worker] INFO  com.ulisesbocchio.jasyptspringboot.EncryptablePropertySourceConverter(makeEncryptable:110) - Converting PropertySource systemEnvironment [org.springframework.boot.env.SystemEnvironmentPropertySourceEnvironmentPostProcessor$OriginAwareSystemEnvironmentPropertySource] to EncryptableSystemEnvironmentPropertySourceWrapper
2023-11-30 15:34:43,728 [Test worker] INFO  com.ulisesbocchio.jasyptspringboot.EncryptablePropertySourceConverter(makeEncryptable:110) - Converting PropertySource random [org.springframework.boot.env.RandomValuePropertySource] to EncryptablePropertySourceWrapper
2023-11-30 15:34:43,728 [Test worker] INFO  com.ulisesbocchio.jasyptspringboot.EncryptablePropertySourceConverter(makeEncryptable:110) - Converting PropertySource Config resource 'class path resource [application-prod.yml]' via location 'optional:classpath:/' [org.springframework.boot.env.OriginTrackedMapPropertySource] to EncryptableMapPropertySourceWrapper
2023-11-30 15:34:43,729 [Test worker] INFO  com.ulisesbocchio.jasyptspringboot.EncryptablePropertySourceConverter(makeEncryptable:110) - Converting PropertySource Config resource 'class path resource [application.yml]' via location 'optional:classpath:/' [org.springframework.boot.env.OriginTrackedMapPropertySource] to EncryptableMapPropertySourceWrapper
2023-11-30 15:34:43,777 [Test worker] INFO  com.ulisesbocchio.jasyptspringboot.filter.DefaultLazyPropertyFilter(lambda$new$2:45) - Property Filter custom Bean not found with name 'encryptablePropertyFilter'. Initializing Default Property Filter
2023-11-30 15:34:43,784 [Test worker] INFO  com.ulisesbocchio.jasyptspringboot.resolver.DefaultLazyPropertyResolver(lambda$new$2:46) - Property Resolver custom Bean not found with name 'encryptablePropertyResolver'. Initializing Default Property Resolver
2023-11-30 15:34:43,785 [Test worker] INFO  com.ulisesbocchio.jasyptspringboot.detector.DefaultLazyPropertyDetector(lambda$new$2:44) - Property Detector custom Bean not found with name 'encryptablePropertyDetector'. Initializing Default Property Detector
2023-11-30 15:34:43,822 [Test worker] INFO  org.hibernate.jpa.internal.util.LogHelper(logPersistenceUnitInformation:31) - HHH000204: Processing PersistenceUnitInfo [name: default]
2023-11-30 15:34:43,844 [Test worker] INFO  org.hibernate.Version(logVersion:44) - HHH000412: Hibernate ORM core version 6.2.5.Final
2023-11-30 15:34:43,845 [Test worker] INFO  org.hibernate.cfg.Environment(<clinit>:191) - HHH000406: Using bytecode reflection optimizer
2023-11-30 15:34:43,849 [Test worker] INFO  org.hibernate.spatial.integration.SpatialService(<init>:42) - HHH80000001: hibernate-spatial integration enabled : true
2023-11-30 15:34:43,902 [Test worker] INFO  com.zaxxer.hikari.HikariDataSource(getConnection:110) - HikariPool-1 - Starting...
2023-11-30 15:34:44,107 [Test worker] INFO  com.zaxxer.hikari.pool.HikariPool(checkFailFast:565) - HikariPool-1 - Added connection com.mysql.cj.jdbc.ConnectionImpl@6d6f6ca9
2023-11-30 15:34:44,109 [Test worker] INFO  com.zaxxer.hikari.HikariDataSource(getConnection:123) - HikariPool-1 - Start completed.
2023-11-30 15:34:44,176 [Test worker] INFO  org.hibernate.spatial(contributeJdbcTypes:28) - HHH80000003: hibernate-spatial adding type contributions from : org.hibernate.spatial.dialect.mysql.MySQLDialectContributor
2023-11-30 15:34:44,196 [Test worker] INFO  org.hibernate.bytecode.internal.BytecodeProviderInitiator(buildBytecodeProvider:53) - HHH000021: Bytecode provider name : bytebuddy
2023-11-30 15:34:44,247 [Test worker] INFO  org.springframework.orm.jpa.persistenceunit.SpringPersistenceUnitInfo(addTransformer:87) - No LoadTimeWeaver setup: ignoring JPA class transformer
2023-11-30 15:34:44,255 [Test worker] INFO  org.hibernate.spatial(contributeJdbcTypes:28) - HHH80000003: hibernate-spatial adding type contributions from : org.hibernate.spatial.dialect.mysql.MySQLDialectContributor
2023-11-30 15:34:44,367 [Test worker] INFO  org.hibernate.bytecode.internal.BytecodeProviderInitiator(buildBytecodeProvider:53) - HHH000021: Bytecode provider name : bytebuddy
2023-11-30 15:34:44,421 [Test worker] INFO  org.hibernate.spatial(contributeFunctions:34) - HHH80000004: hibernate-spatial adding function contributions from : org.hibernate.spatial.dialect.mysql.MySQLDialectContributor
2023-11-30 15:34:44,758 [Test worker] INFO  org.hibernate.engine.transaction.jta.platform.internal.JtaPlatformInitiator(initiateService:51) - HHH000490: Using JtaPlatform implementation: [org.hibernate.engine.transaction.jta.platform.internal.NoJtaPlatform]
2023-11-30 15:34:44,849 [Test worker] INFO  org.springframework.orm.jpa.LocalContainerEntityManagerFactoryBean(buildNativeEntityManagerFactory:437) - Initialized JPA EntityManagerFactory for persistence unit 'default'
2023-11-30 15:34:44,858 [Test worker] INFO  org.hibernate.jpa.internal.util.LogHelper(logPersistenceUnitInformation:31) - HHH000204: Processing PersistenceUnitInfo [name: default]
2023-11-30 15:34:44,859 [Test worker] INFO  org.hibernate.spatial.integration.SpatialService(<init>:42) - HHH80000001: hibernate-spatial integration enabled : true
2023-11-30 15:34:44,861 [Test worker] INFO  com.zaxxer.hikari.HikariDataSource(getConnection:110) - HikariPool-2 - Starting...
2023-11-30 15:34:45,258 [Test worker] INFO  com.zaxxer.hikari.pool.HikariPool(checkFailFast:565) - HikariPool-2 - Added connection org.postgresql.jdbc.PgConnection@3aec2f59
2023-11-30 15:34:45,258 [Test worker] INFO  com.zaxxer.hikari.HikariDataSource(getConnection:123) - HikariPool-2 - Start completed.
2023-11-30 15:34:45,346 [Test worker] INFO  org.hibernate.spatial(contributeJdbcTypes:28) - HHH80000003: hibernate-spatial adding type contributions from : org.hibernate.spatial.dialect.postgis.PostgisDialectContributor
2023-11-30 15:34:45,348 [Test worker] INFO  org.hibernate.bytecode.internal.BytecodeProviderInitiator(buildBytecodeProvider:53) - HHH000021: Bytecode provider name : bytebuddy
2023-11-30 15:34:45,348 [Test worker] INFO  org.springframework.orm.jpa.persistenceunit.SpringPersistenceUnitInfo(addTransformer:87) - No LoadTimeWeaver setup: ignoring JPA class transformer
2023-11-30 15:34:45,351 [Test worker] INFO  org.hibernate.spatial(contributeJdbcTypes:28) - HHH80000003: hibernate-spatial adding type contributions from : org.hibernate.spatial.dialect.postgis.PostgisDialectContributor
2023-11-30 15:34:45,359 [Test worker] INFO  org.hibernate.bytecode.internal.BytecodeProviderInitiator(buildBytecodeProvider:53) - HHH000021: Bytecode provider name : bytebuddy
2023-11-30 15:34:45,363 [Test worker] INFO  org.hibernate.spatial(contributeFunctions:41) - HHH80000004: hibernate-spatial adding function contributions from : org.hibernate.spatial.dialect.postgis.PostgisDialectContributor
2023-11-30 15:34:45,381 [Test worker] INFO  org.hibernate.engine.transaction.jta.platform.internal.JtaPlatformInitiator(initiateService:51) - HHH000490: Using JtaPlatform implementation: [org.hibernate.engine.transaction.jta.platform.internal.NoJtaPlatform]
2023-11-30 15:34:45,481 [Test worker] INFO  org.springframework.orm.jpa.LocalContainerEntityManagerFactoryBean(buildNativeEntityManagerFactory:437) - Initialized JPA EntityManagerFactory for persistence unit 'default'
2023-11-30 15:34:45,605 [Test worker] INFO  org.springframework.data.jpa.repository.query.QueryEnhancerFactory(<clinit>:47) - Hibernate is in classpath; If applicable, HQL parser will be used.
2023-11-30 15:34:46,607 [Test worker] WARN  org.springframework.boot.autoconfigure.orm.jpa.JpaBaseConfiguration$JpaWebConfiguration(openEntityManagerInViewInterceptor:231) - spring.jpa.open-in-view is enabled by default. Therefore, database queries may be performed during view rendering. Explicitly configure spring.jpa.open-in-view to disable this warning
2023-11-30 15:34:46,765 [Test worker] INFO  com.mjuAppSW.joA.JProjectApplicationTests(logStarted:57) - Started JProjectApplicationTests in 4.553 seconds (process running for 5.312)
2023-11-30 15:34:47,285 [SpringApplicationShutdownHook] INFO  org.springframework.orm.jpa.LocalContainerEntityManagerFactoryBean(destroy:650) - Closing JPA EntityManagerFactory for persistence unit 'default'
2023-11-30 15:34:47,286 [SpringApplicationShutdownHook] INFO  com.zaxxer.hikari.HikariDataSource(close:350) - HikariPool-2 - Shutdown initiated...
2023-11-30 15:34:47,288 [SpringApplicationShutdownHook] INFO  com.zaxxer.hikari.HikariDataSource(close:352) - HikariPool-2 - Shutdown completed.
2023-11-30 15:34:47,289 [SpringApplicationShutdownHook] INFO  org.springframework.orm.jpa.LocalContainerEntityManagerFactoryBean(destroy:650) - Closing JPA EntityManagerFactory for persistence unit 'default'
2023-11-30 15:34:47,289 [SpringApplicationShutdownHook] INFO  com.zaxxer.hikari.HikariDataSource(close:350) - HikariPool-1 - Shutdown initiated...
2023-11-30 15:34:47,497 [SpringApplicationShutdownHook] INFO  com.zaxxer.hikari.HikariDataSource(close:352) - HikariPool-1 - Shutdown completed.
